TN:verilator_coverage
SF:../../Database/RTL/aes_controller.v
DA:11,100029
BRDA:11,0,0,100029
BRDA:11,0,1,100029
DA:12,1
BRDA:12,0,0,1
BRDA:12,0,1,0
DA:15,0
BRDA:15,0,0,0
BRDA:15,0,1,0
BRDA:15,0,2,0
BRDA:15,0,3,0
BRDA:15,0,4,0
BRDA:15,0,5,0
BRDA:15,0,6,0
BRDA:15,0,7,0
BRDA:15,0,8,0
BRDA:15,0,9,0
BRDA:15,0,10,0
BRDA:15,0,11,0
BRDA:15,0,12,0
BRDA:15,0,13,0
BRDA:15,0,14,0
BRDA:15,0,15,0
BRDA:15,0,16,0
BRDA:15,0,17,0
BRDA:15,0,18,0
BRDA:15,0,19,0
BRDA:15,0,20,0
BRDA:15,0,21,0
BRDA:15,0,22,0
BRDA:15,0,23,0
BRDA:15,0,24,0
BRDA:15,0,25,0
BRDA:15,0,26,0
BRDA:15,0,27,0
BRDA:15,0,28,0
BRDA:15,0,29,0
BRDA:15,0,30,0
BRDA:15,0,31,0
BRDA:15,0,32,0
BRDA:15,0,33,0
BRDA:15,0,34,0
BRDA:15,0,35,0
BRDA:15,0,36,0
BRDA:15,0,37,0
BRDA:15,0,38,0
BRDA:15,0,39,0
BRDA:15,0,40,0
BRDA:15,0,41,0
BRDA:15,0,42,0
BRDA:15,0,43,0
BRDA:15,0,44,0
BRDA:15,0,45,0
BRDA:15,0,46,0
BRDA:15,0,47,0
BRDA:15,0,48,0
BRDA:15,0,49,0
BRDA:15,0,50,0
BRDA:15,0,51,0
BRDA:15,0,52,0
BRDA:15,0,53,0
BRDA:15,0,54,0
BRDA:15,0,55,0
BRDA:15,0,56,0
BRDA:15,0,57,0
BRDA:15,0,58,0
BRDA:15,0,59,0
BRDA:15,0,60,0
BRDA:15,0,61,0
BRDA:15,0,62,0
BRDA:15,0,63,0
DA:16,1
BRDA:16,0,0,0
BRDA:16,0,1,0
BRDA:16,0,2,0
BRDA:16,0,3,0
BRDA:16,0,4,0
BRDA:16,0,5,0
BRDA:16,0,6,0
BRDA:16,0,7,0
BRDA:16,0,8,0
BRDA:16,0,9,0
BRDA:16,0,10,0
BRDA:16,0,11,0
BRDA:16,0,12,0
BRDA:16,0,13,0
BRDA:16,0,14,0
BRDA:16,0,15,0
BRDA:16,0,16,0
BRDA:16,0,17,0
BRDA:16,0,18,0
BRDA:16,0,19,0
BRDA:16,0,20,0
BRDA:16,0,21,0
BRDA:16,0,22,0
BRDA:16,0,23,0
BRDA:16,0,24,0
BRDA:16,0,25,0
BRDA:16,0,26,0
BRDA:16,0,27,0
BRDA:16,0,28,0
BRDA:16,0,29,0
BRDA:16,0,30,0
BRDA:16,0,31,0
BRDA:16,0,32,0
BRDA:16,0,33,0
BRDA:16,0,34,0
BRDA:16,0,35,0
BRDA:16,0,36,0
BRDA:16,0,37,0
BRDA:16,0,38,0
BRDA:16,0,39,0
BRDA:16,0,40,0
BRDA:16,0,41,0
BRDA:16,0,42,0
BRDA:16,0,43,0
BRDA:16,0,44,0
BRDA:16,0,45,0
BRDA:16,0,46,0
BRDA:16,0,47,0
BRDA:16,0,48,0
BRDA:16,0,49,0
BRDA:16,0,50,0
BRDA:16,0,51,0
BRDA:16,0,52,0
BRDA:16,0,53,0
BRDA:16,0,54,0
BRDA:16,0,55,0
BRDA:16,0,56,0
BRDA:16,0,57,0
BRDA:16,0,58,0
BRDA:16,0,59,0
BRDA:16,0,60,0
BRDA:16,0,61,0
BRDA:16,0,62,1
BRDA:16,0,63,0
DA:17,0
BRDA:17,0,0,0
BRDA:17,0,1,0
BRDA:17,0,2,0
BRDA:17,0,3,0
BRDA:17,0,4,0
BRDA:17,0,5,0
BRDA:17,0,6,0
BRDA:17,0,7,0
BRDA:17,0,8,0
BRDA:17,0,9,0
BRDA:17,0,10,0
BRDA:17,0,11,0
BRDA:17,0,12,0
BRDA:17,0,13,0
BRDA:17,0,14,0
BRDA:17,0,15,0
BRDA:17,0,16,0
BRDA:17,0,17,0
BRDA:17,0,18,0
BRDA:17,0,19,0
BRDA:17,0,20,0
BRDA:17,0,21,0
BRDA:17,0,22,0
BRDA:17,0,23,0
BRDA:17,0,24,0
BRDA:17,0,25,0
BRDA:17,0,26,0
BRDA:17,0,27,0
BRDA:17,0,28,0
BRDA:17,0,29,0
BRDA:17,0,30,0
BRDA:17,0,31,0
BRDA:17,0,32,0
BRDA:17,0,33,0
BRDA:17,0,34,0
BRDA:17,0,35,0
BRDA:17,0,36,0
BRDA:17,0,37,0
BRDA:17,0,38,0
BRDA:17,0,39,0
BRDA:17,0,40,0
BRDA:17,0,41,0
BRDA:17,0,42,0
BRDA:17,0,43,0
BRDA:17,0,44,0
BRDA:17,0,45,0
BRDA:17,0,46,0
BRDA:17,0,47,0
BRDA:17,0,48,0
BRDA:17,0,49,0
BRDA:17,0,50,0
BRDA:17,0,51,0
BRDA:17,0,52,0
BRDA:17,0,53,0
BRDA:17,0,54,0
BRDA:17,0,55,0
BRDA:17,0,56,0
BRDA:17,0,57,0
BRDA:17,0,58,0
BRDA:17,0,59,0
BRDA:17,0,60,0
BRDA:17,0,61,0
BRDA:17,0,62,0
BRDA:17,0,63,0
DA:18,0
BRDA:18,0,0,0
BRDA:18,0,1,0
BRDA:18,0,2,0
BRDA:18,0,3,0
BRDA:18,0,4,0
BRDA:18,0,5,0
BRDA:18,0,6,0
BRDA:18,0,7,0
BRDA:18,0,8,0
BRDA:18,0,9,0
BRDA:18,0,10,0
BRDA:18,0,11,0
BRDA:18,0,12,0
BRDA:18,0,13,0
BRDA:18,0,14,0
BRDA:18,0,15,0
BRDA:18,0,16,0
BRDA:18,0,17,0
BRDA:18,0,18,0
BRDA:18,0,19,0
BRDA:18,0,20,0
BRDA:18,0,21,0
BRDA:18,0,22,0
BRDA:18,0,23,0
BRDA:18,0,24,0
BRDA:18,0,25,0
BRDA:18,0,26,0
BRDA:18,0,27,0
BRDA:18,0,28,0
BRDA:18,0,29,0
BRDA:18,0,30,0
BRDA:18,0,31,0
BRDA:18,0,32,0
BRDA:18,0,33,0
BRDA:18,0,34,0
BRDA:18,0,35,0
BRDA:18,0,36,0
BRDA:18,0,37,0
BRDA:18,0,38,0
BRDA:18,0,39,0
BRDA:18,0,40,0
BRDA:18,0,41,0
BRDA:18,0,42,0
BRDA:18,0,43,0
BRDA:18,0,44,0
BRDA:18,0,45,0
BRDA:18,0,46,0
BRDA:18,0,47,0
BRDA:18,0,48,0
BRDA:18,0,49,0
BRDA:18,0,50,0
BRDA:18,0,51,0
BRDA:18,0,52,0
BRDA:18,0,53,0
BRDA:18,0,54,0
BRDA:18,0,55,0
BRDA:18,0,56,0
BRDA:18,0,57,0
BRDA:18,0,58,0
BRDA:18,0,59,0
BRDA:18,0,60,0
BRDA:18,0,61,0
BRDA:18,0,62,0
BRDA:18,0,63,0
DA:19,0
BRDA:19,0,0,0
BRDA:19,0,1,0
DA:22,0
BRDA:22,0,0,0
BRDA:22,0,1,0
DA:23,0
BRDA:23,0,0,0
BRDA:23,0,1,0
DA:24,0
BRDA:24,0,0,0
BRDA:24,0,1,0
DA:25,0
BRDA:25,0,0,0
BRDA:25,0,1,0
DA:28,0
BRDA:28,0,0,0
BRDA:28,0,1,0
DA:29,0
BRDA:29,0,0,0
BRDA:29,0,1,0
DA:30,0
BRDA:30,0,0,0
BRDA:30,0,1,0
DA:31,0
BRDA:31,0,0,0
BRDA:31,0,1,0
DA:34,0
BRDA:34,0,0,0
BRDA:34,0,1,0
DA:37,0
BRDA:37,0,0,0
BRDA:37,0,1,0
BRDA:37,0,2,0
BRDA:37,0,3,0
BRDA:37,0,4,0
BRDA:37,0,5,0
DA:38,0
BRDA:38,0,0,0
BRDA:38,0,1,0
BRDA:38,0,2,0
BRDA:38,0,3,0
DA:39,0
BRDA:39,0,0,0
BRDA:39,0,1,0
DA:40,0
BRDA:40,0,0,0
BRDA:40,0,1,0
DA:43,0
BRDA:43,0,0,0
BRDA:43,0,1,0
DA:44,0
BRDA:44,0,0,0
BRDA:44,0,1,0
DA:49,0
BRDA:49,0,0,0
BRDA:49,0,1,0
DA:50,0
BRDA:50,0,0,0
BRDA:50,0,1,0
DA:51,0
BRDA:51,0,0,0
BRDA:51,0,1,0
DA:57,0
BRDA:57,0,0,0
BRDA:57,0,1,0
BRDA:57,0,2,0
BRDA:57,0,3,0
BRDA:57,0,4,0
BRDA:57,0,5,0
BRDA:57,0,6,0
BRDA:57,0,7,0
DA:89,0
BRDA:89,0,0,0
BRDA:89,0,1,0
BRDA:89,0,2,0
BRDA:89,0,3,0
BRDA:89,0,4,0
BRDA:89,0,5,0
BRDA:89,0,6,0
BRDA:89,0,7,0
BRDA:89,0,8,0
BRDA:89,0,9,0
BRDA:89,0,10,0
BRDA:89,0,11,0
BRDA:89,0,12,0
BRDA:89,0,13,0
BRDA:89,0,14,0
BRDA:89,0,15,0
DA:92,0
BRDA:92,0,0,0
BRDA:92,0,1,0
DA:93,0
BRDA:93,0,0,0
BRDA:93,0,1,0
DA:94,0
BRDA:94,0,0,0
BRDA:94,0,1,0
BRDA:94,0,2,0
BRDA:94,0,3,0
BRDA:94,0,4,0
BRDA:94,0,5,0
DA:95,0
BRDA:95,0,0,0
BRDA:95,0,1,0
DA:96,0
BRDA:96,0,0,0
BRDA:96,0,1,0
DA:97,0
BRDA:97,0,0,0
BRDA:97,0,1,0
DA:106,0
BRDA:106,0,0,0
BRDA:106,0,1,0
BRDA:106,0,2,0
BRDA:106,0,3,0
BRDA:106,0,4,0
BRDA:106,0,5,0
BRDA:106,0,6,0
BRDA:106,0,7,0
DA:107,0
BRDA:107,0,0,0
BRDA:107,0,1,0
DA:108,0
BRDA:108,0,0,0
BRDA:108,0,1,0
DA:111,1
DA:112,1
DA:116,100029
DA:117,10
DA:118,10
DA:119,100019
DA:121,100019
DA:122,0
BRDA:122,0,0,0
BRDA:122,0,1,0
DA:123,0
DA:133,100029
DA:134,100019
BRDA:134,0,0,100019
BRDA:134,0,1,10
DA:135,10
DA:136,100019
DA:137,100019
DA:144,400098
DA:145,400098
DA:148,400098
BRDA:148,0,0,400098
BRDA:148,0,1,0
DA:149,0
DA:150,400098
DA:151,400098
DA:152,400098
DA:153,400098
BRDA:153,0,0,0
BRDA:153,0,1,400098
DA:154,0
DA:157,0
DA:160,0
DA:163,0
DA:166,0
DA:169,0
DA:171,0
DA:174,0
DA:175,0
BRDA:175,0,0,0
BRDA:175,0,1,0
DA:176,0
DA:179,0
DA:180,0
DA:183,0
DA:184,0
BRDA:184,0,0,0
BRDA:184,0,1,0
DA:185,0
DA:188,0
DA:191,0
DA:194,0
DA:195,0
BRDA:195,0,0,0
BRDA:195,0,1,0
DA:196,0
DA:199,0
DA:200,0
DA:203,0
DA:205,0
BRDA:205,0,0,0
BRDA:205,0,1,0
DA:206,0
DA:209,0
DA:217,100029
DA:218,100019
BRDA:218,0,0,100019
BRDA:218,0,1,10
DA:219,10
DA:220,10
DA:221,10
DA:222,10
DA:223,10
DA:224,10
DA:225,10
DA:226,10
DA:227,10
DA:228,10
DA:229,10
DA:230,100019
DA:232,100019
DA:233,100019
DA:234,100019
DA:235,100019
DA:236,100019
DA:239,100019
BRDA:239,0,0,0
BRDA:239,0,1,100019
DA:240,0
DA:241,0
DA:244,100019
DA:245,0
DA:246,0
DA:247,0
DA:250,0
DA:251,0
DA:252,0
DA:253,0
DA:254,0
DA:257,0
DA:258,0
DA:261,0
DA:266,0
DA:267,0
BRDA:267,0,0,0
BRDA:267,0,1,0
DA:268,0
DA:271,0
DA:273,0
BRDA:273,0,0,0
BRDA:273,0,1,0
DA:274,0
DA:275,0
BRDA:275,0,0,0
BRDA:275,0,1,0
DA:276,0
DA:277,0
BRDA:277,0,0,0
BRDA:277,0,1,0
DA:278,0
DA:280,100019
BRF:384
BRH:9
end_of_record
SF:../../Database/RTL/aes_core.v
DA:9,100029
BRDA:9,0,0,100029
BRDA:9,0,1,100029
DA:10,2
BRDA:10,0,0,2
BRDA:10,0,1,0
DA:11,0
BRDA:11,0,0,0
BRDA:11,0,1,0
DA:12,0
BRDA:12,0,0,0
BRDA:12,0,1,0
DA:13,0
BRDA:13,0,0,0
BRDA:13,0,1,0
DA:14,0
BRDA:14,0,0,0
BRDA:14,0,1,0
BRDA:14,0,2,0
BRDA:14,0,3,0
DA:15,0
BRDA:15,0,0,0
BRDA:15,0,1,0
BRDA:15,0,2,0
BRDA:15,0,3,0
BRDA:15,0,4,0
BRDA:15,0,5,0
DA:16,0
BRDA:16,0,0,0
BRDA:16,0,1,0
BRDA:16,0,2,0
BRDA:16,0,3,0
BRDA:16,0,4,0
BRDA:16,0,5,0
BRDA:16,0,6,0
BRDA:16,0,7,0
BRDA:16,0,8,0
BRDA:16,0,9,0
BRDA:16,0,10,0
BRDA:16,0,11,0
BRDA:16,0,12,0
BRDA:16,0,13,0
BRDA:16,0,14,0
BRDA:16,0,15,0
BRDA:16,0,16,0
BRDA:16,0,17,0
BRDA:16,0,18,0
BRDA:16,0,19,0
BRDA:16,0,20,0
BRDA:16,0,21,0
BRDA:16,0,22,0
BRDA:16,0,23,0
BRDA:16,0,24,0
BRDA:16,0,25,0
BRDA:16,0,26,0
BRDA:16,0,27,0
BRDA:16,0,28,0
BRDA:16,0,29,0
BRDA:16,0,30,0
BRDA:16,0,31,0
BRDA:16,0,32,0
BRDA:16,0,33,0
BRDA:16,0,34,0
BRDA:16,0,35,0
BRDA:16,0,36,0
BRDA:16,0,37,0
BRDA:16,0,38,0
BRDA:16,0,39,0
BRDA:16,0,40,0
BRDA:16,0,41,0
BRDA:16,0,42,0
BRDA:16,0,43,0
BRDA:16,0,44,0
BRDA:16,0,45,0
BRDA:16,0,46,0
BRDA:16,0,47,0
BRDA:16,0,48,0
BRDA:16,0,49,0
BRDA:16,0,50,0
BRDA:16,0,51,0
BRDA:16,0,52,0
BRDA:16,0,53,0
BRDA:16,0,54,0
BRDA:16,0,55,0
BRDA:16,0,56,0
BRDA:16,0,57,0
BRDA:16,0,58,0
BRDA:16,0,59,0
BRDA:16,0,60,0
BRDA:16,0,61,0
BRDA:16,0,62,0
BRDA:16,0,63,0
BRDA:16,0,64,0
BRDA:16,0,65,0
BRDA:16,0,66,0
BRDA:16,0,67,0
BRDA:16,0,68,0
BRDA:16,0,69,0
BRDA:16,0,70,0
BRDA:16,0,71,0
BRDA:16,0,72,0
BRDA:16,0,73,0
BRDA:16,0,74,0
BRDA:16,0,75,0
BRDA:16,0,76,0
BRDA:16,0,77,0
BRDA:16,0,78,0
BRDA:16,0,79,0
BRDA:16,0,80,0
BRDA:16,0,81,0
BRDA:16,0,82,0
BRDA:16,0,83,0
BRDA:16,0,84,0
BRDA:16,0,85,0
BRDA:16,0,86,0
BRDA:16,0,87,0
BRDA:16,0,88,0
BRDA:16,0,89,0
BRDA:16,0,90,0
BRDA:16,0,91,0
BRDA:16,0,92,0
BRDA:16,0,93,0
BRDA:16,0,94,0
BRDA:16,0,95,0
BRDA:16,0,96,0
BRDA:16,0,97,0
BRDA:16,0,98,0
BRDA:16,0,99,0
BRDA:16,0,100,0
BRDA:16,0,101,0
BRDA:16,0,102,0
BRDA:16,0,103,0
BRDA:16,0,104,0
BRDA:16,0,105,0
BRDA:16,0,106,0
BRDA:16,0,107,0
BRDA:16,0,108,0
BRDA:16,0,109,0
BRDA:16,0,110,0
BRDA:16,0,111,0
BRDA:16,0,112,0
BRDA:16,0,113,0
BRDA:16,0,114,0
BRDA:16,0,115,0
BRDA:16,0,116,0
BRDA:16,0,117,0
BRDA:16,0,118,0
BRDA:16,0,119,0
BRDA:16,0,120,0
BRDA:16,0,121,0
BRDA:16,0,122,0
BRDA:16,0,123,0
BRDA:16,0,124,0
BRDA:16,0,125,0
BRDA:16,0,126,0
BRDA:16,0,127,0
BRDA:16,0,128,0
BRDA:16,0,129,0
BRDA:16,0,130,0
BRDA:16,0,131,0
BRDA:16,0,132,0
BRDA:16,0,133,0
BRDA:16,0,134,0
BRDA:16,0,135,0
BRDA:16,0,136,0
BRDA:16,0,137,0
BRDA:16,0,138,0
BRDA:16,0,139,0
BRDA:16,0,140,0
BRDA:16,0,141,0
BRDA:16,0,142,0
BRDA:16,0,143,0
BRDA:16,0,144,0
BRDA:16,0,145,0
BRDA:16,0,146,0
BRDA:16,0,147,0
BRDA:16,0,148,0
BRDA:16,0,149,0
BRDA:16,0,150,0
BRDA:16,0,151,0
BRDA:16,0,152,0
BRDA:16,0,153,0
BRDA:16,0,154,0
BRDA:16,0,155,0
BRDA:16,0,156,0
BRDA:16,0,157,0
BRDA:16,0,158,0
BRDA:16,0,159,0
BRDA:16,0,160,0
BRDA:16,0,161,0
BRDA:16,0,162,0
BRDA:16,0,163,0
BRDA:16,0,164,0
BRDA:16,0,165,0
BRDA:16,0,166,0
BRDA:16,0,167,0
BRDA:16,0,168,0
BRDA:16,0,169,0
BRDA:16,0,170,0
BRDA:16,0,171,0
BRDA:16,0,172,0
BRDA:16,0,173,0
BRDA:16,0,174,0
BRDA:16,0,175,0
BRDA:16,0,176,0
BRDA:16,0,177,0
BRDA:16,0,178,0
BRDA:16,0,179,0
BRDA:16,0,180,0
BRDA:16,0,181,0
BRDA:16,0,182,0
BRDA:16,0,183,0
BRDA:16,0,184,0
BRDA:16,0,185,0
BRDA:16,0,186,0
BRDA:16,0,187,0
BRDA:16,0,188,0
BRDA:16,0,189,0
BRDA:16,0,190,0
BRDA:16,0,191,0
BRDA:16,0,192,0
BRDA:16,0,193,0
BRDA:16,0,194,0
BRDA:16,0,195,0
BRDA:16,0,196,0
BRDA:16,0,197,0
BRDA:16,0,198,0
BRDA:16,0,199,0
BRDA:16,0,200,0
BRDA:16,0,201,0
BRDA:16,0,202,0
BRDA:16,0,203,0
BRDA:16,0,204,0
BRDA:16,0,205,0
BRDA:16,0,206,0
BRDA:16,0,207,0
BRDA:16,0,208,0
BRDA:16,0,209,0
BRDA:16,0,210,0
BRDA:16,0,211,0
BRDA:16,0,212,0
BRDA:16,0,213,0
BRDA:16,0,214,0
BRDA:16,0,215,0
BRDA:16,0,216,0
BRDA:16,0,217,0
BRDA:16,0,218,0
BRDA:16,0,219,0
BRDA:16,0,220,0
BRDA:16,0,221,0
BRDA:16,0,222,0
BRDA:16,0,223,0
BRDA:16,0,224,0
BRDA:16,0,225,0
BRDA:16,0,226,0
BRDA:16,0,227,0
BRDA:16,0,228,0
BRDA:16,0,229,0
BRDA:16,0,230,0
BRDA:16,0,231,0
BRDA:16,0,232,0
BRDA:16,0,233,0
BRDA:16,0,234,0
BRDA:16,0,235,0
BRDA:16,0,236,0
BRDA:16,0,237,0
BRDA:16,0,238,0
BRDA:16,0,239,0
BRDA:16,0,240,0
BRDA:16,0,241,0
BRDA:16,0,242,0
BRDA:16,0,243,0
BRDA:16,0,244,0
BRDA:16,0,245,0
BRDA:16,0,246,0
BRDA:16,0,247,0
BRDA:16,0,248,0
BRDA:16,0,249,0
BRDA:16,0,250,0
BRDA:16,0,251,0
BRDA:16,0,252,0
BRDA:16,0,253,0
BRDA:16,0,254,0
BRDA:16,0,255,0
DA:17,0
BRDA:17,0,0,0
BRDA:17,0,1,0
BRDA:17,0,2,0
BRDA:17,0,3,0
BRDA:17,0,4,0
BRDA:17,0,5,0
BRDA:17,0,6,0
BRDA:17,0,7,0
BRDA:17,0,8,0
BRDA:17,0,9,0
BRDA:17,0,10,0
BRDA:17,0,11,0
BRDA:17,0,12,0
BRDA:17,0,13,0
BRDA:17,0,14,0
BRDA:17,0,15,0
BRDA:17,0,16,0
BRDA:17,0,17,0
BRDA:17,0,18,0
BRDA:17,0,19,0
BRDA:17,0,20,0
BRDA:17,0,21,0
BRDA:17,0,22,0
BRDA:17,0,23,0
BRDA:17,0,24,0
BRDA:17,0,25,0
BRDA:17,0,26,0
BRDA:17,0,27,0
BRDA:17,0,28,0
BRDA:17,0,29,0
BRDA:17,0,30,0
BRDA:17,0,31,0
BRDA:17,0,32,0
BRDA:17,0,33,0
BRDA:17,0,34,0
BRDA:17,0,35,0
BRDA:17,0,36,0
BRDA:17,0,37,0
BRDA:17,0,38,0
BRDA:17,0,39,0
BRDA:17,0,40,0
BRDA:17,0,41,0
BRDA:17,0,42,0
BRDA:17,0,43,0
BRDA:17,0,44,0
BRDA:17,0,45,0
BRDA:17,0,46,0
BRDA:17,0,47,0
BRDA:17,0,48,0
BRDA:17,0,49,0
BRDA:17,0,50,0
BRDA:17,0,51,0
BRDA:17,0,52,0
BRDA:17,0,53,0
BRDA:17,0,54,0
BRDA:17,0,55,0
BRDA:17,0,56,0
BRDA:17,0,57,0
BRDA:17,0,58,0
BRDA:17,0,59,0
BRDA:17,0,60,0
BRDA:17,0,61,0
BRDA:17,0,62,0
BRDA:17,0,63,0
BRDA:17,0,64,0
BRDA:17,0,65,0
BRDA:17,0,66,0
BRDA:17,0,67,0
BRDA:17,0,68,0
BRDA:17,0,69,0
BRDA:17,0,70,0
BRDA:17,0,71,0
BRDA:17,0,72,0
BRDA:17,0,73,0
BRDA:17,0,74,0
BRDA:17,0,75,0
BRDA:17,0,76,0
BRDA:17,0,77,0
BRDA:17,0,78,0
BRDA:17,0,79,0
BRDA:17,0,80,0
BRDA:17,0,81,0
BRDA:17,0,82,0
BRDA:17,0,83,0
BRDA:17,0,84,0
BRDA:17,0,85,0
BRDA:17,0,86,0
BRDA:17,0,87,0
BRDA:17,0,88,0
BRDA:17,0,89,0
BRDA:17,0,90,0
BRDA:17,0,91,0
BRDA:17,0,92,0
BRDA:17,0,93,0
BRDA:17,0,94,0
BRDA:17,0,95,0
BRDA:17,0,96,0
BRDA:17,0,97,0
BRDA:17,0,98,0
BRDA:17,0,99,0
BRDA:17,0,100,0
BRDA:17,0,101,0
BRDA:17,0,102,0
BRDA:17,0,103,0
BRDA:17,0,104,0
BRDA:17,0,105,0
BRDA:17,0,106,0
BRDA:17,0,107,0
BRDA:17,0,108,0
BRDA:17,0,109,0
BRDA:17,0,110,0
BRDA:17,0,111,0
BRDA:17,0,112,0
BRDA:17,0,113,0
BRDA:17,0,114,0
BRDA:17,0,115,0
BRDA:17,0,116,0
BRDA:17,0,117,0
BRDA:17,0,118,0
BRDA:17,0,119,0
BRDA:17,0,120,0
BRDA:17,0,121,0
BRDA:17,0,122,0
BRDA:17,0,123,0
BRDA:17,0,124,0
BRDA:17,0,125,0
BRDA:17,0,126,0
BRDA:17,0,127,0
BRDA:17,0,128,0
BRDA:17,0,129,0
BRDA:17,0,130,0
BRDA:17,0,131,0
BRDA:17,0,132,0
BRDA:17,0,133,0
BRDA:17,0,134,0
BRDA:17,0,135,0
BRDA:17,0,136,0
BRDA:17,0,137,0
BRDA:17,0,138,0
BRDA:17,0,139,0
BRDA:17,0,140,0
BRDA:17,0,141,0
BRDA:17,0,142,0
BRDA:17,0,143,0
BRDA:17,0,144,0
BRDA:17,0,145,0
BRDA:17,0,146,0
BRDA:17,0,147,0
BRDA:17,0,148,0
BRDA:17,0,149,0
BRDA:17,0,150,0
BRDA:17,0,151,0
BRDA:17,0,152,0
BRDA:17,0,153,0
BRDA:17,0,154,0
BRDA:17,0,155,0
BRDA:17,0,156,0
BRDA:17,0,157,0
BRDA:17,0,158,0
BRDA:17,0,159,0
BRDA:17,0,160,0
BRDA:17,0,161,0
BRDA:17,0,162,0
BRDA:17,0,163,0
BRDA:17,0,164,0
BRDA:17,0,165,0
BRDA:17,0,166,0
BRDA:17,0,167,0
BRDA:17,0,168,0
BRDA:17,0,169,0
BRDA:17,0,170,0
BRDA:17,0,171,0
BRDA:17,0,172,0
BRDA:17,0,173,0
BRDA:17,0,174,0
BRDA:17,0,175,0
BRDA:17,0,176,0
BRDA:17,0,177,0
BRDA:17,0,178,0
BRDA:17,0,179,0
BRDA:17,0,180,0
BRDA:17,0,181,0
BRDA:17,0,182,0
BRDA:17,0,183,0
BRDA:17,0,184,0
BRDA:17,0,185,0
BRDA:17,0,186,0
BRDA:17,0,187,0
BRDA:17,0,188,0
BRDA:17,0,189,0
BRDA:17,0,190,0
BRDA:17,0,191,0
BRDA:17,0,192,0
BRDA:17,0,193,0
BRDA:17,0,194,0
BRDA:17,0,195,0
BRDA:17,0,196,0
BRDA:17,0,197,0
BRDA:17,0,198,0
BRDA:17,0,199,0
BRDA:17,0,200,0
BRDA:17,0,201,0
BRDA:17,0,202,0
BRDA:17,0,203,0
BRDA:17,0,204,0
BRDA:17,0,205,0
BRDA:17,0,206,0
BRDA:17,0,207,0
BRDA:17,0,208,0
BRDA:17,0,209,0
BRDA:17,0,210,0
BRDA:17,0,211,0
BRDA:17,0,212,0
BRDA:17,0,213,0
BRDA:17,0,214,0
BRDA:17,0,215,0
BRDA:17,0,216,0
BRDA:17,0,217,0
BRDA:17,0,218,0
BRDA:17,0,219,0
BRDA:17,0,220,0
BRDA:17,0,221,0
BRDA:17,0,222,0
BRDA:17,0,223,0
BRDA:17,0,224,0
BRDA:17,0,225,0
BRDA:17,0,226,0
BRDA:17,0,227,0
BRDA:17,0,228,0
BRDA:17,0,229,0
BRDA:17,0,230,0
BRDA:17,0,231,0
BRDA:17,0,232,0
BRDA:17,0,233,0
BRDA:17,0,234,0
BRDA:17,0,235,0
BRDA:17,0,236,0
BRDA:17,0,237,0
BRDA:17,0,238,0
BRDA:17,0,239,0
BRDA:17,0,240,0
BRDA:17,0,241,0
BRDA:17,0,242,0
BRDA:17,0,243,0
BRDA:17,0,244,0
BRDA:17,0,245,0
BRDA:17,0,246,0
BRDA:17,0,247,0
BRDA:17,0,248,0
BRDA:17,0,249,0
BRDA:17,0,250,0
BRDA:17,0,251,0
BRDA:17,0,252,0
BRDA:17,0,253,0
BRDA:17,0,254,0
BRDA:17,0,255,0
DA:18,0
BRDA:18,0,0,0
BRDA:18,0,1,0
BRDA:18,0,2,0
BRDA:18,0,3,0
BRDA:18,0,4,0
BRDA:18,0,5,0
BRDA:18,0,6,0
BRDA:18,0,7,0
BRDA:18,0,8,0
BRDA:18,0,9,0
BRDA:18,0,10,0
BRDA:18,0,11,0
BRDA:18,0,12,0
BRDA:18,0,13,0
BRDA:18,0,14,0
BRDA:18,0,15,0
BRDA:18,0,16,0
BRDA:18,0,17,0
BRDA:18,0,18,0
BRDA:18,0,19,0
BRDA:18,0,20,0
BRDA:18,0,21,0
BRDA:18,0,22,0
BRDA:18,0,23,0
BRDA:18,0,24,0
BRDA:18,0,25,0
BRDA:18,0,26,0
BRDA:18,0,27,0
BRDA:18,0,28,0
BRDA:18,0,29,0
BRDA:18,0,30,0
BRDA:18,0,31,0
BRDA:18,0,32,0
BRDA:18,0,33,0
BRDA:18,0,34,0
BRDA:18,0,35,0
BRDA:18,0,36,0
BRDA:18,0,37,0
BRDA:18,0,38,0
BRDA:18,0,39,0
BRDA:18,0,40,0
BRDA:18,0,41,0
BRDA:18,0,42,0
BRDA:18,0,43,0
BRDA:18,0,44,0
BRDA:18,0,45,0
BRDA:18,0,46,0
BRDA:18,0,47,0
BRDA:18,0,48,0
BRDA:18,0,49,0
BRDA:18,0,50,0
BRDA:18,0,51,0
BRDA:18,0,52,0
BRDA:18,0,53,0
BRDA:18,0,54,0
BRDA:18,0,55,0
BRDA:18,0,56,0
BRDA:18,0,57,0
BRDA:18,0,58,0
BRDA:18,0,59,0
BRDA:18,0,60,0
BRDA:18,0,61,0
BRDA:18,0,62,0
BRDA:18,0,63,0
BRDA:18,0,64,0
BRDA:18,0,65,0
BRDA:18,0,66,0
BRDA:18,0,67,0
BRDA:18,0,68,0
BRDA:18,0,69,0
BRDA:18,0,70,0
BRDA:18,0,71,0
BRDA:18,0,72,0
BRDA:18,0,73,0
BRDA:18,0,74,0
BRDA:18,0,75,0
BRDA:18,0,76,0
BRDA:18,0,77,0
BRDA:18,0,78,0
BRDA:18,0,79,0
BRDA:18,0,80,0
BRDA:18,0,81,0
BRDA:18,0,82,0
BRDA:18,0,83,0
BRDA:18,0,84,0
BRDA:18,0,85,0
BRDA:18,0,86,0
BRDA:18,0,87,0
BRDA:18,0,88,0
BRDA:18,0,89,0
BRDA:18,0,90,0
BRDA:18,0,91,0
BRDA:18,0,92,0
BRDA:18,0,93,0
BRDA:18,0,94,0
BRDA:18,0,95,0
BRDA:18,0,96,0
BRDA:18,0,97,0
BRDA:18,0,98,0
BRDA:18,0,99,0
BRDA:18,0,100,0
BRDA:18,0,101,0
BRDA:18,0,102,0
BRDA:18,0,103,0
BRDA:18,0,104,0
BRDA:18,0,105,0
BRDA:18,0,106,0
BRDA:18,0,107,0
BRDA:18,0,108,0
BRDA:18,0,109,0
BRDA:18,0,110,0
BRDA:18,0,111,0
BRDA:18,0,112,0
BRDA:18,0,113,0
BRDA:18,0,114,0
BRDA:18,0,115,0
BRDA:18,0,116,0
BRDA:18,0,117,0
BRDA:18,0,118,0
BRDA:18,0,119,0
BRDA:18,0,120,0
BRDA:18,0,121,0
BRDA:18,0,122,0
BRDA:18,0,123,0
BRDA:18,0,124,0
BRDA:18,0,125,0
BRDA:18,0,126,0
BRDA:18,0,127,0
BRDA:18,0,128,0
BRDA:18,0,129,0
BRDA:18,0,130,0
BRDA:18,0,131,0
BRDA:18,0,132,0
BRDA:18,0,133,0
BRDA:18,0,134,0
BRDA:18,0,135,0
BRDA:18,0,136,0
BRDA:18,0,137,0
BRDA:18,0,138,0
BRDA:18,0,139,0
BRDA:18,0,140,0
BRDA:18,0,141,0
BRDA:18,0,142,0
BRDA:18,0,143,0
BRDA:18,0,144,0
BRDA:18,0,145,0
BRDA:18,0,146,0
BRDA:18,0,147,0
BRDA:18,0,148,0
BRDA:18,0,149,0
BRDA:18,0,150,0
BRDA:18,0,151,0
BRDA:18,0,152,0
BRDA:18,0,153,0
BRDA:18,0,154,0
BRDA:18,0,155,0
BRDA:18,0,156,0
BRDA:18,0,157,0
BRDA:18,0,158,0
BRDA:18,0,159,0
BRDA:18,0,160,0
BRDA:18,0,161,0
BRDA:18,0,162,0
BRDA:18,0,163,0
BRDA:18,0,164,0
BRDA:18,0,165,0
BRDA:18,0,166,0
BRDA:18,0,167,0
BRDA:18,0,168,0
BRDA:18,0,169,0
BRDA:18,0,170,0
BRDA:18,0,171,0
BRDA:18,0,172,0
BRDA:18,0,173,0
BRDA:18,0,174,0
BRDA:18,0,175,0
BRDA:18,0,176,0
BRDA:18,0,177,0
BRDA:18,0,178,0
BRDA:18,0,179,0
BRDA:18,0,180,0
BRDA:18,0,181,0
BRDA:18,0,182,0
BRDA:18,0,183,0
BRDA:18,0,184,0
BRDA:18,0,185,0
BRDA:18,0,186,0
BRDA:18,0,187,0
BRDA:18,0,188,0
BRDA:18,0,189,0
BRDA:18,0,190,0
BRDA:18,0,191,0
BRDA:18,0,192,0
BRDA:18,0,193,0
BRDA:18,0,194,0
BRDA:18,0,195,0
BRDA:18,0,196,0
BRDA:18,0,197,0
BRDA:18,0,198,0
BRDA:18,0,199,0
BRDA:18,0,200,0
BRDA:18,0,201,0
BRDA:18,0,202,0
BRDA:18,0,203,0
BRDA:18,0,204,0
BRDA:18,0,205,0
BRDA:18,0,206,0
BRDA:18,0,207,0
BRDA:18,0,208,0
BRDA:18,0,209,0
BRDA:18,0,210,0
BRDA:18,0,211,0
BRDA:18,0,212,0
BRDA:18,0,213,0
BRDA:18,0,214,0
BRDA:18,0,215,0
BRDA:18,0,216,0
BRDA:18,0,217,0
BRDA:18,0,218,0
BRDA:18,0,219,0
BRDA:18,0,220,0
BRDA:18,0,221,0
BRDA:18,0,222,0
BRDA:18,0,223,0
BRDA:18,0,224,0
BRDA:18,0,225,0
BRDA:18,0,226,0
BRDA:18,0,227,0
BRDA:18,0,228,0
BRDA:18,0,229,0
BRDA:18,0,230,0
BRDA:18,0,231,0
BRDA:18,0,232,0
BRDA:18,0,233,0
BRDA:18,0,234,0
BRDA:18,0,235,0
BRDA:18,0,236,0
BRDA:18,0,237,0
BRDA:18,0,238,0
BRDA:18,0,239,0
BRDA:18,0,240,0
BRDA:18,0,241,0
BRDA:18,0,242,0
BRDA:18,0,243,0
BRDA:18,0,244,0
BRDA:18,0,245,0
BRDA:18,0,246,0
BRDA:18,0,247,0
BRDA:18,0,248,0
BRDA:18,0,249,0
BRDA:18,0,250,0
BRDA:18,0,251,0
BRDA:18,0,252,0
BRDA:18,0,253,0
BRDA:18,0,254,0
BRDA:18,0,255,0
DA:19,0
BRDA:19,0,0,0
BRDA:19,0,1,0
BRDA:19,0,2,0
BRDA:19,0,3,0
BRDA:19,0,4,0
BRDA:19,0,5,0
BRDA:19,0,6,0
BRDA:19,0,7,0
BRDA:19,0,8,0
BRDA:19,0,9,0
BRDA:19,0,10,0
BRDA:19,0,11,0
BRDA:19,0,12,0
BRDA:19,0,13,0
BRDA:19,0,14,0
BRDA:19,0,15,0
BRDA:19,0,16,0
BRDA:19,0,17,0
BRDA:19,0,18,0
BRDA:19,0,19,0
BRDA:19,0,20,0
BRDA:19,0,21,0
BRDA:19,0,22,0
BRDA:19,0,23,0
BRDA:19,0,24,0
BRDA:19,0,25,0
BRDA:19,0,26,0
BRDA:19,0,27,0
BRDA:19,0,28,0
BRDA:19,0,29,0
BRDA:19,0,30,0
BRDA:19,0,31,0
BRDA:19,0,32,0
BRDA:19,0,33,0
BRDA:19,0,34,0
BRDA:19,0,35,0
BRDA:19,0,36,0
BRDA:19,0,37,0
BRDA:19,0,38,0
BRDA:19,0,39,0
BRDA:19,0,40,0
BRDA:19,0,41,0
BRDA:19,0,42,0
BRDA:19,0,43,0
BRDA:19,0,44,0
BRDA:19,0,45,0
BRDA:19,0,46,0
BRDA:19,0,47,0
BRDA:19,0,48,0
BRDA:19,0,49,0
BRDA:19,0,50,0
BRDA:19,0,51,0
BRDA:19,0,52,0
BRDA:19,0,53,0
BRDA:19,0,54,0
BRDA:19,0,55,0
BRDA:19,0,56,0
BRDA:19,0,57,0
BRDA:19,0,58,0
BRDA:19,0,59,0
BRDA:19,0,60,0
BRDA:19,0,61,0
BRDA:19,0,62,0
BRDA:19,0,63,0
BRDA:19,0,64,0
BRDA:19,0,65,0
BRDA:19,0,66,0
BRDA:19,0,67,0
BRDA:19,0,68,0
BRDA:19,0,69,0
BRDA:19,0,70,0
BRDA:19,0,71,0
BRDA:19,0,72,0
BRDA:19,0,73,0
BRDA:19,0,74,0
BRDA:19,0,75,0
BRDA:19,0,76,0
BRDA:19,0,77,0
BRDA:19,0,78,0
BRDA:19,0,79,0
BRDA:19,0,80,0
BRDA:19,0,81,0
BRDA:19,0,82,0
BRDA:19,0,83,0
BRDA:19,0,84,0
BRDA:19,0,85,0
BRDA:19,0,86,0
BRDA:19,0,87,0
BRDA:19,0,88,0
BRDA:19,0,89,0
BRDA:19,0,90,0
BRDA:19,0,91,0
BRDA:19,0,92,0
BRDA:19,0,93,0
BRDA:19,0,94,0
BRDA:19,0,95,0
BRDA:19,0,96,0
BRDA:19,0,97,0
BRDA:19,0,98,0
BRDA:19,0,99,0
BRDA:19,0,100,0
BRDA:19,0,101,0
BRDA:19,0,102,0
BRDA:19,0,103,0
BRDA:19,0,104,0
BRDA:19,0,105,0
BRDA:19,0,106,0
BRDA:19,0,107,0
BRDA:19,0,108,0
BRDA:19,0,109,0
BRDA:19,0,110,0
BRDA:19,0,111,0
BRDA:19,0,112,0
BRDA:19,0,113,0
BRDA:19,0,114,0
BRDA:19,0,115,0
BRDA:19,0,116,0
BRDA:19,0,117,0
BRDA:19,0,118,0
BRDA:19,0,119,0
BRDA:19,0,120,0
BRDA:19,0,121,0
BRDA:19,0,122,0
BRDA:19,0,123,0
BRDA:19,0,124,0
BRDA:19,0,125,0
BRDA:19,0,126,0
BRDA:19,0,127,0
BRDA:19,0,128,0
BRDA:19,0,129,0
BRDA:19,0,130,0
BRDA:19,0,131,0
BRDA:19,0,132,0
BRDA:19,0,133,0
BRDA:19,0,134,0
BRDA:19,0,135,0
BRDA:19,0,136,0
BRDA:19,0,137,0
BRDA:19,0,138,0
BRDA:19,0,139,0
BRDA:19,0,140,0
BRDA:19,0,141,0
BRDA:19,0,142,0
BRDA:19,0,143,0
BRDA:19,0,144,0
BRDA:19,0,145,0
BRDA:19,0,146,0
BRDA:19,0,147,0
BRDA:19,0,148,0
BRDA:19,0,149,0
BRDA:19,0,150,0
BRDA:19,0,151,0
BRDA:19,0,152,0
BRDA:19,0,153,0
BRDA:19,0,154,0
BRDA:19,0,155,0
BRDA:19,0,156,0
BRDA:19,0,157,0
BRDA:19,0,158,0
BRDA:19,0,159,0
BRDA:19,0,160,0
BRDA:19,0,161,0
BRDA:19,0,162,0
BRDA:19,0,163,0
BRDA:19,0,164,0
BRDA:19,0,165,0
BRDA:19,0,166,0
BRDA:19,0,167,0
BRDA:19,0,168,0
BRDA:19,0,169,0
BRDA:19,0,170,0
BRDA:19,0,171,0
BRDA:19,0,172,0
BRDA:19,0,173,0
BRDA:19,0,174,0
BRDA:19,0,175,0
BRDA:19,0,176,0
BRDA:19,0,177,0
BRDA:19,0,178,0
BRDA:19,0,179,0
BRDA:19,0,180,0
BRDA:19,0,181,0
BRDA:19,0,182,0
BRDA:19,0,183,0
BRDA:19,0,184,0
BRDA:19,0,185,0
BRDA:19,0,186,0
BRDA:19,0,187,0
BRDA:19,0,188,0
BRDA:19,0,189,0
BRDA:19,0,190,0
BRDA:19,0,191,0
BRDA:19,0,192,0
BRDA:19,0,193,0
BRDA:19,0,194,0
BRDA:19,0,195,0
BRDA:19,0,196,0
BRDA:19,0,197,0
BRDA:19,0,198,0
BRDA:19,0,199,0
BRDA:19,0,200,0
BRDA:19,0,201,0
BRDA:19,0,202,0
BRDA:19,0,203,0
BRDA:19,0,204,0
BRDA:19,0,205,0
BRDA:19,0,206,0
BRDA:19,0,207,0
BRDA:19,0,208,0
BRDA:19,0,209,0
BRDA:19,0,210,0
BRDA:19,0,211,0
BRDA:19,0,212,0
BRDA:19,0,213,0
BRDA:19,0,214,0
BRDA:19,0,215,0
BRDA:19,0,216,0
BRDA:19,0,217,0
BRDA:19,0,218,0
BRDA:19,0,219,0
BRDA:19,0,220,0
BRDA:19,0,221,0
BRDA:19,0,222,0
BRDA:19,0,223,0
BRDA:19,0,224,0
BRDA:19,0,225,0
BRDA:19,0,226,0
BRDA:19,0,227,0
BRDA:19,0,228,0
BRDA:19,0,229,0
BRDA:19,0,230,0
BRDA:19,0,231,0
BRDA:19,0,232,0
BRDA:19,0,233,0
BRDA:19,0,234,0
BRDA:19,0,235,0
BRDA:19,0,236,0
BRDA:19,0,237,0
BRDA:19,0,238,0
BRDA:19,0,239,0
BRDA:19,0,240,0
BRDA:19,0,241,0
BRDA:19,0,242,0
BRDA:19,0,243,0
BRDA:19,0,244,0
BRDA:19,0,245,0
BRDA:19,0,246,0
BRDA:19,0,247,0
BRDA:19,0,248,0
BRDA:19,0,249,0
BRDA:19,0,250,0
BRDA:19,0,251,0
BRDA:19,0,252,0
BRDA:19,0,253,0
BRDA:19,0,254,0
BRDA:19,0,255,0
DA:20,0
BRDA:20,0,0,0
BRDA:20,0,1,0
BRDA:20,0,2,0
BRDA:20,0,3,0
BRDA:20,0,4,0
BRDA:20,0,5,0
BRDA:20,0,6,0
BRDA:20,0,7,0
DA:21,0
BRDA:21,0,0,0
BRDA:21,0,1,0
DA:29,2
BRDA:29,0,0,2
BRDA:29,0,1,0
BRDA:29,0,2,0
BRDA:29,0,3,0
BRDA:29,0,4,0
BRDA:29,0,5,0
BRDA:29,0,6,2
BRDA:29,0,7,0
DA:30,600098
DA:31,600098
DA:32,0
DA:33,0
DA:34,600098
DA:39,0
DA:41,0
DA:42,0
DA:51,2
DA:52,2
DA:53,2
DA:54,2
DA:55,2
DA:56,2
DA:57,2
DA:58,2
DA:59,2
DA:60,2
DA:61,2
DA:62,2
DA:63,2
DA:64,2
DA:65,2
DA:66,2
DA:67,2
DA:68,2
DA:69,2
DA:70,2
DA:71,2
DA:72,2
DA:73,2
DA:74,2
DA:75,2
DA:76,2
DA:77,2
DA:78,2
DA:79,2
DA:80,2
DA:81,2
DA:82,2
DA:83,2
DA:84,2
DA:85,2
DA:86,2
DA:87,2
DA:88,2
DA:89,2
DA:90,2
DA:91,2
DA:92,2
DA:93,2
DA:94,2
DA:95,2
DA:96,2
DA:97,2
DA:98,2
DA:99,2
DA:100,2
DA:101,2
DA:102,2
DA:103,2
DA:104,2
DA:105,2
DA:106,2
DA:107,2
DA:108,2
DA:109,2
DA:110,2
DA:111,2
DA:112,2
DA:113,2
DA:114,2
DA:115,2
DA:119,0
BRDA:119,0,0,0
BRDA:119,0,1,0
BRDA:119,0,2,0
BRDA:119,0,3,0
BRDA:119,0,4,0
BRDA:119,0,5,0
BRDA:119,0,6,0
BRDA:119,0,7,0
BRDA:119,0,8,0
BRDA:119,0,9,0
BRDA:119,0,10,0
BRDA:119,0,11,0
BRDA:119,0,12,0
BRDA:119,0,13,0
BRDA:119,0,14,0
BRDA:119,0,15,0
BRDA:119,0,16,0
BRDA:119,0,17,0
BRDA:119,0,18,0
BRDA:119,0,19,0
BRDA:119,0,20,0
BRDA:119,0,21,0
BRDA:119,0,22,0
BRDA:119,0,23,0
BRDA:119,0,24,0
BRDA:119,0,25,0
BRDA:119,0,26,0
BRDA:119,0,27,0
BRDA:119,0,28,0
BRDA:119,0,29,0
BRDA:119,0,30,0
BRDA:119,0,31,0
BRDA:119,0,32,0
BRDA:119,0,33,0
BRDA:119,0,34,0
BRDA:119,0,35,0
BRDA:119,0,36,0
BRDA:119,0,37,0
BRDA:119,0,38,0
BRDA:119,0,39,0
BRDA:119,0,40,0
BRDA:119,0,41,0
BRDA:119,0,42,0
BRDA:119,0,43,0
BRDA:119,0,44,0
BRDA:119,0,45,0
BRDA:119,0,46,0
BRDA:119,0,47,0
BRDA:119,0,48,0
BRDA:119,0,49,0
BRDA:119,0,50,0
BRDA:119,0,51,0
BRDA:119,0,52,0
BRDA:119,0,53,0
BRDA:119,0,54,0
BRDA:119,0,55,0
BRDA:119,0,56,0
BRDA:119,0,57,0
BRDA:119,0,58,0
BRDA:119,0,59,0
BRDA:119,0,60,0
BRDA:119,0,61,0
BRDA:119,0,62,0
BRDA:119,0,63,0
BRDA:119,0,64,0
BRDA:119,0,65,0
BRDA:119,0,66,0
BRDA:119,0,67,0
BRDA:119,0,68,0
BRDA:119,0,69,0
BRDA:119,0,70,0
BRDA:119,0,71,0
BRDA:119,0,72,0
BRDA:119,0,73,0
BRDA:119,0,74,0
BRDA:119,0,75,0
BRDA:119,0,76,0
BRDA:119,0,77,0
BRDA:119,0,78,0
BRDA:119,0,79,0
BRDA:119,0,80,0
BRDA:119,0,81,0
BRDA:119,0,82,0
BRDA:119,0,83,0
BRDA:119,0,84,0
BRDA:119,0,85,0
BRDA:119,0,86,0
BRDA:119,0,87,0
BRDA:119,0,88,0
BRDA:119,0,89,0
BRDA:119,0,90,0
BRDA:119,0,91,0
BRDA:119,0,92,0
BRDA:119,0,93,0
BRDA:119,0,94,0
BRDA:119,0,95,0
BRDA:119,0,96,0
BRDA:119,0,97,0
BRDA:119,0,98,0
BRDA:119,0,99,0
BRDA:119,0,100,0
BRDA:119,0,101,0
BRDA:119,0,102,0
BRDA:119,0,103,0
BRDA:119,0,104,0
BRDA:119,0,105,0
BRDA:119,0,106,0
BRDA:119,0,107,0
BRDA:119,0,108,0
BRDA:119,0,109,0
BRDA:119,0,110,0
BRDA:119,0,111,0
BRDA:119,0,112,0
BRDA:119,0,113,0
BRDA:119,0,114,0
BRDA:119,0,115,0
BRDA:119,0,116,0
BRDA:119,0,117,0
BRDA:119,0,118,0
BRDA:119,0,119,0
BRDA:119,0,120,0
BRDA:119,0,121,0
BRDA:119,0,122,0
BRDA:119,0,123,0
BRDA:119,0,124,0
BRDA:119,0,125,0
BRDA:119,0,126,0
BRDA:119,0,127,0
BRDA:119,0,128,0
BRDA:119,0,129,0
BRDA:119,0,130,0
BRDA:119,0,131,0
BRDA:119,0,132,0
BRDA:119,0,133,0
BRDA:119,0,134,0
BRDA:119,0,135,0
BRDA:119,0,136,0
BRDA:119,0,137,0
BRDA:119,0,138,0
BRDA:119,0,139,0
BRDA:119,0,140,0
BRDA:119,0,141,0
BRDA:119,0,142,0
BRDA:119,0,143,0
BRDA:119,0,144,0
BRDA:119,0,145,0
BRDA:119,0,146,0
BRDA:119,0,147,0
BRDA:119,0,148,0
BRDA:119,0,149,0
BRDA:119,0,150,0
BRDA:119,0,151,0
BRDA:119,0,152,0
BRDA:119,0,153,0
BRDA:119,0,154,0
BRDA:119,0,155,0
BRDA:119,0,156,0
BRDA:119,0,157,0
BRDA:119,0,158,0
BRDA:119,0,159,0
BRDA:119,0,160,0
BRDA:119,0,161,0
BRDA:119,0,162,0
BRDA:119,0,163,0
BRDA:119,0,164,0
BRDA:119,0,165,0
BRDA:119,0,166,0
BRDA:119,0,167,0
BRDA:119,0,168,0
BRDA:119,0,169,0
BRDA:119,0,170,0
BRDA:119,0,171,0
BRDA:119,0,172,0
BRDA:119,0,173,0
BRDA:119,0,174,0
BRDA:119,0,175,0
BRDA:119,0,176,0
BRDA:119,0,177,0
BRDA:119,0,178,0
BRDA:119,0,179,0
BRDA:119,0,180,0
BRDA:119,0,181,0
BRDA:119,0,182,0
BRDA:119,0,183,0
BRDA:119,0,184,0
BRDA:119,0,185,0
BRDA:119,0,186,0
BRDA:119,0,187,0
BRDA:119,0,188,0
BRDA:119,0,189,0
BRDA:119,0,190,0
BRDA:119,0,191,0
BRDA:119,0,192,0
BRDA:119,0,193,0
BRDA:119,0,194,0
BRDA:119,0,195,0
BRDA:119,0,196,0
BRDA:119,0,197,0
BRDA:119,0,198,0
BRDA:119,0,199,0
BRDA:119,0,200,0
BRDA:119,0,201,0
BRDA:119,0,202,0
BRDA:119,0,203,0
BRDA:119,0,204,0
BRDA:119,0,205,0
BRDA:119,0,206,0
BRDA:119,0,207,0
BRDA:119,0,208,0
BRDA:119,0,209,0
BRDA:119,0,210,0
BRDA:119,0,211,0
BRDA:119,0,212,0
BRDA:119,0,213,0
BRDA:119,0,214,0
BRDA:119,0,215,0
BRDA:119,0,216,0
BRDA:119,0,217,0
BRDA:119,0,218,0
BRDA:119,0,219,0
BRDA:119,0,220,0
BRDA:119,0,221,0
BRDA:119,0,222,0
BRDA:119,0,223,0
BRDA:119,0,224,0
BRDA:119,0,225,0
BRDA:119,0,226,0
BRDA:119,0,227,0
BRDA:119,0,228,0
BRDA:119,0,229,0
BRDA:119,0,230,0
BRDA:119,0,231,0
BRDA:119,0,232,0
BRDA:119,0,233,0
BRDA:119,0,234,0
BRDA:119,0,235,0
BRDA:119,0,236,0
BRDA:119,0,237,0
BRDA:119,0,238,0
BRDA:119,0,239,0
BRDA:119,0,240,0
BRDA:119,0,241,0
BRDA:119,0,242,0
BRDA:119,0,243,0
BRDA:119,0,244,0
BRDA:119,0,245,0
BRDA:119,0,246,0
BRDA:119,0,247,0
BRDA:119,0,248,0
BRDA:119,0,249,0
BRDA:119,0,250,0
BRDA:119,0,251,0
BRDA:119,0,252,0
BRDA:119,0,253,0
BRDA:119,0,254,0
BRDA:119,0,255,0
DA:123,0
BRDA:123,0,0,0
BRDA:123,0,1,0
BRDA:123,0,2,0
BRDA:123,0,3,0
BRDA:123,0,4,0
BRDA:123,0,5,0
BRDA:123,0,6,0
BRDA:123,0,7,0
DA:124,0
BRDA:124,0,0,0
BRDA:124,0,1,0
BRDA:124,0,2,0
BRDA:124,0,3,0
BRDA:124,0,4,0
BRDA:124,0,5,0
BRDA:124,0,6,0
BRDA:124,0,7,0
DA:125,0
BRDA:125,0,0,0
BRDA:125,0,1,0
BRDA:125,0,2,0
BRDA:125,0,3,0
BRDA:125,0,4,0
BRDA:125,0,5,0
DA:127,100029
DA:128,100019
BRDA:128,0,0,100019
BRDA:128,0,1,10
DA:129,10
DA:130,10
DA:131,100019
DA:132,100019
DA:133,100019
DA:134,100019
BRDA:134,0,0,100019
BRDA:134,0,1,0
BRDA:134,0,2,100019
DA:135,0
DA:136,0
DA:137,0
DA:139,0
DA:141,0
DA:142,0
DA:143,0
DA:144,0
DA:145,0
DA:146,0
DA:147,0
DA:148,0
DA:149,0
DA:150,0
DA:151,0
DA:152,0
DA:153,0
DA:154,0
DA:155,0
DA:156,0
DA:157,0
DA:158,0
DA:160,0
DA:161,0
DA:162,0
DA:163,0
DA:164,0
DA:165,0
DA:166,0
DA:167,0
DA:169,0
DA:172,0
DA:174,0
DA:176,0
DA:177,0
BRDA:177,0,0,0
BRDA:177,0,1,0
DA:178,0
DA:180,0
DA:182,0
DA:185,0
DA:186,0
DA:187,0
DA:188,0
DA:189,0
DA:190,0
DA:191,0
DA:192,0
DA:195,0
DA:196,0
DA:197,0
DA:198,0
DA:199,0
DA:200,0
DA:201,0
DA:202,0
DA:205,0
DA:206,0
DA:207,0
DA:208,0
DA:209,0
DA:210,0
DA:211,0
DA:212,0
DA:215,0
DA:216,0
DA:217,0
DA:218,0
DA:219,0
DA:220,0
DA:221,0
DA:222,0
DA:224,0
DA:226,0
DA:227,0
DA:228,0
DA:229,0
DA:230,0
DA:231,0
DA:232,0
DA:233,0
DA:234,0
DA:235,0
DA:236,0
DA:237,0
DA:238,0
DA:239,0
DA:240,0
DA:241,0
DA:242,0
DA:243,0
BRDA:243,0,0,0
BRDA:243,0,1,0
DA:244,0
DA:246,0
DA:247,0
DA:248,0
DA:249,0
DA:250,0
DA:251,0
DA:252,0
DA:253,0
DA:254,0
DA:255,0
DA:256,0
DA:257,0
DA:262,0
DA:263,0
DA:264,0
DA:266,0
DA:267,0
DA:275,600098
DA:276,0
DA:277,0
DA:278,0
DA:280,0
DA:283,0
DA:284,0
DA:286,600098
BRDA:286,0,0,0
BRDA:286,0,1,600098
DA:288,0
DA:289,0
DA:291,600098
DA:292,600098
DA:293,600098
BRF:1351
BRH:7
end_of_record
SF:../../Database/RTL/aes_top.v
DA:16,100029
BRDA:16,0,0,100029
BRDA:16,0,1,100029
DA:17,1
BRDA:17,0,0,1
BRDA:17,0,1,0
DA:20,3
BRDA:20,0,0,3
BRDA:20,0,1,3
DA:21,3
BRDA:21,0,0,3
BRDA:21,0,1,3
DA:22,1
BRDA:22,0,0,0
BRDA:22,0,1,0
BRDA:22,0,2,0
BRDA:22,0,3,0
BRDA:22,0,4,0
BRDA:22,0,5,0
BRDA:22,0,6,0
BRDA:22,0,7,0
BRDA:22,0,8,1
BRDA:22,0,9,0
BRDA:22,0,10,1
BRDA:22,0,11,1
BRDA:22,0,12,1
BRDA:22,0,13,0
BRDA:22,0,14,0
BRDA:22,0,15,0
BRDA:22,0,16,0
BRDA:22,0,17,0
BRDA:22,0,18,0
BRDA:22,0,19,0
BRDA:22,0,20,0
BRDA:22,0,21,0
BRDA:22,0,22,0
BRDA:22,0,23,0
DA:23,3
BRDA:23,0,0,3
BRDA:23,0,1,3
DA:24,0
BRDA:24,0,0,0
BRDA:24,0,1,0
BRDA:24,0,2,0
BRDA:24,0,3,0
BRDA:24,0,4,0
BRDA:24,0,5,0
BRDA:24,0,6,0
BRDA:24,0,7,0
BRDA:24,0,8,0
BRDA:24,0,9,0
BRDA:24,0,10,0
BRDA:24,0,11,0
BRDA:24,0,12,0
BRDA:24,0,13,0
BRDA:24,0,14,0
BRDA:24,0,15,0
BRDA:24,0,16,0
BRDA:24,0,17,0
BRDA:24,0,18,0
BRDA:24,0,19,0
BRDA:24,0,20,0
BRDA:24,0,21,0
BRDA:24,0,22,0
BRDA:24,0,23,0
BRDA:24,0,24,0
BRDA:24,0,25,0
BRDA:24,0,26,0
BRDA:24,0,27,0
BRDA:24,0,28,0
BRDA:24,0,29,0
BRDA:24,0,30,0
BRDA:24,0,31,0
BRDA:24,0,32,0
BRDA:24,0,33,0
BRDA:24,0,34,0
BRDA:24,0,35,0
BRDA:24,0,36,0
BRDA:24,0,37,0
BRDA:24,0,38,0
BRDA:24,0,39,0
BRDA:24,0,40,0
BRDA:24,0,41,0
BRDA:24,0,42,0
BRDA:24,0,43,0
BRDA:24,0,44,0
BRDA:24,0,45,0
BRDA:24,0,46,0
BRDA:24,0,47,0
BRDA:24,0,48,0
BRDA:24,0,49,0
BRDA:24,0,50,0
BRDA:24,0,51,0
BRDA:24,0,52,0
BRDA:24,0,53,0
BRDA:24,0,54,0
BRDA:24,0,55,0
BRDA:24,0,56,0
BRDA:24,0,57,0
BRDA:24,0,58,0
BRDA:24,0,59,0
BRDA:24,0,60,0
BRDA:24,0,61,0
BRDA:24,0,62,0
BRDA:24,0,63,0
DA:25,0
BRDA:25,0,0,0
BRDA:25,0,1,0
BRDA:25,0,2,0
BRDA:25,0,3,0
BRDA:25,0,4,0
BRDA:25,0,5,0
BRDA:25,0,6,0
BRDA:25,0,7,0
BRDA:25,0,8,0
BRDA:25,0,9,0
BRDA:25,0,10,0
BRDA:25,0,11,0
BRDA:25,0,12,0
BRDA:25,0,13,0
BRDA:25,0,14,0
BRDA:25,0,15,0
BRDA:25,0,16,0
BRDA:25,0,17,0
BRDA:25,0,18,0
BRDA:25,0,19,0
BRDA:25,0,20,0
BRDA:25,0,21,0
BRDA:25,0,22,0
BRDA:25,0,23,0
BRDA:25,0,24,0
BRDA:25,0,25,0
BRDA:25,0,26,0
BRDA:25,0,27,0
BRDA:25,0,28,0
BRDA:25,0,29,0
BRDA:25,0,30,0
BRDA:25,0,31,0
BRDA:25,0,32,0
BRDA:25,0,33,0
BRDA:25,0,34,0
BRDA:25,0,35,0
BRDA:25,0,36,0
BRDA:25,0,37,0
BRDA:25,0,38,0
BRDA:25,0,39,0
BRDA:25,0,40,0
BRDA:25,0,41,0
BRDA:25,0,42,0
BRDA:25,0,43,0
BRDA:25,0,44,0
BRDA:25,0,45,0
BRDA:25,0,46,0
BRDA:25,0,47,0
BRDA:25,0,48,0
BRDA:25,0,49,0
BRDA:25,0,50,0
BRDA:25,0,51,0
BRDA:25,0,52,0
BRDA:25,0,53,0
BRDA:25,0,54,0
BRDA:25,0,55,0
BRDA:25,0,56,0
BRDA:25,0,57,0
BRDA:25,0,58,0
BRDA:25,0,59,0
BRDA:25,0,60,0
BRDA:25,0,61,0
BRDA:25,0,62,0
BRDA:25,0,63,0
DA:26,3
BRDA:26,0,0,3
BRDA:26,0,1,3
DA:27,0
BRDA:27,0,0,0
BRDA:27,0,1,0
DA:30,0
BRDA:30,0,0,0
BRDA:30,0,1,0
BRDA:30,0,2,0
BRDA:30,0,3,0
BRDA:30,0,4,0
BRDA:30,0,5,0
BRDA:30,0,6,0
BRDA:30,0,7,0
BRDA:30,0,8,0
BRDA:30,0,9,0
BRDA:30,0,10,0
BRDA:30,0,11,0
BRDA:30,0,12,0
BRDA:30,0,13,0
BRDA:30,0,14,0
BRDA:30,0,15,0
BRDA:30,0,16,0
BRDA:30,0,17,0
BRDA:30,0,18,0
BRDA:30,0,19,0
BRDA:30,0,20,0
BRDA:30,0,21,0
BRDA:30,0,22,0
BRDA:30,0,23,0
BRDA:30,0,24,0
BRDA:30,0,25,0
BRDA:30,0,26,0
BRDA:30,0,27,0
BRDA:30,0,28,0
BRDA:30,0,29,0
BRDA:30,0,30,0
BRDA:30,0,31,0
BRDA:30,0,32,0
BRDA:30,0,33,0
BRDA:30,0,34,0
BRDA:30,0,35,0
BRDA:30,0,36,0
BRDA:30,0,37,0
BRDA:30,0,38,0
BRDA:30,0,39,0
BRDA:30,0,40,0
BRDA:30,0,41,0
BRDA:30,0,42,0
BRDA:30,0,43,0
BRDA:30,0,44,0
BRDA:30,0,45,0
BRDA:30,0,46,0
BRDA:30,0,47,0
BRDA:30,0,48,0
BRDA:30,0,49,0
BRDA:30,0,50,0
BRDA:30,0,51,0
BRDA:30,0,52,0
BRDA:30,0,53,0
BRDA:30,0,54,0
BRDA:30,0,55,0
BRDA:30,0,56,0
BRDA:30,0,57,0
BRDA:30,0,58,0
BRDA:30,0,59,0
BRDA:30,0,60,0
BRDA:30,0,61,0
BRDA:30,0,62,0
BRDA:30,0,63,0
BRDA:30,0,64,0
BRDA:30,0,65,0
BRDA:30,0,66,0
BRDA:30,0,67,0
BRDA:30,0,68,0
BRDA:30,0,69,0
BRDA:30,0,70,0
BRDA:30,0,71,0
BRDA:30,0,72,0
BRDA:30,0,73,0
BRDA:30,0,74,0
BRDA:30,0,75,0
BRDA:30,0,76,0
BRDA:30,0,77,0
BRDA:30,0,78,0
BRDA:30,0,79,0
BRDA:30,0,80,0
BRDA:30,0,81,0
BRDA:30,0,82,0
BRDA:30,0,83,0
BRDA:30,0,84,0
BRDA:30,0,85,0
BRDA:30,0,86,0
BRDA:30,0,87,0
BRDA:30,0,88,0
BRDA:30,0,89,0
BRDA:30,0,90,0
BRDA:30,0,91,0
BRDA:30,0,92,0
BRDA:30,0,93,0
BRDA:30,0,94,0
BRDA:30,0,95,0
BRDA:30,0,96,0
BRDA:30,0,97,0
BRDA:30,0,98,0
BRDA:30,0,99,0
BRDA:30,0,100,0
BRDA:30,0,101,0
BRDA:30,0,102,0
BRDA:30,0,103,0
BRDA:30,0,104,0
BRDA:30,0,105,0
BRDA:30,0,106,0
BRDA:30,0,107,0
BRDA:30,0,108,0
BRDA:30,0,109,0
BRDA:30,0,110,0
BRDA:30,0,111,0
BRDA:30,0,112,0
BRDA:30,0,113,0
BRDA:30,0,114,0
BRDA:30,0,115,0
BRDA:30,0,116,0
BRDA:30,0,117,0
BRDA:30,0,118,0
BRDA:30,0,119,0
BRDA:30,0,120,0
BRDA:30,0,121,0
BRDA:30,0,122,0
BRDA:30,0,123,0
BRDA:30,0,124,0
BRDA:30,0,125,0
BRDA:30,0,126,0
BRDA:30,0,127,0
BRDA:30,0,128,0
BRDA:30,0,129,0
BRDA:30,0,130,0
BRDA:30,0,131,0
BRDA:30,0,132,0
BRDA:30,0,133,0
BRDA:30,0,134,0
BRDA:30,0,135,0
BRDA:30,0,136,0
BRDA:30,0,137,0
BRDA:30,0,138,0
BRDA:30,0,139,0
BRDA:30,0,140,0
BRDA:30,0,141,0
BRDA:30,0,142,0
BRDA:30,0,143,0
BRDA:30,0,144,0
BRDA:30,0,145,0
BRDA:30,0,146,0
BRDA:30,0,147,0
BRDA:30,0,148,0
BRDA:30,0,149,0
BRDA:30,0,150,0
BRDA:30,0,151,0
BRDA:30,0,152,0
BRDA:30,0,153,0
BRDA:30,0,154,0
BRDA:30,0,155,0
BRDA:30,0,156,0
BRDA:30,0,157,0
BRDA:30,0,158,0
BRDA:30,0,159,0
BRDA:30,0,160,0
BRDA:30,0,161,0
BRDA:30,0,162,0
BRDA:30,0,163,0
BRDA:30,0,164,0
BRDA:30,0,165,0
BRDA:30,0,166,0
BRDA:30,0,167,0
BRDA:30,0,168,0
BRDA:30,0,169,0
BRDA:30,0,170,0
BRDA:30,0,171,0
BRDA:30,0,172,0
BRDA:30,0,173,0
BRDA:30,0,174,0
BRDA:30,0,175,0
BRDA:30,0,176,0
BRDA:30,0,177,0
BRDA:30,0,178,0
BRDA:30,0,179,0
BRDA:30,0,180,0
BRDA:30,0,181,0
BRDA:30,0,182,0
BRDA:30,0,183,0
BRDA:30,0,184,0
BRDA:30,0,185,0
BRDA:30,0,186,0
BRDA:30,0,187,0
BRDA:30,0,188,0
BRDA:30,0,189,0
BRDA:30,0,190,0
BRDA:30,0,191,0
BRDA:30,0,192,0
BRDA:30,0,193,0
BRDA:30,0,194,0
BRDA:30,0,195,0
BRDA:30,0,196,0
BRDA:30,0,197,0
BRDA:30,0,198,0
BRDA:30,0,199,0
BRDA:30,0,200,0
BRDA:30,0,201,0
BRDA:30,0,202,0
BRDA:30,0,203,0
BRDA:30,0,204,0
BRDA:30,0,205,0
BRDA:30,0,206,0
BRDA:30,0,207,0
BRDA:30,0,208,0
BRDA:30,0,209,0
BRDA:30,0,210,0
BRDA:30,0,211,0
BRDA:30,0,212,0
BRDA:30,0,213,0
BRDA:30,0,214,0
BRDA:30,0,215,0
BRDA:30,0,216,0
BRDA:30,0,217,0
BRDA:30,0,218,0
BRDA:30,0,219,0
BRDA:30,0,220,0
BRDA:30,0,221,0
BRDA:30,0,222,0
BRDA:30,0,223,0
BRDA:30,0,224,0
BRDA:30,0,225,0
BRDA:30,0,226,0
BRDA:30,0,227,0
BRDA:30,0,228,0
BRDA:30,0,229,0
BRDA:30,0,230,0
BRDA:30,0,231,0
BRDA:30,0,232,0
BRDA:30,0,233,0
BRDA:30,0,234,0
BRDA:30,0,235,0
BRDA:30,0,236,0
BRDA:30,0,237,0
BRDA:30,0,238,0
BRDA:30,0,239,0
BRDA:30,0,240,0
BRDA:30,0,241,0
BRDA:30,0,242,0
BRDA:30,0,243,0
BRDA:30,0,244,0
BRDA:30,0,245,0
BRDA:30,0,246,0
BRDA:30,0,247,0
BRDA:30,0,248,0
BRDA:30,0,249,0
BRDA:30,0,250,0
BRDA:30,0,251,0
BRDA:30,0,252,0
BRDA:30,0,253,0
BRDA:30,0,254,0
BRDA:30,0,255,0
DA:31,0
BRDA:31,0,0,0
BRDA:31,0,1,0
DA:32,0
BRDA:32,0,0,0
BRDA:32,0,1,0
DA:33,0
BRDA:33,0,0,0
BRDA:33,0,1,0
DA:36,0
BRDA:36,0,0,0
BRDA:36,0,1,0
BRDA:36,0,2,0
BRDA:36,0,3,0
BRDA:36,0,4,0
BRDA:36,0,5,0
BRDA:36,0,6,0
BRDA:36,0,7,0
BRDA:36,0,8,0
BRDA:36,0,9,0
BRDA:36,0,10,0
BRDA:36,0,11,0
BRDA:36,0,12,0
BRDA:36,0,13,0
BRDA:36,0,14,0
BRDA:36,0,15,0
BRDA:36,0,16,0
BRDA:36,0,17,0
BRDA:36,0,18,0
BRDA:36,0,19,0
BRDA:36,0,20,0
BRDA:36,0,21,0
BRDA:36,0,22,0
BRDA:36,0,23,0
BRDA:36,0,24,0
BRDA:36,0,25,0
BRDA:36,0,26,0
BRDA:36,0,27,0
BRDA:36,0,28,0
BRDA:36,0,29,0
BRDA:36,0,30,0
BRDA:36,0,31,0
BRDA:36,0,32,0
BRDA:36,0,33,0
BRDA:36,0,34,0
BRDA:36,0,35,0
BRDA:36,0,36,0
BRDA:36,0,37,0
BRDA:36,0,38,0
BRDA:36,0,39,0
BRDA:36,0,40,0
BRDA:36,0,41,0
BRDA:36,0,42,0
BRDA:36,0,43,0
BRDA:36,0,44,0
BRDA:36,0,45,0
BRDA:36,0,46,0
BRDA:36,0,47,0
BRDA:36,0,48,0
BRDA:36,0,49,0
BRDA:36,0,50,0
BRDA:36,0,51,0
BRDA:36,0,52,0
BRDA:36,0,53,0
BRDA:36,0,54,0
BRDA:36,0,55,0
BRDA:36,0,56,0
BRDA:36,0,57,0
BRDA:36,0,58,0
BRDA:36,0,59,0
BRDA:36,0,60,0
BRDA:36,0,61,0
BRDA:36,0,62,0
BRDA:36,0,63,0
BRDA:36,0,64,0
BRDA:36,0,65,0
BRDA:36,0,66,0
BRDA:36,0,67,0
BRDA:36,0,68,0
BRDA:36,0,69,0
BRDA:36,0,70,0
BRDA:36,0,71,0
BRDA:36,0,72,0
BRDA:36,0,73,0
BRDA:36,0,74,0
BRDA:36,0,75,0
BRDA:36,0,76,0
BRDA:36,0,77,0
BRDA:36,0,78,0
BRDA:36,0,79,0
BRDA:36,0,80,0
BRDA:36,0,81,0
BRDA:36,0,82,0
BRDA:36,0,83,0
BRDA:36,0,84,0
BRDA:36,0,85,0
BRDA:36,0,86,0
BRDA:36,0,87,0
BRDA:36,0,88,0
BRDA:36,0,89,0
BRDA:36,0,90,0
BRDA:36,0,91,0
BRDA:36,0,92,0
BRDA:36,0,93,0
BRDA:36,0,94,0
BRDA:36,0,95,0
BRDA:36,0,96,0
BRDA:36,0,97,0
BRDA:36,0,98,0
BRDA:36,0,99,0
BRDA:36,0,100,0
BRDA:36,0,101,0
BRDA:36,0,102,0
BRDA:36,0,103,0
BRDA:36,0,104,0
BRDA:36,0,105,0
BRDA:36,0,106,0
BRDA:36,0,107,0
BRDA:36,0,108,0
BRDA:36,0,109,0
BRDA:36,0,110,0
BRDA:36,0,111,0
BRDA:36,0,112,0
BRDA:36,0,113,0
BRDA:36,0,114,0
BRDA:36,0,115,0
BRDA:36,0,116,0
BRDA:36,0,117,0
BRDA:36,0,118,0
BRDA:36,0,119,0
BRDA:36,0,120,0
BRDA:36,0,121,0
BRDA:36,0,122,0
BRDA:36,0,123,0
BRDA:36,0,124,0
BRDA:36,0,125,0
BRDA:36,0,126,0
BRDA:36,0,127,0
BRDA:36,0,128,0
BRDA:36,0,129,0
BRDA:36,0,130,0
BRDA:36,0,131,0
BRDA:36,0,132,0
BRDA:36,0,133,0
BRDA:36,0,134,0
BRDA:36,0,135,0
BRDA:36,0,136,0
BRDA:36,0,137,0
BRDA:36,0,138,0
BRDA:36,0,139,0
BRDA:36,0,140,0
BRDA:36,0,141,0
BRDA:36,0,142,0
BRDA:36,0,143,0
BRDA:36,0,144,0
BRDA:36,0,145,0
BRDA:36,0,146,0
BRDA:36,0,147,0
BRDA:36,0,148,0
BRDA:36,0,149,0
BRDA:36,0,150,0
BRDA:36,0,151,0
BRDA:36,0,152,0
BRDA:36,0,153,0
BRDA:36,0,154,0
BRDA:36,0,155,0
BRDA:36,0,156,0
BRDA:36,0,157,0
BRDA:36,0,158,0
BRDA:36,0,159,0
BRDA:36,0,160,0
BRDA:36,0,161,0
BRDA:36,0,162,0
BRDA:36,0,163,0
BRDA:36,0,164,0
BRDA:36,0,165,0
BRDA:36,0,166,0
BRDA:36,0,167,0
BRDA:36,0,168,0
BRDA:36,0,169,0
BRDA:36,0,170,0
BRDA:36,0,171,0
BRDA:36,0,172,0
BRDA:36,0,173,0
BRDA:36,0,174,0
BRDA:36,0,175,0
BRDA:36,0,176,0
BRDA:36,0,177,0
BRDA:36,0,178,0
BRDA:36,0,179,0
BRDA:36,0,180,0
BRDA:36,0,181,0
BRDA:36,0,182,0
BRDA:36,0,183,0
BRDA:36,0,184,0
BRDA:36,0,185,0
BRDA:36,0,186,0
BRDA:36,0,187,0
BRDA:36,0,188,0
BRDA:36,0,189,0
BRDA:36,0,190,0
BRDA:36,0,191,0
BRDA:36,0,192,0
BRDA:36,0,193,0
BRDA:36,0,194,0
BRDA:36,0,195,0
BRDA:36,0,196,0
BRDA:36,0,197,0
BRDA:36,0,198,0
BRDA:36,0,199,0
BRDA:36,0,200,0
BRDA:36,0,201,0
BRDA:36,0,202,0
BRDA:36,0,203,0
BRDA:36,0,204,0
BRDA:36,0,205,0
BRDA:36,0,206,0
BRDA:36,0,207,0
BRDA:36,0,208,0
BRDA:36,0,209,0
BRDA:36,0,210,0
BRDA:36,0,211,0
BRDA:36,0,212,0
BRDA:36,0,213,0
BRDA:36,0,214,0
BRDA:36,0,215,0
BRDA:36,0,216,0
BRDA:36,0,217,0
BRDA:36,0,218,0
BRDA:36,0,219,0
BRDA:36,0,220,0
BRDA:36,0,221,0
BRDA:36,0,222,0
BRDA:36,0,223,0
BRDA:36,0,224,0
BRDA:36,0,225,0
BRDA:36,0,226,0
BRDA:36,0,227,0
BRDA:36,0,228,0
BRDA:36,0,229,0
BRDA:36,0,230,0
BRDA:36,0,231,0
BRDA:36,0,232,0
BRDA:36,0,233,0
BRDA:36,0,234,0
BRDA:36,0,235,0
BRDA:36,0,236,0
BRDA:36,0,237,0
BRDA:36,0,238,0
BRDA:36,0,239,0
BRDA:36,0,240,0
BRDA:36,0,241,0
BRDA:36,0,242,0
BRDA:36,0,243,0
BRDA:36,0,244,0
BRDA:36,0,245,0
BRDA:36,0,246,0
BRDA:36,0,247,0
BRDA:36,0,248,0
BRDA:36,0,249,0
BRDA:36,0,250,0
BRDA:36,0,251,0
BRDA:36,0,252,0
BRDA:36,0,253,0
BRDA:36,0,254,0
BRDA:36,0,255,0
DA:37,0
BRDA:37,0,0,0
BRDA:37,0,1,0
DA:38,0
BRDA:38,0,0,0
BRDA:38,0,1,0
DA:39,0
BRDA:39,0,0,0
BRDA:39,0,1,0
DA:42,0
BRDA:42,0,0,0
BRDA:42,0,1,0
DA:43,0
BRDA:43,0,0,0
BRDA:43,0,1,0
DA:44,0
BRDA:44,0,0,0
BRDA:44,0,1,0
DA:47,0
BRDA:47,0,0,0
BRDA:47,0,1,0
DA:48,0
BRDA:48,0,0,0
BRDA:48,0,1,0
DA:78,0
BRDA:78,0,0,0
BRDA:78,0,1,0
BRDA:78,0,2,0
BRDA:78,0,3,0
BRDA:78,0,4,0
BRDA:78,0,5,0
BRDA:78,0,6,0
BRDA:78,0,7,0
BRDA:78,0,8,0
BRDA:78,0,9,0
BRDA:78,0,10,0
BRDA:78,0,11,0
BRDA:78,0,12,0
BRDA:78,0,13,0
BRDA:78,0,14,0
BRDA:78,0,15,0
BRDA:78,0,16,0
BRDA:78,0,17,0
BRDA:78,0,18,0
BRDA:78,0,19,0
BRDA:78,0,20,0
BRDA:78,0,21,0
BRDA:78,0,22,0
BRDA:78,0,23,0
BRDA:78,0,24,0
BRDA:78,0,25,0
BRDA:78,0,26,0
BRDA:78,0,27,0
BRDA:78,0,28,0
BRDA:78,0,29,0
BRDA:78,0,30,0
BRDA:78,0,31,0
BRDA:78,0,32,0
BRDA:78,0,33,0
BRDA:78,0,34,0
BRDA:78,0,35,0
BRDA:78,0,36,0
BRDA:78,0,37,0
BRDA:78,0,38,0
BRDA:78,0,39,0
BRDA:78,0,40,0
BRDA:78,0,41,0
BRDA:78,0,42,0
BRDA:78,0,43,0
BRDA:78,0,44,0
BRDA:78,0,45,0
BRDA:78,0,46,0
BRDA:78,0,47,0
BRDA:78,0,48,0
BRDA:78,0,49,0
BRDA:78,0,50,0
BRDA:78,0,51,0
BRDA:78,0,52,0
BRDA:78,0,53,0
BRDA:78,0,54,0
BRDA:78,0,55,0
BRDA:78,0,56,0
BRDA:78,0,57,0
BRDA:78,0,58,0
BRDA:78,0,59,0
BRDA:78,0,60,0
BRDA:78,0,61,0
BRDA:78,0,62,0
BRDA:78,0,63,0
DA:79,1
BRDA:79,0,0,0
BRDA:79,0,1,0
BRDA:79,0,2,0
BRDA:79,0,3,0
BRDA:79,0,4,0
BRDA:79,0,5,0
BRDA:79,0,6,0
BRDA:79,0,7,0
BRDA:79,0,8,0
BRDA:79,0,9,0
BRDA:79,0,10,0
BRDA:79,0,11,0
BRDA:79,0,12,0
BRDA:79,0,13,0
BRDA:79,0,14,0
BRDA:79,0,15,0
BRDA:79,0,16,0
BRDA:79,0,17,0
BRDA:79,0,18,0
BRDA:79,0,19,0
BRDA:79,0,20,0
BRDA:79,0,21,0
BRDA:79,0,22,0
BRDA:79,0,23,0
BRDA:79,0,24,0
BRDA:79,0,25,0
BRDA:79,0,26,0
BRDA:79,0,27,0
BRDA:79,0,28,0
BRDA:79,0,29,0
BRDA:79,0,30,0
BRDA:79,0,31,0
BRDA:79,0,32,0
BRDA:79,0,33,0
BRDA:79,0,34,0
BRDA:79,0,35,0
BRDA:79,0,36,0
BRDA:79,0,37,0
BRDA:79,0,38,0
BRDA:79,0,39,0
BRDA:79,0,40,0
BRDA:79,0,41,0
BRDA:79,0,42,0
BRDA:79,0,43,0
BRDA:79,0,44,0
BRDA:79,0,45,0
BRDA:79,0,46,0
BRDA:79,0,47,0
BRDA:79,0,48,0
BRDA:79,0,49,0
BRDA:79,0,50,0
BRDA:79,0,51,0
BRDA:79,0,52,0
BRDA:79,0,53,0
BRDA:79,0,54,0
BRDA:79,0,55,0
BRDA:79,0,56,0
BRDA:79,0,57,0
BRDA:79,0,58,0
BRDA:79,0,59,0
BRDA:79,0,60,0
BRDA:79,0,61,0
BRDA:79,0,62,1
BRDA:79,0,63,0
DA:80,0
BRDA:80,0,0,0
BRDA:80,0,1,0
BRDA:80,0,2,0
BRDA:80,0,3,0
BRDA:80,0,4,0
BRDA:80,0,5,0
BRDA:80,0,6,0
BRDA:80,0,7,0
BRDA:80,0,8,0
BRDA:80,0,9,0
BRDA:80,0,10,0
BRDA:80,0,11,0
BRDA:80,0,12,0
BRDA:80,0,13,0
BRDA:80,0,14,0
BRDA:80,0,15,0
BRDA:80,0,16,0
BRDA:80,0,17,0
BRDA:80,0,18,0
BRDA:80,0,19,0
BRDA:80,0,20,0
BRDA:80,0,21,0
BRDA:80,0,22,0
BRDA:80,0,23,0
BRDA:80,0,24,0
BRDA:80,0,25,0
BRDA:80,0,26,0
BRDA:80,0,27,0
BRDA:80,0,28,0
BRDA:80,0,29,0
BRDA:80,0,30,0
BRDA:80,0,31,0
BRDA:80,0,32,0
BRDA:80,0,33,0
BRDA:80,0,34,0
BRDA:80,0,35,0
BRDA:80,0,36,0
BRDA:80,0,37,0
BRDA:80,0,38,0
BRDA:80,0,39,0
BRDA:80,0,40,0
BRDA:80,0,41,0
BRDA:80,0,42,0
BRDA:80,0,43,0
BRDA:80,0,44,0
BRDA:80,0,45,0
BRDA:80,0,46,0
BRDA:80,0,47,0
BRDA:80,0,48,0
BRDA:80,0,49,0
BRDA:80,0,50,0
BRDA:80,0,51,0
BRDA:80,0,52,0
BRDA:80,0,53,0
BRDA:80,0,54,0
BRDA:80,0,55,0
BRDA:80,0,56,0
BRDA:80,0,57,0
BRDA:80,0,58,0
BRDA:80,0,59,0
BRDA:80,0,60,0
BRDA:80,0,61,0
BRDA:80,0,62,0
BRDA:80,0,63,0
DA:81,0
BRDA:81,0,0,0
BRDA:81,0,1,0
BRDA:81,0,2,0
BRDA:81,0,3,0
BRDA:81,0,4,0
BRDA:81,0,5,0
BRDA:81,0,6,0
BRDA:81,0,7,0
BRDA:81,0,8,0
BRDA:81,0,9,0
BRDA:81,0,10,0
BRDA:81,0,11,0
BRDA:81,0,12,0
BRDA:81,0,13,0
BRDA:81,0,14,0
BRDA:81,0,15,0
BRDA:81,0,16,0
BRDA:81,0,17,0
BRDA:81,0,18,0
BRDA:81,0,19,0
BRDA:81,0,20,0
BRDA:81,0,21,0
BRDA:81,0,22,0
BRDA:81,0,23,0
BRDA:81,0,24,0
BRDA:81,0,25,0
BRDA:81,0,26,0
BRDA:81,0,27,0
BRDA:81,0,28,0
BRDA:81,0,29,0
BRDA:81,0,30,0
BRDA:81,0,31,0
BRDA:81,0,32,0
BRDA:81,0,33,0
BRDA:81,0,34,0
BRDA:81,0,35,0
BRDA:81,0,36,0
BRDA:81,0,37,0
BRDA:81,0,38,0
BRDA:81,0,39,0
BRDA:81,0,40,0
BRDA:81,0,41,0
BRDA:81,0,42,0
BRDA:81,0,43,0
BRDA:81,0,44,0
BRDA:81,0,45,0
BRDA:81,0,46,0
BRDA:81,0,47,0
BRDA:81,0,48,0
BRDA:81,0,49,0
BRDA:81,0,50,0
BRDA:81,0,51,0
BRDA:81,0,52,0
BRDA:81,0,53,0
BRDA:81,0,54,0
BRDA:81,0,55,0
BRDA:81,0,56,0
BRDA:81,0,57,0
BRDA:81,0,58,0
BRDA:81,0,59,0
BRDA:81,0,60,0
BRDA:81,0,61,0
BRDA:81,0,62,0
BRDA:81,0,63,0
DA:82,0
BRDA:82,0,0,0
BRDA:82,0,1,0
BRDA:82,0,2,0
BRDA:82,0,3,0
BRDA:82,0,4,0
BRDA:82,0,5,0
BRDA:82,0,6,0
BRDA:82,0,7,0
BRDA:82,0,8,0
BRDA:82,0,9,0
BRDA:82,0,10,0
BRDA:82,0,11,0
BRDA:82,0,12,0
BRDA:82,0,13,0
BRDA:82,0,14,0
BRDA:82,0,15,0
BRDA:82,0,16,0
BRDA:82,0,17,0
BRDA:82,0,18,0
BRDA:82,0,19,0
BRDA:82,0,20,0
BRDA:82,0,21,0
BRDA:82,0,22,0
BRDA:82,0,23,0
BRDA:82,0,24,0
BRDA:82,0,25,0
BRDA:82,0,26,0
BRDA:82,0,27,0
BRDA:82,0,28,0
BRDA:82,0,29,0
BRDA:82,0,30,0
BRDA:82,0,31,0
BRDA:82,0,32,0
BRDA:82,0,33,0
BRDA:82,0,34,0
BRDA:82,0,35,0
BRDA:82,0,36,0
BRDA:82,0,37,0
BRDA:82,0,38,0
BRDA:82,0,39,0
BRDA:82,0,40,0
BRDA:82,0,41,0
BRDA:82,0,42,0
BRDA:82,0,43,0
BRDA:82,0,44,0
BRDA:82,0,45,0
BRDA:82,0,46,0
BRDA:82,0,47,0
BRDA:82,0,48,0
BRDA:82,0,49,0
BRDA:82,0,50,0
BRDA:82,0,51,0
BRDA:82,0,52,0
BRDA:82,0,53,0
BRDA:82,0,54,0
BRDA:82,0,55,0
BRDA:82,0,56,0
BRDA:82,0,57,0
BRDA:82,0,58,0
BRDA:82,0,59,0
BRDA:82,0,60,0
BRDA:82,0,61,0
BRDA:82,0,62,0
BRDA:82,0,63,0
BRDA:82,0,64,0
BRDA:82,0,65,0
BRDA:82,0,66,0
BRDA:82,0,67,0
BRDA:82,0,68,0
BRDA:82,0,69,0
BRDA:82,0,70,0
BRDA:82,0,71,0
BRDA:82,0,72,0
BRDA:82,0,73,0
BRDA:82,0,74,0
BRDA:82,0,75,0
BRDA:82,0,76,0
BRDA:82,0,77,0
BRDA:82,0,78,0
BRDA:82,0,79,0
BRDA:82,0,80,0
BRDA:82,0,81,0
BRDA:82,0,82,0
BRDA:82,0,83,0
BRDA:82,0,84,0
BRDA:82,0,85,0
BRDA:82,0,86,0
BRDA:82,0,87,0
BRDA:82,0,88,0
BRDA:82,0,89,0
BRDA:82,0,90,0
BRDA:82,0,91,0
BRDA:82,0,92,0
BRDA:82,0,93,0
BRDA:82,0,94,0
BRDA:82,0,95,0
BRDA:82,0,96,0
BRDA:82,0,97,0
BRDA:82,0,98,0
BRDA:82,0,99,0
BRDA:82,0,100,0
BRDA:82,0,101,0
BRDA:82,0,102,0
BRDA:82,0,103,0
BRDA:82,0,104,0
BRDA:82,0,105,0
BRDA:82,0,106,0
BRDA:82,0,107,0
BRDA:82,0,108,0
BRDA:82,0,109,0
BRDA:82,0,110,0
BRDA:82,0,111,0
BRDA:82,0,112,0
BRDA:82,0,113,0
BRDA:82,0,114,0
BRDA:82,0,115,0
BRDA:82,0,116,0
BRDA:82,0,117,0
BRDA:82,0,118,0
BRDA:82,0,119,0
BRDA:82,0,120,0
BRDA:82,0,121,0
BRDA:82,0,122,0
BRDA:82,0,123,0
BRDA:82,0,124,0
BRDA:82,0,125,0
BRDA:82,0,126,0
BRDA:82,0,127,0
BRDA:82,0,128,0
BRDA:82,0,129,0
BRDA:82,0,130,0
BRDA:82,0,131,0
BRDA:82,0,132,0
BRDA:82,0,133,0
BRDA:82,0,134,0
BRDA:82,0,135,0
BRDA:82,0,136,0
BRDA:82,0,137,0
BRDA:82,0,138,0
BRDA:82,0,139,0
BRDA:82,0,140,0
BRDA:82,0,141,0
BRDA:82,0,142,0
BRDA:82,0,143,0
BRDA:82,0,144,0
BRDA:82,0,145,0
BRDA:82,0,146,0
BRDA:82,0,147,0
BRDA:82,0,148,0
BRDA:82,0,149,0
BRDA:82,0,150,0
BRDA:82,0,151,0
BRDA:82,0,152,0
BRDA:82,0,153,0
BRDA:82,0,154,0
BRDA:82,0,155,0
BRDA:82,0,156,0
BRDA:82,0,157,0
BRDA:82,0,158,0
BRDA:82,0,159,0
BRDA:82,0,160,0
BRDA:82,0,161,0
BRDA:82,0,162,0
BRDA:82,0,163,0
BRDA:82,0,164,0
BRDA:82,0,165,0
BRDA:82,0,166,0
BRDA:82,0,167,0
BRDA:82,0,168,0
BRDA:82,0,169,0
BRDA:82,0,170,0
BRDA:82,0,171,0
BRDA:82,0,172,0
BRDA:82,0,173,0
BRDA:82,0,174,0
BRDA:82,0,175,0
BRDA:82,0,176,0
BRDA:82,0,177,0
BRDA:82,0,178,0
BRDA:82,0,179,0
BRDA:82,0,180,0
BRDA:82,0,181,0
BRDA:82,0,182,0
BRDA:82,0,183,0
BRDA:82,0,184,0
BRDA:82,0,185,0
BRDA:82,0,186,0
BRDA:82,0,187,0
BRDA:82,0,188,0
BRDA:82,0,189,0
BRDA:82,0,190,0
BRDA:82,0,191,0
BRDA:82,0,192,0
BRDA:82,0,193,0
BRDA:82,0,194,0
BRDA:82,0,195,0
BRDA:82,0,196,0
BRDA:82,0,197,0
BRDA:82,0,198,0
BRDA:82,0,199,0
BRDA:82,0,200,0
BRDA:82,0,201,0
BRDA:82,0,202,0
BRDA:82,0,203,0
BRDA:82,0,204,0
BRDA:82,0,205,0
BRDA:82,0,206,0
BRDA:82,0,207,0
BRDA:82,0,208,0
BRDA:82,0,209,0
BRDA:82,0,210,0
BRDA:82,0,211,0
BRDA:82,0,212,0
BRDA:82,0,213,0
BRDA:82,0,214,0
BRDA:82,0,215,0
BRDA:82,0,216,0
BRDA:82,0,217,0
BRDA:82,0,218,0
BRDA:82,0,219,0
BRDA:82,0,220,0
BRDA:82,0,221,0
BRDA:82,0,222,0
BRDA:82,0,223,0
BRDA:82,0,224,0
BRDA:82,0,225,0
BRDA:82,0,226,0
BRDA:82,0,227,0
BRDA:82,0,228,0
BRDA:82,0,229,0
BRDA:82,0,230,0
BRDA:82,0,231,0
BRDA:82,0,232,0
BRDA:82,0,233,0
BRDA:82,0,234,0
BRDA:82,0,235,0
BRDA:82,0,236,0
BRDA:82,0,237,0
BRDA:82,0,238,0
BRDA:82,0,239,0
BRDA:82,0,240,0
BRDA:82,0,241,0
BRDA:82,0,242,0
BRDA:82,0,243,0
BRDA:82,0,244,0
BRDA:82,0,245,0
BRDA:82,0,246,0
BRDA:82,0,247,0
BRDA:82,0,248,0
BRDA:82,0,249,0
BRDA:82,0,250,0
BRDA:82,0,251,0
BRDA:82,0,252,0
BRDA:82,0,253,0
BRDA:82,0,254,0
BRDA:82,0,255,0
BRDA:82,0,256,0
BRDA:82,0,257,0
BRDA:82,0,258,0
BRDA:82,0,259,0
BRDA:82,0,260,0
BRDA:82,0,261,0
BRDA:82,0,262,0
BRDA:82,0,263,0
BRDA:82,0,264,0
BRDA:82,0,265,0
BRDA:82,0,266,0
BRDA:82,0,267,0
BRDA:82,0,268,0
BRDA:82,0,269,0
BRDA:82,0,270,0
BRDA:82,0,271,0
BRDA:82,0,272,0
BRDA:82,0,273,0
BRDA:82,0,274,0
BRDA:82,0,275,0
BRDA:82,0,276,0
BRDA:82,0,277,0
BRDA:82,0,278,0
BRDA:82,0,279,0
BRDA:82,0,280,0
BRDA:82,0,281,0
BRDA:82,0,282,0
BRDA:82,0,283,0
BRDA:82,0,284,0
BRDA:82,0,285,0
BRDA:82,0,286,0
BRDA:82,0,287,0
BRDA:82,0,288,0
BRDA:82,0,289,0
BRDA:82,0,290,0
BRDA:82,0,291,0
BRDA:82,0,292,0
BRDA:82,0,293,0
BRDA:82,0,294,0
BRDA:82,0,295,0
BRDA:82,0,296,0
BRDA:82,0,297,0
BRDA:82,0,298,0
BRDA:82,0,299,0
BRDA:82,0,300,0
BRDA:82,0,301,0
BRDA:82,0,302,0
BRDA:82,0,303,0
BRDA:82,0,304,0
BRDA:82,0,305,0
BRDA:82,0,306,0
BRDA:82,0,307,0
BRDA:82,0,308,0
BRDA:82,0,309,0
BRDA:82,0,310,0
BRDA:82,0,311,0
BRDA:82,0,312,0
BRDA:82,0,313,0
BRDA:82,0,314,0
BRDA:82,0,315,0
BRDA:82,0,316,0
BRDA:82,0,317,0
BRDA:82,0,318,0
BRDA:82,0,319,0
BRDA:82,0,320,0
BRDA:82,0,321,0
BRDA:82,0,322,0
BRDA:82,0,323,0
BRDA:82,0,324,0
BRDA:82,0,325,0
BRDA:82,0,326,0
BRDA:82,0,327,0
BRDA:82,0,328,0
BRDA:82,0,329,0
BRDA:82,0,330,0
BRDA:82,0,331,0
BRDA:82,0,332,0
BRDA:82,0,333,0
BRDA:82,0,334,0
BRDA:82,0,335,0
BRDA:82,0,336,0
BRDA:82,0,337,0
BRDA:82,0,338,0
BRDA:82,0,339,0
BRDA:82,0,340,0
BRDA:82,0,341,0
BRDA:82,0,342,0
BRDA:82,0,343,0
BRDA:82,0,344,0
BRDA:82,0,345,0
BRDA:82,0,346,0
BRDA:82,0,347,0
BRDA:82,0,348,0
BRDA:82,0,349,0
BRDA:82,0,350,0
BRDA:82,0,351,0
BRDA:82,0,352,0
BRDA:82,0,353,0
BRDA:82,0,354,0
BRDA:82,0,355,0
BRDA:82,0,356,0
BRDA:82,0,357,0
BRDA:82,0,358,0
BRDA:82,0,359,0
BRDA:82,0,360,0
BRDA:82,0,361,0
BRDA:82,0,362,0
BRDA:82,0,363,0
BRDA:82,0,364,0
BRDA:82,0,365,0
BRDA:82,0,366,0
BRDA:82,0,367,0
BRDA:82,0,368,0
BRDA:82,0,369,0
BRDA:82,0,370,0
BRDA:82,0,371,0
BRDA:82,0,372,0
BRDA:82,0,373,0
BRDA:82,0,374,0
BRDA:82,0,375,0
BRDA:82,0,376,0
BRDA:82,0,377,0
BRDA:82,0,378,0
BRDA:82,0,379,0
BRDA:82,0,380,0
BRDA:82,0,381,0
BRDA:82,0,382,0
BRDA:82,0,383,0
BRDA:82,0,384,0
BRDA:82,0,385,0
BRDA:82,0,386,0
BRDA:82,0,387,0
BRDA:82,0,388,0
BRDA:82,0,389,0
BRDA:82,0,390,0
BRDA:82,0,391,0
BRDA:82,0,392,0
BRDA:82,0,393,0
BRDA:82,0,394,0
BRDA:82,0,395,0
BRDA:82,0,396,0
BRDA:82,0,397,0
BRDA:82,0,398,0
BRDA:82,0,399,0
BRDA:82,0,400,0
BRDA:82,0,401,0
BRDA:82,0,402,0
BRDA:82,0,403,0
BRDA:82,0,404,0
BRDA:82,0,405,0
BRDA:82,0,406,0
BRDA:82,0,407,0
BRDA:82,0,408,0
BRDA:82,0,409,0
BRDA:82,0,410,0
BRDA:82,0,411,0
BRDA:82,0,412,0
BRDA:82,0,413,0
BRDA:82,0,414,0
BRDA:82,0,415,0
BRDA:82,0,416,0
BRDA:82,0,417,0
BRDA:82,0,418,0
BRDA:82,0,419,0
BRDA:82,0,420,0
BRDA:82,0,421,0
BRDA:82,0,422,0
BRDA:82,0,423,0
BRDA:82,0,424,0
BRDA:82,0,425,0
BRDA:82,0,426,0
BRDA:82,0,427,0
BRDA:82,0,428,0
BRDA:82,0,429,0
BRDA:82,0,430,0
BRDA:82,0,431,0
BRDA:82,0,432,0
BRDA:82,0,433,0
BRDA:82,0,434,0
BRDA:82,0,435,0
BRDA:82,0,436,0
BRDA:82,0,437,0
BRDA:82,0,438,0
BRDA:82,0,439,0
BRDA:82,0,440,0
BRDA:82,0,441,0
BRDA:82,0,442,0
BRDA:82,0,443,0
BRDA:82,0,444,0
BRDA:82,0,445,0
BRDA:82,0,446,0
BRDA:82,0,447,0
BRDA:82,0,448,0
BRDA:82,0,449,0
BRDA:82,0,450,0
BRDA:82,0,451,0
BRDA:82,0,452,0
BRDA:82,0,453,0
BRDA:82,0,454,0
BRDA:82,0,455,0
BRDA:82,0,456,0
BRDA:82,0,457,0
BRDA:82,0,458,0
BRDA:82,0,459,0
BRDA:82,0,460,0
BRDA:82,0,461,0
BRDA:82,0,462,0
BRDA:82,0,463,0
BRDA:82,0,464,0
BRDA:82,0,465,0
BRDA:82,0,466,0
BRDA:82,0,467,0
BRDA:82,0,468,0
BRDA:82,0,469,0
BRDA:82,0,470,0
BRDA:82,0,471,0
BRDA:82,0,472,0
BRDA:82,0,473,0
BRDA:82,0,474,0
BRDA:82,0,475,0
BRDA:82,0,476,0
BRDA:82,0,477,0
BRDA:82,0,478,0
BRDA:82,0,479,0
BRDA:82,0,480,0
BRDA:82,0,481,0
BRDA:82,0,482,0
BRDA:82,0,483,0
BRDA:82,0,484,0
BRDA:82,0,485,0
BRDA:82,0,486,0
BRDA:82,0,487,0
BRDA:82,0,488,0
BRDA:82,0,489,0
BRDA:82,0,490,0
BRDA:82,0,491,0
BRDA:82,0,492,0
BRDA:82,0,493,0
BRDA:82,0,494,0
BRDA:82,0,495,0
BRDA:82,0,496,0
BRDA:82,0,497,0
BRDA:82,0,498,0
BRDA:82,0,499,0
BRDA:82,0,500,0
BRDA:82,0,501,0
BRDA:82,0,502,0
BRDA:82,0,503,0
BRDA:82,0,504,0
BRDA:82,0,505,0
BRDA:82,0,506,0
BRDA:82,0,507,0
BRDA:82,0,508,0
BRDA:82,0,509,0
BRDA:82,0,510,0
BRDA:82,0,511,0
DA:83,0
BRDA:83,0,0,0
BRDA:83,0,1,0
BRDA:83,0,2,0
BRDA:83,0,3,0
BRDA:83,0,4,0
BRDA:83,0,5,0
BRDA:83,0,6,0
BRDA:83,0,7,0
BRDA:83,0,8,0
BRDA:83,0,9,0
BRDA:83,0,10,0
BRDA:83,0,11,0
BRDA:83,0,12,0
BRDA:83,0,13,0
BRDA:83,0,14,0
BRDA:83,0,15,0
BRDA:83,0,16,0
BRDA:83,0,17,0
BRDA:83,0,18,0
BRDA:83,0,19,0
BRDA:83,0,20,0
BRDA:83,0,21,0
BRDA:83,0,22,0
BRDA:83,0,23,0
BRDA:83,0,24,0
BRDA:83,0,25,0
BRDA:83,0,26,0
BRDA:83,0,27,0
BRDA:83,0,28,0
BRDA:83,0,29,0
BRDA:83,0,30,0
BRDA:83,0,31,0
BRDA:83,0,32,0
BRDA:83,0,33,0
BRDA:83,0,34,0
BRDA:83,0,35,0
BRDA:83,0,36,0
BRDA:83,0,37,0
BRDA:83,0,38,0
BRDA:83,0,39,0
BRDA:83,0,40,0
BRDA:83,0,41,0
BRDA:83,0,42,0
BRDA:83,0,43,0
BRDA:83,0,44,0
BRDA:83,0,45,0
BRDA:83,0,46,0
BRDA:83,0,47,0
BRDA:83,0,48,0
BRDA:83,0,49,0
BRDA:83,0,50,0
BRDA:83,0,51,0
BRDA:83,0,52,0
BRDA:83,0,53,0
BRDA:83,0,54,0
BRDA:83,0,55,0
BRDA:83,0,56,0
BRDA:83,0,57,0
BRDA:83,0,58,0
BRDA:83,0,59,0
BRDA:83,0,60,0
BRDA:83,0,61,0
BRDA:83,0,62,0
BRDA:83,0,63,0
BRDA:83,0,64,0
BRDA:83,0,65,0
BRDA:83,0,66,0
BRDA:83,0,67,0
BRDA:83,0,68,0
BRDA:83,0,69,0
BRDA:83,0,70,0
BRDA:83,0,71,0
BRDA:83,0,72,0
BRDA:83,0,73,0
BRDA:83,0,74,0
BRDA:83,0,75,0
BRDA:83,0,76,0
BRDA:83,0,77,0
BRDA:83,0,78,0
BRDA:83,0,79,0
BRDA:83,0,80,0
BRDA:83,0,81,0
BRDA:83,0,82,0
BRDA:83,0,83,0
BRDA:83,0,84,0
BRDA:83,0,85,0
BRDA:83,0,86,0
BRDA:83,0,87,0
BRDA:83,0,88,0
BRDA:83,0,89,0
BRDA:83,0,90,0
BRDA:83,0,91,0
BRDA:83,0,92,0
BRDA:83,0,93,0
BRDA:83,0,94,0
BRDA:83,0,95,0
BRDA:83,0,96,0
BRDA:83,0,97,0
BRDA:83,0,98,0
BRDA:83,0,99,0
BRDA:83,0,100,0
BRDA:83,0,101,0
BRDA:83,0,102,0
BRDA:83,0,103,0
BRDA:83,0,104,0
BRDA:83,0,105,0
BRDA:83,0,106,0
BRDA:83,0,107,0
BRDA:83,0,108,0
BRDA:83,0,109,0
BRDA:83,0,110,0
BRDA:83,0,111,0
BRDA:83,0,112,0
BRDA:83,0,113,0
BRDA:83,0,114,0
BRDA:83,0,115,0
BRDA:83,0,116,0
BRDA:83,0,117,0
BRDA:83,0,118,0
BRDA:83,0,119,0
BRDA:83,0,120,0
BRDA:83,0,121,0
BRDA:83,0,122,0
BRDA:83,0,123,0
BRDA:83,0,124,0
BRDA:83,0,125,0
BRDA:83,0,126,0
BRDA:83,0,127,0
BRDA:83,0,128,0
BRDA:83,0,129,0
BRDA:83,0,130,0
BRDA:83,0,131,0
BRDA:83,0,132,0
BRDA:83,0,133,0
BRDA:83,0,134,0
BRDA:83,0,135,0
BRDA:83,0,136,0
BRDA:83,0,137,0
BRDA:83,0,138,0
BRDA:83,0,139,0
BRDA:83,0,140,0
BRDA:83,0,141,0
BRDA:83,0,142,0
BRDA:83,0,143,0
BRDA:83,0,144,0
BRDA:83,0,145,0
BRDA:83,0,146,0
BRDA:83,0,147,0
BRDA:83,0,148,0
BRDA:83,0,149,0
BRDA:83,0,150,0
BRDA:83,0,151,0
BRDA:83,0,152,0
BRDA:83,0,153,0
BRDA:83,0,154,0
BRDA:83,0,155,0
BRDA:83,0,156,0
BRDA:83,0,157,0
BRDA:83,0,158,0
BRDA:83,0,159,0
BRDA:83,0,160,0
BRDA:83,0,161,0
BRDA:83,0,162,0
BRDA:83,0,163,0
BRDA:83,0,164,0
BRDA:83,0,165,0
BRDA:83,0,166,0
BRDA:83,0,167,0
BRDA:83,0,168,0
BRDA:83,0,169,0
BRDA:83,0,170,0
BRDA:83,0,171,0
BRDA:83,0,172,0
BRDA:83,0,173,0
BRDA:83,0,174,0
BRDA:83,0,175,0
BRDA:83,0,176,0
BRDA:83,0,177,0
BRDA:83,0,178,0
BRDA:83,0,179,0
BRDA:83,0,180,0
BRDA:83,0,181,0
BRDA:83,0,182,0
BRDA:83,0,183,0
BRDA:83,0,184,0
BRDA:83,0,185,0
BRDA:83,0,186,0
BRDA:83,0,187,0
BRDA:83,0,188,0
BRDA:83,0,189,0
BRDA:83,0,190,0
BRDA:83,0,191,0
BRDA:83,0,192,0
BRDA:83,0,193,0
BRDA:83,0,194,0
BRDA:83,0,195,0
BRDA:83,0,196,0
BRDA:83,0,197,0
BRDA:83,0,198,0
BRDA:83,0,199,0
BRDA:83,0,200,0
BRDA:83,0,201,0
BRDA:83,0,202,0
BRDA:83,0,203,0
BRDA:83,0,204,0
BRDA:83,0,205,0
BRDA:83,0,206,0
BRDA:83,0,207,0
BRDA:83,0,208,0
BRDA:83,0,209,0
BRDA:83,0,210,0
BRDA:83,0,211,0
BRDA:83,0,212,0
BRDA:83,0,213,0
BRDA:83,0,214,0
BRDA:83,0,215,0
BRDA:83,0,216,0
BRDA:83,0,217,0
BRDA:83,0,218,0
BRDA:83,0,219,0
BRDA:83,0,220,0
BRDA:83,0,221,0
BRDA:83,0,222,0
BRDA:83,0,223,0
BRDA:83,0,224,0
BRDA:83,0,225,0
BRDA:83,0,226,0
BRDA:83,0,227,0
BRDA:83,0,228,0
BRDA:83,0,229,0
BRDA:83,0,230,0
BRDA:83,0,231,0
BRDA:83,0,232,0
BRDA:83,0,233,0
BRDA:83,0,234,0
BRDA:83,0,235,0
BRDA:83,0,236,0
BRDA:83,0,237,0
BRDA:83,0,238,0
BRDA:83,0,239,0
BRDA:83,0,240,0
BRDA:83,0,241,0
BRDA:83,0,242,0
BRDA:83,0,243,0
BRDA:83,0,244,0
BRDA:83,0,245,0
BRDA:83,0,246,0
BRDA:83,0,247,0
BRDA:83,0,248,0
BRDA:83,0,249,0
BRDA:83,0,250,0
BRDA:83,0,251,0
BRDA:83,0,252,0
BRDA:83,0,253,0
BRDA:83,0,254,0
BRDA:83,0,255,0
DA:84,0
BRDA:84,0,0,0
BRDA:84,0,1,0
BRDA:84,0,2,0
BRDA:84,0,3,0
BRDA:84,0,4,0
BRDA:84,0,5,0
BRDA:84,0,6,0
BRDA:84,0,7,0
BRDA:84,0,8,0
BRDA:84,0,9,0
BRDA:84,0,10,0
BRDA:84,0,11,0
BRDA:84,0,12,0
BRDA:84,0,13,0
BRDA:84,0,14,0
BRDA:84,0,15,0
BRDA:84,0,16,0
BRDA:84,0,17,0
BRDA:84,0,18,0
BRDA:84,0,19,0
BRDA:84,0,20,0
BRDA:84,0,21,0
BRDA:84,0,22,0
BRDA:84,0,23,0
BRDA:84,0,24,0
BRDA:84,0,25,0
BRDA:84,0,26,0
BRDA:84,0,27,0
BRDA:84,0,28,0
BRDA:84,0,29,0
BRDA:84,0,30,0
BRDA:84,0,31,0
BRDA:84,0,32,0
BRDA:84,0,33,0
BRDA:84,0,34,0
BRDA:84,0,35,0
BRDA:84,0,36,0
BRDA:84,0,37,0
BRDA:84,0,38,0
BRDA:84,0,39,0
BRDA:84,0,40,0
BRDA:84,0,41,0
BRDA:84,0,42,0
BRDA:84,0,43,0
BRDA:84,0,44,0
BRDA:84,0,45,0
BRDA:84,0,46,0
BRDA:84,0,47,0
BRDA:84,0,48,0
BRDA:84,0,49,0
BRDA:84,0,50,0
BRDA:84,0,51,0
BRDA:84,0,52,0
BRDA:84,0,53,0
BRDA:84,0,54,0
BRDA:84,0,55,0
BRDA:84,0,56,0
BRDA:84,0,57,0
BRDA:84,0,58,0
BRDA:84,0,59,0
BRDA:84,0,60,0
BRDA:84,0,61,0
BRDA:84,0,62,0
BRDA:84,0,63,0
DA:85,0
BRDA:85,0,0,0
BRDA:85,0,1,0
BRDA:85,0,2,0
BRDA:85,0,3,0
BRDA:85,0,4,0
BRDA:85,0,5,0
BRDA:85,0,6,0
BRDA:85,0,7,0
BRDA:85,0,8,0
BRDA:85,0,9,0
BRDA:85,0,10,0
BRDA:85,0,11,0
BRDA:85,0,12,0
BRDA:85,0,13,0
BRDA:85,0,14,0
BRDA:85,0,15,0
BRDA:85,0,16,0
BRDA:85,0,17,0
BRDA:85,0,18,0
BRDA:85,0,19,0
BRDA:85,0,20,0
BRDA:85,0,21,0
BRDA:85,0,22,0
BRDA:85,0,23,0
BRDA:85,0,24,0
BRDA:85,0,25,0
BRDA:85,0,26,0
BRDA:85,0,27,0
BRDA:85,0,28,0
BRDA:85,0,29,0
BRDA:85,0,30,0
BRDA:85,0,31,0
BRDA:85,0,32,0
BRDA:85,0,33,0
BRDA:85,0,34,0
BRDA:85,0,35,0
BRDA:85,0,36,0
BRDA:85,0,37,0
BRDA:85,0,38,0
BRDA:85,0,39,0
BRDA:85,0,40,0
BRDA:85,0,41,0
BRDA:85,0,42,0
BRDA:85,0,43,0
BRDA:85,0,44,0
BRDA:85,0,45,0
BRDA:85,0,46,0
BRDA:85,0,47,0
BRDA:85,0,48,0
BRDA:85,0,49,0
BRDA:85,0,50,0
BRDA:85,0,51,0
BRDA:85,0,52,0
BRDA:85,0,53,0
BRDA:85,0,54,0
BRDA:85,0,55,0
BRDA:85,0,56,0
BRDA:85,0,57,0
BRDA:85,0,58,0
BRDA:85,0,59,0
BRDA:85,0,60,0
BRDA:85,0,61,0
BRDA:85,0,62,0
BRDA:85,0,63,0
DA:86,0
BRDA:86,0,0,0
BRDA:86,0,1,0
BRDA:86,0,2,0
BRDA:86,0,3,0
BRDA:86,0,4,0
BRDA:86,0,5,0
BRDA:86,0,6,0
BRDA:86,0,7,0
BRDA:86,0,8,0
BRDA:86,0,9,0
BRDA:86,0,10,0
BRDA:86,0,11,0
BRDA:86,0,12,0
BRDA:86,0,13,0
BRDA:86,0,14,0
BRDA:86,0,15,0
BRDA:86,0,16,0
BRDA:86,0,17,0
BRDA:86,0,18,0
BRDA:86,0,19,0
BRDA:86,0,20,0
BRDA:86,0,21,0
BRDA:86,0,22,0
BRDA:86,0,23,0
BRDA:86,0,24,0
BRDA:86,0,25,0
BRDA:86,0,26,0
BRDA:86,0,27,0
BRDA:86,0,28,0
BRDA:86,0,29,0
BRDA:86,0,30,0
BRDA:86,0,31,0
BRDA:86,0,32,0
BRDA:86,0,33,0
BRDA:86,0,34,0
BRDA:86,0,35,0
BRDA:86,0,36,0
BRDA:86,0,37,0
BRDA:86,0,38,0
BRDA:86,0,39,0
BRDA:86,0,40,0
BRDA:86,0,41,0
BRDA:86,0,42,0
BRDA:86,0,43,0
BRDA:86,0,44,0
BRDA:86,0,45,0
BRDA:86,0,46,0
BRDA:86,0,47,0
BRDA:86,0,48,0
BRDA:86,0,49,0
BRDA:86,0,50,0
BRDA:86,0,51,0
BRDA:86,0,52,0
BRDA:86,0,53,0
BRDA:86,0,54,0
BRDA:86,0,55,0
BRDA:86,0,56,0
BRDA:86,0,57,0
BRDA:86,0,58,0
BRDA:86,0,59,0
BRDA:86,0,60,0
BRDA:86,0,61,0
BRDA:86,0,62,0
BRDA:86,0,63,0
DA:87,0
BRDA:87,0,0,0
BRDA:87,0,1,0
BRDA:87,0,2,0
BRDA:87,0,3,0
BRDA:87,0,4,0
BRDA:87,0,5,0
BRDA:87,0,6,0
BRDA:87,0,7,0
BRDA:87,0,8,0
BRDA:87,0,9,0
BRDA:87,0,10,0
BRDA:87,0,11,0
BRDA:87,0,12,0
BRDA:87,0,13,0
BRDA:87,0,14,0
BRDA:87,0,15,0
BRDA:87,0,16,0
BRDA:87,0,17,0
BRDA:87,0,18,0
BRDA:87,0,19,0
BRDA:87,0,20,0
BRDA:87,0,21,0
BRDA:87,0,22,0
BRDA:87,0,23,0
BRDA:87,0,24,0
BRDA:87,0,25,0
BRDA:87,0,26,0
BRDA:87,0,27,0
BRDA:87,0,28,0
BRDA:87,0,29,0
BRDA:87,0,30,0
BRDA:87,0,31,0
BRDA:87,0,32,0
BRDA:87,0,33,0
BRDA:87,0,34,0
BRDA:87,0,35,0
BRDA:87,0,36,0
BRDA:87,0,37,0
BRDA:87,0,38,0
BRDA:87,0,39,0
BRDA:87,0,40,0
BRDA:87,0,41,0
BRDA:87,0,42,0
BRDA:87,0,43,0
BRDA:87,0,44,0
BRDA:87,0,45,0
BRDA:87,0,46,0
BRDA:87,0,47,0
BRDA:87,0,48,0
BRDA:87,0,49,0
BRDA:87,0,50,0
BRDA:87,0,51,0
BRDA:87,0,52,0
BRDA:87,0,53,0
BRDA:87,0,54,0
BRDA:87,0,55,0
BRDA:87,0,56,0
BRDA:87,0,57,0
BRDA:87,0,58,0
BRDA:87,0,59,0
BRDA:87,0,60,0
BRDA:87,0,61,0
BRDA:87,0,62,0
BRDA:87,0,63,0
DA:90,0
BRDA:90,0,0,0
BRDA:90,0,1,0
DA:97,0
BRDA:97,0,0,0
BRDA:97,0,1,0
DA:102,3
BRDA:102,0,0,3
BRDA:102,0,1,3
DA:103,0
BRDA:103,0,0,0
BRDA:103,0,1,0
DA:106,0
BRDA:106,0,0,0
BRDA:106,0,1,0
DA:109,0
BRDA:109,0,0,0
BRDA:109,0,1,0
DA:110,300049
BRDA:110,0,0,0
BRDA:110,0,1,0
BRDA:110,0,2,0
BRDA:110,0,3,300049
DA:113,0
BRDA:113,0,0,0
BRDA:113,0,1,0
DA:118,0
BRDA:118,0,0,0
BRDA:118,0,1,0
BRDA:118,0,2,0
BRDA:118,0,3,0
BRDA:118,0,4,0
BRDA:118,0,5,0
BRDA:118,0,6,0
BRDA:118,0,7,0
BRDA:118,0,8,0
BRDA:118,0,9,0
BRDA:118,0,10,0
BRDA:118,0,11,0
BRDA:118,0,12,0
BRDA:118,0,13,0
BRDA:118,0,14,0
BRDA:118,0,15,0
BRDA:118,0,16,0
BRDA:118,0,17,0
BRDA:118,0,18,0
BRDA:118,0,19,0
BRDA:118,0,20,0
BRDA:118,0,21,0
BRDA:118,0,22,0
BRDA:118,0,23,0
BRDA:118,0,24,0
BRDA:118,0,25,0
BRDA:118,0,26,0
BRDA:118,0,27,0
BRDA:118,0,28,0
BRDA:118,0,29,0
BRDA:118,0,30,0
BRDA:118,0,31,0
BRDA:118,0,32,0
BRDA:118,0,33,0
BRDA:118,0,34,0
BRDA:118,0,35,0
BRDA:118,0,36,0
BRDA:118,0,37,0
BRDA:118,0,38,0
BRDA:118,0,39,0
BRDA:118,0,40,0
BRDA:118,0,41,0
BRDA:118,0,42,0
BRDA:118,0,43,0
BRDA:118,0,44,0
BRDA:118,0,45,0
BRDA:118,0,46,0
BRDA:118,0,47,0
BRDA:118,0,48,0
BRDA:118,0,49,0
BRDA:118,0,50,0
BRDA:118,0,51,0
BRDA:118,0,52,0
BRDA:118,0,53,0
BRDA:118,0,54,0
BRDA:118,0,55,0
BRDA:118,0,56,0
BRDA:118,0,57,0
BRDA:118,0,58,0
BRDA:118,0,59,0
BRDA:118,0,60,0
BRDA:118,0,61,0
BRDA:118,0,62,0
BRDA:118,0,63,0
BRDA:118,0,64,0
BRDA:118,0,65,0
BRDA:118,0,66,0
BRDA:118,0,67,0
BRDA:118,0,68,0
BRDA:118,0,69,0
BRDA:118,0,70,0
BRDA:118,0,71,0
BRDA:118,0,72,0
BRDA:118,0,73,0
BRDA:118,0,74,0
BRDA:118,0,75,0
BRDA:118,0,76,0
BRDA:118,0,77,0
BRDA:118,0,78,0
BRDA:118,0,79,0
BRDA:118,0,80,0
BRDA:118,0,81,0
BRDA:118,0,82,0
BRDA:118,0,83,0
BRDA:118,0,84,0
BRDA:118,0,85,0
BRDA:118,0,86,0
BRDA:118,0,87,0
BRDA:118,0,88,0
BRDA:118,0,89,0
BRDA:118,0,90,0
BRDA:118,0,91,0
BRDA:118,0,92,0
BRDA:118,0,93,0
BRDA:118,0,94,0
BRDA:118,0,95,0
BRDA:118,0,96,0
BRDA:118,0,97,0
BRDA:118,0,98,0
BRDA:118,0,99,0
BRDA:118,0,100,0
BRDA:118,0,101,0
BRDA:118,0,102,0
BRDA:118,0,103,0
BRDA:118,0,104,0
BRDA:118,0,105,0
BRDA:118,0,106,0
BRDA:118,0,107,0
BRDA:118,0,108,0
BRDA:118,0,109,0
BRDA:118,0,110,0
BRDA:118,0,111,0
BRDA:118,0,112,0
BRDA:118,0,113,0
BRDA:118,0,114,0
BRDA:118,0,115,0
BRDA:118,0,116,0
BRDA:118,0,117,0
BRDA:118,0,118,0
BRDA:118,0,119,0
BRDA:118,0,120,0
BRDA:118,0,121,0
BRDA:118,0,122,0
BRDA:118,0,123,0
BRDA:118,0,124,0
BRDA:118,0,125,0
BRDA:118,0,126,0
BRDA:118,0,127,0
BRDA:118,0,128,0
BRDA:118,0,129,0
BRDA:118,0,130,0
BRDA:118,0,131,0
BRDA:118,0,132,0
BRDA:118,0,133,0
BRDA:118,0,134,0
BRDA:118,0,135,0
BRDA:118,0,136,0
BRDA:118,0,137,0
BRDA:118,0,138,0
BRDA:118,0,139,0
BRDA:118,0,140,0
BRDA:118,0,141,0
BRDA:118,0,142,0
BRDA:118,0,143,0
BRDA:118,0,144,0
BRDA:118,0,145,0
BRDA:118,0,146,0
BRDA:118,0,147,0
BRDA:118,0,148,0
BRDA:118,0,149,0
BRDA:118,0,150,0
BRDA:118,0,151,0
BRDA:118,0,152,0
BRDA:118,0,153,0
BRDA:118,0,154,0
BRDA:118,0,155,0
BRDA:118,0,156,0
BRDA:118,0,157,0
BRDA:118,0,158,0
BRDA:118,0,159,0
BRDA:118,0,160,0
BRDA:118,0,161,0
BRDA:118,0,162,0
BRDA:118,0,163,0
BRDA:118,0,164,0
BRDA:118,0,165,0
BRDA:118,0,166,0
BRDA:118,0,167,0
BRDA:118,0,168,0
BRDA:118,0,169,0
BRDA:118,0,170,0
BRDA:118,0,171,0
BRDA:118,0,172,0
BRDA:118,0,173,0
BRDA:118,0,174,0
BRDA:118,0,175,0
BRDA:118,0,176,0
BRDA:118,0,177,0
BRDA:118,0,178,0
BRDA:118,0,179,0
BRDA:118,0,180,0
BRDA:118,0,181,0
BRDA:118,0,182,0
BRDA:118,0,183,0
BRDA:118,0,184,0
BRDA:118,0,185,0
BRDA:118,0,186,0
BRDA:118,0,187,0
BRDA:118,0,188,0
BRDA:118,0,189,0
BRDA:118,0,190,0
BRDA:118,0,191,0
BRDA:118,0,192,0
BRDA:118,0,193,0
BRDA:118,0,194,0
BRDA:118,0,195,0
BRDA:118,0,196,0
BRDA:118,0,197,0
BRDA:118,0,198,0
BRDA:118,0,199,0
BRDA:118,0,200,0
BRDA:118,0,201,0
BRDA:118,0,202,0
BRDA:118,0,203,0
BRDA:118,0,204,0
BRDA:118,0,205,0
BRDA:118,0,206,0
BRDA:118,0,207,0
BRDA:118,0,208,0
BRDA:118,0,209,0
BRDA:118,0,210,0
BRDA:118,0,211,0
BRDA:118,0,212,0
BRDA:118,0,213,0
BRDA:118,0,214,0
BRDA:118,0,215,0
BRDA:118,0,216,0
BRDA:118,0,217,0
BRDA:118,0,218,0
BRDA:118,0,219,0
BRDA:118,0,220,0
BRDA:118,0,221,0
BRDA:118,0,222,0
BRDA:118,0,223,0
BRDA:118,0,224,0
BRDA:118,0,225,0
BRDA:118,0,226,0
BRDA:118,0,227,0
BRDA:118,0,228,0
BRDA:118,0,229,0
BRDA:118,0,230,0
BRDA:118,0,231,0
BRDA:118,0,232,0
BRDA:118,0,233,0
BRDA:118,0,234,0
BRDA:118,0,235,0
BRDA:118,0,236,0
BRDA:118,0,237,0
BRDA:118,0,238,0
BRDA:118,0,239,0
BRDA:118,0,240,0
BRDA:118,0,241,0
BRDA:118,0,242,0
BRDA:118,0,243,0
BRDA:118,0,244,0
BRDA:118,0,245,0
BRDA:118,0,246,0
BRDA:118,0,247,0
BRDA:118,0,248,0
BRDA:118,0,249,0
BRDA:118,0,250,0
BRDA:118,0,251,0
BRDA:118,0,252,0
BRDA:118,0,253,0
BRDA:118,0,254,0
BRDA:118,0,255,0
BRDA:118,0,256,0
BRDA:118,0,257,0
BRDA:118,0,258,0
BRDA:118,0,259,0
BRDA:118,0,260,0
BRDA:118,0,261,0
BRDA:118,0,262,0
BRDA:118,0,263,0
BRDA:118,0,264,0
BRDA:118,0,265,0
BRDA:118,0,266,0
BRDA:118,0,267,0
BRDA:118,0,268,0
BRDA:118,0,269,0
BRDA:118,0,270,0
BRDA:118,0,271,0
BRDA:118,0,272,0
BRDA:118,0,273,0
BRDA:118,0,274,0
BRDA:118,0,275,0
BRDA:118,0,276,0
BRDA:118,0,277,0
BRDA:118,0,278,0
BRDA:118,0,279,0
BRDA:118,0,280,0
BRDA:118,0,281,0
BRDA:118,0,282,0
BRDA:118,0,283,0
BRDA:118,0,284,0
BRDA:118,0,285,0
BRDA:118,0,286,0
BRDA:118,0,287,0
BRDA:118,0,288,0
BRDA:118,0,289,0
BRDA:118,0,290,0
BRDA:118,0,291,0
BRDA:118,0,292,0
BRDA:118,0,293,0
BRDA:118,0,294,0
BRDA:118,0,295,0
BRDA:118,0,296,0
BRDA:118,0,297,0
BRDA:118,0,298,0
BRDA:118,0,299,0
BRDA:118,0,300,0
BRDA:118,0,301,0
BRDA:118,0,302,0
BRDA:118,0,303,0
BRDA:118,0,304,0
BRDA:118,0,305,0
BRDA:118,0,306,0
BRDA:118,0,307,0
BRDA:118,0,308,0
BRDA:118,0,309,0
BRDA:118,0,310,0
BRDA:118,0,311,0
BRDA:118,0,312,0
BRDA:118,0,313,0
BRDA:118,0,314,0
BRDA:118,0,315,0
BRDA:118,0,316,0
BRDA:118,0,317,0
BRDA:118,0,318,0
BRDA:118,0,319,0
BRDA:118,0,320,0
BRDA:118,0,321,0
BRDA:118,0,322,0
BRDA:118,0,323,0
BRDA:118,0,324,0
BRDA:118,0,325,0
BRDA:118,0,326,0
BRDA:118,0,327,0
BRDA:118,0,328,0
BRDA:118,0,329,0
BRDA:118,0,330,0
BRDA:118,0,331,0
BRDA:118,0,332,0
BRDA:118,0,333,0
BRDA:118,0,334,0
BRDA:118,0,335,0
BRDA:118,0,336,0
BRDA:118,0,337,0
BRDA:118,0,338,0
BRDA:118,0,339,0
BRDA:118,0,340,0
BRDA:118,0,341,0
BRDA:118,0,342,0
BRDA:118,0,343,0
BRDA:118,0,344,0
BRDA:118,0,345,0
BRDA:118,0,346,0
BRDA:118,0,347,0
BRDA:118,0,348,0
BRDA:118,0,349,0
BRDA:118,0,350,0
BRDA:118,0,351,0
BRDA:118,0,352,0
BRDA:118,0,353,0
BRDA:118,0,354,0
BRDA:118,0,355,0
BRDA:118,0,356,0
BRDA:118,0,357,0
BRDA:118,0,358,0
BRDA:118,0,359,0
BRDA:118,0,360,0
BRDA:118,0,361,0
BRDA:118,0,362,0
BRDA:118,0,363,0
BRDA:118,0,364,0
BRDA:118,0,365,0
BRDA:118,0,366,0
BRDA:118,0,367,0
BRDA:118,0,368,0
BRDA:118,0,369,0
BRDA:118,0,370,0
BRDA:118,0,371,0
BRDA:118,0,372,0
BRDA:118,0,373,0
BRDA:118,0,374,0
BRDA:118,0,375,0
BRDA:118,0,376,0
BRDA:118,0,377,0
BRDA:118,0,378,0
BRDA:118,0,379,0
BRDA:118,0,380,0
BRDA:118,0,381,0
BRDA:118,0,382,0
BRDA:118,0,383,0
BRDA:118,0,384,0
BRDA:118,0,385,0
BRDA:118,0,386,0
BRDA:118,0,387,0
BRDA:118,0,388,0
BRDA:118,0,389,0
BRDA:118,0,390,0
BRDA:118,0,391,0
BRDA:118,0,392,0
BRDA:118,0,393,0
BRDA:118,0,394,0
BRDA:118,0,395,0
BRDA:118,0,396,0
BRDA:118,0,397,0
BRDA:118,0,398,0
BRDA:118,0,399,0
BRDA:118,0,400,0
BRDA:118,0,401,0
BRDA:118,0,402,0
BRDA:118,0,403,0
BRDA:118,0,404,0
BRDA:118,0,405,0
BRDA:118,0,406,0
BRDA:118,0,407,0
BRDA:118,0,408,0
BRDA:118,0,409,0
BRDA:118,0,410,0
BRDA:118,0,411,0
BRDA:118,0,412,0
BRDA:118,0,413,0
BRDA:118,0,414,0
BRDA:118,0,415,0
BRDA:118,0,416,0
BRDA:118,0,417,0
BRDA:118,0,418,0
BRDA:118,0,419,0
BRDA:118,0,420,0
BRDA:118,0,421,0
BRDA:118,0,422,0
BRDA:118,0,423,0
BRDA:118,0,424,0
BRDA:118,0,425,0
BRDA:118,0,426,0
BRDA:118,0,427,0
BRDA:118,0,428,0
BRDA:118,0,429,0
BRDA:118,0,430,0
BRDA:118,0,431,0
BRDA:118,0,432,0
BRDA:118,0,433,0
BRDA:118,0,434,0
BRDA:118,0,435,0
BRDA:118,0,436,0
BRDA:118,0,437,0
BRDA:118,0,438,0
BRDA:118,0,439,0
BRDA:118,0,440,0
BRDA:118,0,441,0
BRDA:118,0,442,0
BRDA:118,0,443,0
BRDA:118,0,444,0
BRDA:118,0,445,0
BRDA:118,0,446,0
BRDA:118,0,447,0
BRDA:118,0,448,0
BRDA:118,0,449,0
BRDA:118,0,450,0
BRDA:118,0,451,0
BRDA:118,0,452,0
BRDA:118,0,453,0
BRDA:118,0,454,0
BRDA:118,0,455,0
BRDA:118,0,456,0
BRDA:118,0,457,0
BRDA:118,0,458,0
BRDA:118,0,459,0
BRDA:118,0,460,0
BRDA:118,0,461,0
BRDA:118,0,462,0
BRDA:118,0,463,0
BRDA:118,0,464,0
BRDA:118,0,465,0
BRDA:118,0,466,0
BRDA:118,0,467,0
BRDA:118,0,468,0
BRDA:118,0,469,0
BRDA:118,0,470,0
BRDA:118,0,471,0
BRDA:118,0,472,0
BRDA:118,0,473,0
BRDA:118,0,474,0
BRDA:118,0,475,0
BRDA:118,0,476,0
BRDA:118,0,477,0
BRDA:118,0,478,0
BRDA:118,0,479,0
BRDA:118,0,480,0
BRDA:118,0,481,0
BRDA:118,0,482,0
BRDA:118,0,483,0
BRDA:118,0,484,0
BRDA:118,0,485,0
BRDA:118,0,486,0
BRDA:118,0,487,0
BRDA:118,0,488,0
BRDA:118,0,489,0
BRDA:118,0,490,0
BRDA:118,0,491,0
BRDA:118,0,492,0
BRDA:118,0,493,0
BRDA:118,0,494,0
BRDA:118,0,495,0
BRDA:118,0,496,0
BRDA:118,0,497,0
BRDA:118,0,498,0
BRDA:118,0,499,0
BRDA:118,0,500,0
BRDA:118,0,501,0
BRDA:118,0,502,0
BRDA:118,0,503,0
BRDA:118,0,504,0
BRDA:118,0,505,0
BRDA:118,0,506,0
BRDA:118,0,507,0
BRDA:118,0,508,0
BRDA:118,0,509,0
BRDA:118,0,510,0
BRDA:118,0,511,0
DA:122,0
BRDA:122,0,0,0
BRDA:122,0,1,0
DA:123,0
BRDA:123,0,0,0
BRDA:123,0,1,0
DA:124,0
BRDA:124,0,0,0
BRDA:124,0,1,0
DA:125,0
BRDA:125,0,0,0
BRDA:125,0,1,0
BRDA:125,0,2,0
BRDA:125,0,3,0
BRDA:125,0,4,0
BRDA:125,0,5,0
DA:126,0
BRDA:126,0,0,0
BRDA:126,0,1,0
BRDA:126,0,2,0
BRDA:126,0,3,0
DA:127,0
BRDA:127,0,0,0
BRDA:127,0,1,0
DA:128,0
BRDA:128,0,0,0
BRDA:128,0,1,0
DA:129,0
BRDA:129,0,0,0
BRDA:129,0,1,0
DA:131,0
BRDA:131,0,0,0
BRDA:131,0,1,0
DA:132,0
BRDA:132,0,0,0
BRDA:132,0,1,0
DA:133,0
BRDA:133,0,0,0
BRDA:133,0,1,0
DA:151,0
BRDA:151,0,0,0
BRDA:151,0,1,0
DA:152,0
BRDA:152,0,0,0
BRDA:152,0,1,0
DA:153,0
BRDA:153,0,0,0
BRDA:153,0,1,0
DA:154,0
BRDA:154,0,0,0
BRDA:154,0,1,0
DA:157,0
BRDA:157,0,0,0
BRDA:157,0,1,0
BRDA:157,0,2,0
BRDA:157,0,3,0
BRDA:157,0,4,0
BRDA:157,0,5,0
BRDA:157,0,6,0
BRDA:157,0,7,0
DA:191,0
BRDA:191,0,0,0
BRDA:191,0,1,0
BRDA:191,0,2,0
BRDA:191,0,3,0
BRDA:191,0,4,0
BRDA:191,0,5,0
BRDA:191,0,6,0
BRDA:191,0,7,0
BRDA:191,0,8,0
BRDA:191,0,9,0
BRDA:191,0,10,0
BRDA:191,0,11,0
BRDA:191,0,12,0
BRDA:191,0,13,0
BRDA:191,0,14,0
BRDA:191,0,15,0
BRDA:191,0,16,0
BRDA:191,0,17,0
BRDA:191,0,18,0
BRDA:191,0,19,0
BRDA:191,0,20,0
BRDA:191,0,21,0
BRDA:191,0,22,0
BRDA:191,0,23,0
BRDA:191,0,24,0
BRDA:191,0,25,0
BRDA:191,0,26,0
BRDA:191,0,27,0
BRDA:191,0,28,0
BRDA:191,0,29,0
BRDA:191,0,30,0
BRDA:191,0,31,0
BRDA:191,0,32,0
BRDA:191,0,33,0
BRDA:191,0,34,0
BRDA:191,0,35,0
BRDA:191,0,36,0
BRDA:191,0,37,0
BRDA:191,0,38,0
BRDA:191,0,39,0
BRDA:191,0,40,0
BRDA:191,0,41,0
BRDA:191,0,42,0
BRDA:191,0,43,0
BRDA:191,0,44,0
BRDA:191,0,45,0
BRDA:191,0,46,0
BRDA:191,0,47,0
BRDA:191,0,48,0
BRDA:191,0,49,0
BRDA:191,0,50,0
BRDA:191,0,51,0
BRDA:191,0,52,0
BRDA:191,0,53,0
BRDA:191,0,54,0
BRDA:191,0,55,0
BRDA:191,0,56,0
BRDA:191,0,57,0
BRDA:191,0,58,0
BRDA:191,0,59,0
BRDA:191,0,60,0
BRDA:191,0,61,0
BRDA:191,0,62,0
BRDA:191,0,63,0
BRDA:191,0,64,0
BRDA:191,0,65,0
BRDA:191,0,66,0
BRDA:191,0,67,0
BRDA:191,0,68,0
BRDA:191,0,69,0
BRDA:191,0,70,0
BRDA:191,0,71,0
BRDA:191,0,72,0
BRDA:191,0,73,0
BRDA:191,0,74,0
BRDA:191,0,75,0
BRDA:191,0,76,0
BRDA:191,0,77,0
BRDA:191,0,78,0
BRDA:191,0,79,0
BRDA:191,0,80,0
BRDA:191,0,81,0
BRDA:191,0,82,0
BRDA:191,0,83,0
BRDA:191,0,84,0
BRDA:191,0,85,0
BRDA:191,0,86,0
BRDA:191,0,87,0
BRDA:191,0,88,0
BRDA:191,0,89,0
BRDA:191,0,90,0
BRDA:191,0,91,0
BRDA:191,0,92,0
BRDA:191,0,93,0
BRDA:191,0,94,0
BRDA:191,0,95,0
BRDA:191,0,96,0
BRDA:191,0,97,0
BRDA:191,0,98,0
BRDA:191,0,99,0
BRDA:191,0,100,0
BRDA:191,0,101,0
BRDA:191,0,102,0
BRDA:191,0,103,0
BRDA:191,0,104,0
BRDA:191,0,105,0
BRDA:191,0,106,0
BRDA:191,0,107,0
BRDA:191,0,108,0
BRDA:191,0,109,0
BRDA:191,0,110,0
BRDA:191,0,111,0
BRDA:191,0,112,0
BRDA:191,0,113,0
BRDA:191,0,114,0
BRDA:191,0,115,0
BRDA:191,0,116,0
BRDA:191,0,117,0
BRDA:191,0,118,0
BRDA:191,0,119,0
BRDA:191,0,120,0
BRDA:191,0,121,0
BRDA:191,0,122,0
BRDA:191,0,123,0
BRDA:191,0,124,0
BRDA:191,0,125,0
BRDA:191,0,126,0
BRDA:191,0,127,0
BRDA:191,0,128,0
BRDA:191,0,129,0
BRDA:191,0,130,0
BRDA:191,0,131,0
BRDA:191,0,132,0
BRDA:191,0,133,0
BRDA:191,0,134,0
BRDA:191,0,135,0
BRDA:191,0,136,0
BRDA:191,0,137,0
BRDA:191,0,138,0
BRDA:191,0,139,0
BRDA:191,0,140,0
BRDA:191,0,141,0
BRDA:191,0,142,0
BRDA:191,0,143,0
BRDA:191,0,144,0
BRDA:191,0,145,0
BRDA:191,0,146,0
BRDA:191,0,147,0
BRDA:191,0,148,0
BRDA:191,0,149,0
BRDA:191,0,150,0
BRDA:191,0,151,0
BRDA:191,0,152,0
BRDA:191,0,153,0
BRDA:191,0,154,0
BRDA:191,0,155,0
BRDA:191,0,156,0
BRDA:191,0,157,0
BRDA:191,0,158,0
BRDA:191,0,159,0
BRDA:191,0,160,0
BRDA:191,0,161,0
BRDA:191,0,162,0
BRDA:191,0,163,0
BRDA:191,0,164,0
BRDA:191,0,165,0
BRDA:191,0,166,0
BRDA:191,0,167,0
BRDA:191,0,168,0
BRDA:191,0,169,0
BRDA:191,0,170,0
BRDA:191,0,171,0
BRDA:191,0,172,0
BRDA:191,0,173,0
BRDA:191,0,174,0
BRDA:191,0,175,0
BRDA:191,0,176,0
BRDA:191,0,177,0
BRDA:191,0,178,0
BRDA:191,0,179,0
BRDA:191,0,180,0
BRDA:191,0,181,0
BRDA:191,0,182,0
BRDA:191,0,183,0
BRDA:191,0,184,0
BRDA:191,0,185,0
BRDA:191,0,186,0
BRDA:191,0,187,0
BRDA:191,0,188,0
BRDA:191,0,189,0
BRDA:191,0,190,0
BRDA:191,0,191,0
BRDA:191,0,192,0
BRDA:191,0,193,0
BRDA:191,0,194,0
BRDA:191,0,195,0
BRDA:191,0,196,0
BRDA:191,0,197,0
BRDA:191,0,198,0
BRDA:191,0,199,0
BRDA:191,0,200,0
BRDA:191,0,201,0
BRDA:191,0,202,0
BRDA:191,0,203,0
BRDA:191,0,204,0
BRDA:191,0,205,0
BRDA:191,0,206,0
BRDA:191,0,207,0
BRDA:191,0,208,0
BRDA:191,0,209,0
BRDA:191,0,210,0
BRDA:191,0,211,0
BRDA:191,0,212,0
BRDA:191,0,213,0
BRDA:191,0,214,0
BRDA:191,0,215,0
BRDA:191,0,216,0
BRDA:191,0,217,0
BRDA:191,0,218,0
BRDA:191,0,219,0
BRDA:191,0,220,0
BRDA:191,0,221,0
BRDA:191,0,222,0
BRDA:191,0,223,0
BRDA:191,0,224,0
BRDA:191,0,225,0
BRDA:191,0,226,0
BRDA:191,0,227,0
BRDA:191,0,228,0
BRDA:191,0,229,0
BRDA:191,0,230,0
BRDA:191,0,231,0
BRDA:191,0,232,0
BRDA:191,0,233,0
BRDA:191,0,234,0
BRDA:191,0,235,0
BRDA:191,0,236,0
BRDA:191,0,237,0
BRDA:191,0,238,0
BRDA:191,0,239,0
BRDA:191,0,240,0
BRDA:191,0,241,0
BRDA:191,0,242,0
BRDA:191,0,243,0
BRDA:191,0,244,0
BRDA:191,0,245,0
BRDA:191,0,246,0
BRDA:191,0,247,0
BRDA:191,0,248,0
BRDA:191,0,249,0
BRDA:191,0,250,0
BRDA:191,0,251,0
BRDA:191,0,252,0
BRDA:191,0,253,0
BRDA:191,0,254,0
BRDA:191,0,255,0
DA:192,0
BRDA:192,0,0,0
BRDA:192,0,1,0
DA:193,0
BRDA:193,0,0,0
BRDA:193,0,1,0
DA:194,0
BRDA:194,0,0,0
BRDA:194,0,1,0
DA:195,0
BRDA:195,0,0,0
BRDA:195,0,1,0
BRDA:195,0,2,0
BRDA:195,0,3,0
BRDA:195,0,4,0
BRDA:195,0,5,0
BRDA:195,0,6,0
BRDA:195,0,7,0
DA:196,0
BRDA:196,0,0,0
BRDA:196,0,1,0
BRDA:196,0,2,0
BRDA:196,0,3,0
BRDA:196,0,4,0
BRDA:196,0,5,0
BRDA:196,0,6,0
BRDA:196,0,7,0
DA:199,300049
BRDA:199,0,0,0
BRDA:199,0,1,0
BRDA:199,0,2,300049
BRDA:199,0,3,0
DA:200,0
BRDA:200,0,0,0
BRDA:200,0,1,0
BRDA:200,0,2,0
BRDA:200,0,3,0
BRDA:200,0,4,0
BRDA:200,0,5,0
BRDA:200,0,6,0
BRDA:200,0,7,0
DA:202,300049
DA:203,300049
BRDA:203,0,0,300049
BRDA:203,0,1,0
BRDA:203,0,2,0
BRDA:203,0,3,300049
DA:204,0
DA:223,0
BRDA:223,0,0,0
BRDA:223,0,1,0
BRDA:223,0,2,0
BRDA:223,0,3,0
BRDA:223,0,4,0
BRDA:223,0,5,0
BRDA:223,0,6,0
BRDA:223,0,7,0
BRDA:223,0,8,0
BRDA:223,0,9,0
BRDA:223,0,10,0
BRDA:223,0,11,0
BRDA:223,0,12,0
BRDA:223,0,13,0
BRDA:223,0,14,0
BRDA:223,0,15,0
BRDA:223,0,16,0
BRDA:223,0,17,0
BRDA:223,0,18,0
BRDA:223,0,19,0
BRDA:223,0,20,0
BRDA:223,0,21,0
BRDA:223,0,22,0
BRDA:223,0,23,0
BRDA:223,0,24,0
BRDA:223,0,25,0
BRDA:223,0,26,0
BRDA:223,0,27,0
BRDA:223,0,28,0
BRDA:223,0,29,0
BRDA:223,0,30,0
BRDA:223,0,31,0
BRDA:223,0,32,0
BRDA:223,0,33,0
BRDA:223,0,34,0
BRDA:223,0,35,0
BRDA:223,0,36,0
BRDA:223,0,37,0
BRDA:223,0,38,0
BRDA:223,0,39,0
BRDA:223,0,40,0
BRDA:223,0,41,0
BRDA:223,0,42,0
BRDA:223,0,43,0
BRDA:223,0,44,0
BRDA:223,0,45,0
BRDA:223,0,46,0
BRDA:223,0,47,0
BRDA:223,0,48,0
BRDA:223,0,49,0
BRDA:223,0,50,0
BRDA:223,0,51,0
BRDA:223,0,52,0
BRDA:223,0,53,0
BRDA:223,0,54,0
BRDA:223,0,55,0
BRDA:223,0,56,0
BRDA:223,0,57,0
BRDA:223,0,58,0
BRDA:223,0,59,0
BRDA:223,0,60,0
BRDA:223,0,61,0
BRDA:223,0,62,0
BRDA:223,0,63,0
BRDA:223,0,64,0
BRDA:223,0,65,0
BRDA:223,0,66,0
BRDA:223,0,67,0
BRDA:223,0,68,0
BRDA:223,0,69,0
BRDA:223,0,70,0
BRDA:223,0,71,0
BRDA:223,0,72,0
BRDA:223,0,73,0
BRDA:223,0,74,0
BRDA:223,0,75,0
BRDA:223,0,76,0
BRDA:223,0,77,0
BRDA:223,0,78,0
BRDA:223,0,79,0
BRDA:223,0,80,0
BRDA:223,0,81,0
BRDA:223,0,82,0
BRDA:223,0,83,0
BRDA:223,0,84,0
BRDA:223,0,85,0
BRDA:223,0,86,0
BRDA:223,0,87,0
BRDA:223,0,88,0
BRDA:223,0,89,0
BRDA:223,0,90,0
BRDA:223,0,91,0
BRDA:223,0,92,0
BRDA:223,0,93,0
BRDA:223,0,94,0
BRDA:223,0,95,0
BRDA:223,0,96,0
BRDA:223,0,97,0
BRDA:223,0,98,0
BRDA:223,0,99,0
BRDA:223,0,100,0
BRDA:223,0,101,0
BRDA:223,0,102,0
BRDA:223,0,103,0
BRDA:223,0,104,0
BRDA:223,0,105,0
BRDA:223,0,106,0
BRDA:223,0,107,0
BRDA:223,0,108,0
BRDA:223,0,109,0
BRDA:223,0,110,0
BRDA:223,0,111,0
BRDA:223,0,112,0
BRDA:223,0,113,0
BRDA:223,0,114,0
BRDA:223,0,115,0
BRDA:223,0,116,0
BRDA:223,0,117,0
BRDA:223,0,118,0
BRDA:223,0,119,0
BRDA:223,0,120,0
BRDA:223,0,121,0
BRDA:223,0,122,0
BRDA:223,0,123,0
BRDA:223,0,124,0
BRDA:223,0,125,0
BRDA:223,0,126,0
BRDA:223,0,127,0
BRDA:223,0,128,0
BRDA:223,0,129,0
BRDA:223,0,130,0
BRDA:223,0,131,0
BRDA:223,0,132,0
BRDA:223,0,133,0
BRDA:223,0,134,0
BRDA:223,0,135,0
BRDA:223,0,136,0
BRDA:223,0,137,0
BRDA:223,0,138,0
BRDA:223,0,139,0
BRDA:223,0,140,0
BRDA:223,0,141,0
BRDA:223,0,142,0
BRDA:223,0,143,0
BRDA:223,0,144,0
BRDA:223,0,145,0
BRDA:223,0,146,0
BRDA:223,0,147,0
BRDA:223,0,148,0
BRDA:223,0,149,0
BRDA:223,0,150,0
BRDA:223,0,151,0
BRDA:223,0,152,0
BRDA:223,0,153,0
BRDA:223,0,154,0
BRDA:223,0,155,0
BRDA:223,0,156,0
BRDA:223,0,157,0
BRDA:223,0,158,0
BRDA:223,0,159,0
BRDA:223,0,160,0
BRDA:223,0,161,0
BRDA:223,0,162,0
BRDA:223,0,163,0
BRDA:223,0,164,0
BRDA:223,0,165,0
BRDA:223,0,166,0
BRDA:223,0,167,0
BRDA:223,0,168,0
BRDA:223,0,169,0
BRDA:223,0,170,0
BRDA:223,0,171,0
BRDA:223,0,172,0
BRDA:223,0,173,0
BRDA:223,0,174,0
BRDA:223,0,175,0
BRDA:223,0,176,0
BRDA:223,0,177,0
BRDA:223,0,178,0
BRDA:223,0,179,0
BRDA:223,0,180,0
BRDA:223,0,181,0
BRDA:223,0,182,0
BRDA:223,0,183,0
BRDA:223,0,184,0
BRDA:223,0,185,0
BRDA:223,0,186,0
BRDA:223,0,187,0
BRDA:223,0,188,0
BRDA:223,0,189,0
BRDA:223,0,190,0
BRDA:223,0,191,0
BRDA:223,0,192,0
BRDA:223,0,193,0
BRDA:223,0,194,0
BRDA:223,0,195,0
BRDA:223,0,196,0
BRDA:223,0,197,0
BRDA:223,0,198,0
BRDA:223,0,199,0
BRDA:223,0,200,0
BRDA:223,0,201,0
BRDA:223,0,202,0
BRDA:223,0,203,0
BRDA:223,0,204,0
BRDA:223,0,205,0
BRDA:223,0,206,0
BRDA:223,0,207,0
BRDA:223,0,208,0
BRDA:223,0,209,0
BRDA:223,0,210,0
BRDA:223,0,211,0
BRDA:223,0,212,0
BRDA:223,0,213,0
BRDA:223,0,214,0
BRDA:223,0,215,0
BRDA:223,0,216,0
BRDA:223,0,217,0
BRDA:223,0,218,0
BRDA:223,0,219,0
BRDA:223,0,220,0
BRDA:223,0,221,0
BRDA:223,0,222,0
BRDA:223,0,223,0
BRDA:223,0,224,0
BRDA:223,0,225,0
BRDA:223,0,226,0
BRDA:223,0,227,0
BRDA:223,0,228,0
BRDA:223,0,229,0
BRDA:223,0,230,0
BRDA:223,0,231,0
BRDA:223,0,232,0
BRDA:223,0,233,0
BRDA:223,0,234,0
BRDA:223,0,235,0
BRDA:223,0,236,0
BRDA:223,0,237,0
BRDA:223,0,238,0
BRDA:223,0,239,0
BRDA:223,0,240,0
BRDA:223,0,241,0
BRDA:223,0,242,0
BRDA:223,0,243,0
BRDA:223,0,244,0
BRDA:223,0,245,0
BRDA:223,0,246,0
BRDA:223,0,247,0
BRDA:223,0,248,0
BRDA:223,0,249,0
BRDA:223,0,250,0
BRDA:223,0,251,0
BRDA:223,0,252,0
BRDA:223,0,253,0
BRDA:223,0,254,0
BRDA:223,0,255,0
DA:224,0
BRDA:224,0,0,0
[...]
BRDA:23,0,63,0
BRDA:23,0,64,0
BRDA:23,0,65,0
BRDA:23,0,66,0
BRDA:23,0,67,0
BRDA:23,0,68,0
BRDA:23,0,69,0
BRDA:23,0,70,0
BRDA:23,0,71,0
BRDA:23,0,72,0
BRDA:23,0,73,0
BRDA:23,0,74,0
BRDA:23,0,75,0
BRDA:23,0,76,0
BRDA:23,0,77,0
BRDA:23,0,78,0
BRDA:23,0,79,0
BRDA:23,0,80,0
BRDA:23,0,81,0
BRDA:23,0,82,0
BRDA:23,0,83,0
BRDA:23,0,84,0
BRDA:23,0,85,0
BRDA:23,0,86,0
BRDA:23,0,87,0
BRDA:23,0,88,0
BRDA:23,0,89,0
BRDA:23,0,90,0
BRDA:23,0,91,0
BRDA:23,0,92,0
BRDA:23,0,93,0
BRDA:23,0,94,0
BRDA:23,0,95,0
BRDA:23,0,96,0
BRDA:23,0,97,0
BRDA:23,0,98,0
BRDA:23,0,99,0
BRDA:23,0,100,0
BRDA:23,0,101,0
BRDA:23,0,102,0
BRDA:23,0,103,0
BRDA:23,0,104,0
BRDA:23,0,105,0
BRDA:23,0,106,0
BRDA:23,0,107,0
BRDA:23,0,108,0
BRDA:23,0,109,0
BRDA:23,0,110,0
BRDA:23,0,111,0
BRDA:23,0,112,0
BRDA:23,0,113,0
BRDA:23,0,114,0
BRDA:23,0,115,0
BRDA:23,0,116,0
BRDA:23,0,117,0
BRDA:23,0,118,0
BRDA:23,0,119,0
BRDA:23,0,120,0
BRDA:23,0,121,0
BRDA:23,0,122,0
BRDA:23,0,123,0
BRDA:23,0,124,0
BRDA:23,0,125,0
BRDA:23,0,126,0
BRDA:23,0,127,0
BRDA:23,0,128,0
BRDA:23,0,129,0
BRDA:23,0,130,0
BRDA:23,0,131,0
BRDA:23,0,132,0
BRDA:23,0,133,0
BRDA:23,0,134,0
BRDA:23,0,135,0
BRDA:23,0,136,0
BRDA:23,0,137,0
BRDA:23,0,138,0
BRDA:23,0,139,0
BRDA:23,0,140,0
BRDA:23,0,141,0
BRDA:23,0,142,0
BRDA:23,0,143,0
BRDA:23,0,144,0
BRDA:23,0,145,0
BRDA:23,0,146,0
BRDA:23,0,147,0
BRDA:23,0,148,0
BRDA:23,0,149,0
BRDA:23,0,150,0
BRDA:23,0,151,0
BRDA:23,0,152,0
BRDA:23,0,153,0
BRDA:23,0,154,0
BRDA:23,0,155,0
BRDA:23,0,156,0
BRDA:23,0,157,0
BRDA:23,0,158,0
BRDA:23,0,159,0
BRDA:23,0,160,0
BRDA:23,0,161,0
BRDA:23,0,162,0
BRDA:23,0,163,0
BRDA:23,0,164,0
BRDA:23,0,165,0
BRDA:23,0,166,0
BRDA:23,0,167,0
BRDA:23,0,168,0
BRDA:23,0,169,0
BRDA:23,0,170,0
BRDA:23,0,171,0
BRDA:23,0,172,0
BRDA:23,0,173,0
BRDA:23,0,174,0
BRDA:23,0,175,0
BRDA:23,0,176,0
BRDA:23,0,177,0
BRDA:23,0,178,0
BRDA:23,0,179,0
BRDA:23,0,180,0
BRDA:23,0,181,0
BRDA:23,0,182,0
BRDA:23,0,183,0
BRDA:23,0,184,0
BRDA:23,0,185,0
BRDA:23,0,186,0
BRDA:23,0,187,0
BRDA:23,0,188,0
BRDA:23,0,189,0
BRDA:23,0,190,0
BRDA:23,0,191,0
BRDA:23,0,192,0
BRDA:23,0,193,0
BRDA:23,0,194,0
BRDA:23,0,195,0
BRDA:23,0,196,0
BRDA:23,0,197,0
BRDA:23,0,198,0
BRDA:23,0,199,0
BRDA:23,0,200,0
BRDA:23,0,201,0
BRDA:23,0,202,0
BRDA:23,0,203,0
BRDA:23,0,204,0
BRDA:23,0,205,0
BRDA:23,0,206,0
BRDA:23,0,207,0
BRDA:23,0,208,0
BRDA:23,0,209,0
BRDA:23,0,210,0
BRDA:23,0,211,0
BRDA:23,0,212,0
BRDA:23,0,213,0
BRDA:23,0,214,0
BRDA:23,0,215,0
BRDA:23,0,216,0
BRDA:23,0,217,0
BRDA:23,0,218,0
BRDA:23,0,219,0
BRDA:23,0,220,0
BRDA:23,0,221,0
BRDA:23,0,222,0
BRDA:23,0,223,0
BRDA:23,0,224,0
BRDA:23,0,225,0
BRDA:23,0,226,0
BRDA:23,0,227,0
BRDA:23,0,228,0
BRDA:23,0,229,0
BRDA:23,0,230,0
BRDA:23,0,231,0
BRDA:23,0,232,0
BRDA:23,0,233,0
BRDA:23,0,234,0
BRDA:23,0,235,0
BRDA:23,0,236,0
BRDA:23,0,237,0
BRDA:23,0,238,0
BRDA:23,0,239,0
BRDA:23,0,240,0
BRDA:23,0,241,0
BRDA:23,0,242,0
BRDA:23,0,243,0
BRDA:23,0,244,0
BRDA:23,0,245,0
BRDA:23,0,246,0
BRDA:23,0,247,0
BRDA:23,0,248,0
BRDA:23,0,249,0
BRDA:23,0,250,0
BRDA:23,0,251,0
BRDA:23,0,252,0
BRDA:23,0,253,0
BRDA:23,0,254,0
BRDA:23,0,255,0
DA:24,0
BRDA:24,0,0,0
BRDA:24,0,1,0
DA:45,1
DA:47,1
DA:48,1
DA:49,1
DA:50,1
DA:51,1
DA:52,1
DA:53,1
DA:54,1
DA:55,1
DA:56,1
DA:64,1
DA:66,1
DA:67,1
DA:68,1
DA:69,1
DA:71,1
DA:72,1
DA:73,1
DA:74,1
DA:76,1
DA:77,1
DA:78,1
DA:79,1
DA:81,1
DA:82,1
DA:83,1
DA:84,1
DA:86,1
DA:87,1
DA:88,1
DA:89,1
DA:91,1
DA:92,1
DA:93,1
DA:94,1
DA:96,1
DA:97,1
DA:98,1
DA:99,1
DA:101,1
DA:102,1
DA:103,1
DA:104,1
DA:106,1
DA:107,1
DA:108,1
DA:109,1
DA:111,1
DA:112,1
DA:113,1
DA:114,1
DA:116,1
DA:117,1
DA:118,1
DA:119,1
DA:121,1
DA:122,1
DA:123,1
DA:124,1
DA:126,1
DA:127,1
DA:128,1
DA:129,1
DA:131,1
DA:132,1
DA:133,1
DA:134,1
DA:136,1
DA:137,1
DA:138,1
DA:139,1
DA:141,1
DA:142,1
DA:143,1
DA:144,1
DA:150,1
BRDA:150,0,0,0
BRDA:150,0,1,0
BRDA:150,0,2,0
BRDA:150,0,3,0
BRDA:150,0,4,1
BRDA:150,0,5,0
BRDA:150,0,6,0
BRDA:150,0,7,0
BRDA:150,0,8,0
BRDA:150,0,9,0
BRDA:150,0,10,0
BRDA:150,0,11,0
BRDA:150,0,12,0
BRDA:150,0,13,0
DA:151,1
BRDA:151,0,0,0
BRDA:151,0,1,0
BRDA:151,0,2,1
BRDA:151,0,3,0
BRDA:151,0,4,0
BRDA:151,0,5,0
BRDA:151,0,6,1
BRDA:151,0,7,0
DA:152,1
BRDA:152,0,0,0
BRDA:152,0,1,0
BRDA:152,0,2,0
BRDA:152,0,3,0
BRDA:152,0,4,1
BRDA:152,0,5,0
BRDA:152,0,6,1
BRDA:152,0,7,0
BRDA:152,0,8,0
BRDA:152,0,9,0
BRDA:152,0,10,1
BRDA:152,0,11,0
BRDA:152,0,12,0
BRDA:152,0,13,0
DA:154,300049
DA:155,300049
DA:156,0
DA:157,0
DA:158,300049
DA:166,0
BRDA:166,0,0,0
BRDA:166,0,1,0
BRDA:166,0,2,0
BRDA:166,0,3,0
BRDA:166,0,4,0
BRDA:166,0,5,0
BRDA:166,0,6,0
BRDA:166,0,7,0
BRDA:166,0,8,0
BRDA:166,0,9,0
BRDA:166,0,10,0
BRDA:166,0,11,0
BRDA:166,0,12,0
BRDA:166,0,13,0
BRDA:166,0,14,0
BRDA:166,0,15,0
BRDA:166,0,16,0
BRDA:166,0,17,0
BRDA:166,0,18,0
BRDA:166,0,19,0
BRDA:166,0,20,0
BRDA:166,0,21,0
BRDA:166,0,22,0
BRDA:166,0,23,0
BRDA:166,0,24,0
BRDA:166,0,25,0
BRDA:166,0,26,0
BRDA:166,0,27,0
BRDA:166,0,28,0
BRDA:166,0,29,0
BRDA:166,0,30,0
BRDA:166,0,31,0
BRDA:166,0,32,0
BRDA:166,0,33,0
BRDA:166,0,34,0
BRDA:166,0,35,0
BRDA:166,0,36,0
BRDA:166,0,37,0
BRDA:166,0,38,0
BRDA:166,0,39,0
BRDA:166,0,40,0
BRDA:166,0,41,0
BRDA:166,0,42,0
BRDA:166,0,43,0
BRDA:166,0,44,0
BRDA:166,0,45,0
BRDA:166,0,46,0
BRDA:166,0,47,0
BRDA:166,0,48,0
BRDA:166,0,49,0
BRDA:166,0,50,0
BRDA:166,0,51,0
BRDA:166,0,52,0
BRDA:166,0,53,0
BRDA:166,0,54,0
BRDA:166,0,55,0
BRDA:166,0,56,0
BRDA:166,0,57,0
BRDA:166,0,58,0
BRDA:166,0,59,0
BRDA:166,0,60,0
BRDA:166,0,61,0
BRDA:166,0,62,0
BRDA:166,0,63,0
DA:167,0
BRDA:167,0,0,0
BRDA:167,0,1,0
BRDA:167,0,2,0
BRDA:167,0,3,0
BRDA:167,0,4,0
BRDA:167,0,5,0
BRDA:167,0,6,0
BRDA:167,0,7,0
BRDA:167,0,8,0
BRDA:167,0,9,0
BRDA:167,0,10,0
BRDA:167,0,11,0
BRDA:167,0,12,0
BRDA:167,0,13,0
DA:179,0
BRDA:179,0,0,0
BRDA:179,0,1,0
BRDA:179,0,2,0
BRDA:179,0,3,0
BRDA:179,0,4,0
BRDA:179,0,5,0
BRDA:179,0,6,0
BRDA:179,0,7,0
BRDA:179,0,8,0
BRDA:179,0,9,0
BRDA:179,0,10,0
BRDA:179,0,11,0
DA:180,0
BRDA:180,0,0,0
BRDA:180,0,1,0
DA:183,100029
DA:184,100019
BRDA:184,0,0,100019
BRDA:184,0,1,10
DA:185,10
DA:186,100019
DA:187,100019
DA:192,300049
DA:193,300049
DA:196,300049
BRDA:196,0,0,300049
BRDA:196,0,1,0
DA:197,0
DA:198,300049
DA:199,300049
DA:200,300049
DA:204,0
DA:205,0
DA:208,0
DA:209,0
DA:210,0
DA:211,0
BRDA:211,0,0,0
BRDA:211,0,1,0
DA:212,0
DA:214,0
DA:217,0
DA:218,0
DA:221,0
DA:222,0
DA:225,0
DA:227,0
DA:230,0
DA:240,0
DA:242,0
DA:243,0
DA:248,0
DA:250,0
DA:251,0
DA:252,0
DA:261,100029
DA:262,100019
BRDA:262,0,0,100019
BRDA:262,0,1,10
DA:263,10
DA:264,100019
DA:265,100019
DA:266,0
DA:267,0
DA:270,0
DA:271,0
DA:274,100019
DA:280,100029
DA:281,100029
DA:282,0
DA:286,0
DA:287,0
DA:288,0
DA:289,0
DA:290,0
DA:291,0
DA:294,0
DA:296,0
DA:297,0
DA:298,0
DA:299,0
DA:300,0
DA:301,0
DA:304,0
DA:305,0
DA:306,0
DA:307,0
DA:308,0
DA:309,0
DA:310,0
DA:311,0
DA:312,0
DA:314,0
DA:318,0
DA:321,0
DA:323,0
DA:326,0
BRDA:326,0,0,0
BRDA:326,0,1,0
DA:328,0
DA:330,0
DA:332,0
DA:336,0
DA:339,0
BRDA:339,0,0,0
BRDA:339,0,1,0
DA:340,0
DA:344,100029
DA:349,100029
DA:350,100019
BRDA:350,0,0,100019
BRDA:350,0,1,10
DA:351,10
DA:352,100019
DA:353,0
DA:354,0
DA:355,100019
BRDA:355,0,0,0
BRDA:355,0,1,100019
DA:356,0
DA:366,0
BRDA:366,0,0,0
BRDA:366,0,1,0
BRDA:366,0,2,0
BRDA:366,0,3,0
BRDA:366,0,4,0
BRDA:366,0,5,0
BRDA:366,0,6,0
BRDA:366,0,7,0
BRDA:366,0,8,0
BRDA:366,0,9,0
BRDA:366,0,10,0
BRDA:366,0,11,0
BRDA:366,0,12,0
BRDA:366,0,13,0
DA:368,100029
DA:369,10
DA:370,10
DA:371,10
DA:372,100019
BRDA:372,0,0,0
BRDA:372,0,1,100019
DA:374,0
DA:375,0
DA:376,0
DA:377,0
DA:378,0
DA:379,100019
DA:380,100019
BRF:950
BRH:11
end_of_record
SF:../../Database/Verification/Env/verilator/tb_coverage.sv
DA:12,100029
BRDA:12,0,0,1
BRDA:12,0,1,100029
BRDA:12,0,2,100029
DA:13,1
BRDA:13,0,0,1
BRDA:13,0,1,1
BRDA:13,0,2,0
DA:16,1
BRDA:16,0,0,0
BRDA:16,0,1,0
BRDA:16,0,2,0
BRDA:16,0,3,0
BRDA:16,0,4,0
BRDA:16,0,5,0
BRDA:16,0,6,0
BRDA:16,0,7,0
BRDA:16,0,8,1
BRDA:16,0,9,0
BRDA:16,0,10,1
BRDA:16,0,11,1
BRDA:16,0,12,1
BRDA:16,0,13,0
BRDA:16,0,14,0
BRDA:16,0,15,0
BRDA:16,0,16,0
BRDA:16,0,17,0
BRDA:16,0,18,0
BRDA:16,0,19,0
BRDA:16,0,20,0
BRDA:16,0,21,0
BRDA:16,0,22,0
BRDA:16,0,23,0
DA:17,3
BRDA:17,0,0,3
BRDA:17,0,1,3
DA:18,0
BRDA:18,0,0,0
BRDA:18,0,1,0
BRDA:18,0,2,0
BRDA:18,0,3,0
BRDA:18,0,4,0
BRDA:18,0,5,0
BRDA:18,0,6,0
BRDA:18,0,7,0
BRDA:18,0,8,0
BRDA:18,0,9,0
BRDA:18,0,10,0
BRDA:18,0,11,0
BRDA:18,0,12,0
BRDA:18,0,13,0
BRDA:18,0,14,0
BRDA:18,0,15,0
BRDA:18,0,16,0
BRDA:18,0,17,0
BRDA:18,0,18,0
BRDA:18,0,19,0
BRDA:18,0,20,0
BRDA:18,0,21,0
BRDA:18,0,22,0
BRDA:18,0,23,0
BRDA:18,0,24,0
BRDA:18,0,25,0
BRDA:18,0,26,0
BRDA:18,0,27,0
BRDA:18,0,28,0
BRDA:18,0,29,0
BRDA:18,0,30,0
BRDA:18,0,31,0
BRDA:18,0,32,0
BRDA:18,0,33,0
BRDA:18,0,34,0
BRDA:18,0,35,0
BRDA:18,0,36,0
BRDA:18,0,37,0
BRDA:18,0,38,0
BRDA:18,0,39,0
BRDA:18,0,40,0
BRDA:18,0,41,0
BRDA:18,0,42,0
BRDA:18,0,43,0
BRDA:18,0,44,0
BRDA:18,0,45,0
BRDA:18,0,46,0
BRDA:18,0,47,0
BRDA:18,0,48,0
BRDA:18,0,49,0
BRDA:18,0,50,0
BRDA:18,0,51,0
BRDA:18,0,52,0
BRDA:18,0,53,0
BRDA:18,0,54,0
BRDA:18,0,55,0
BRDA:18,0,56,0
BRDA:18,0,57,0
BRDA:18,0,58,0
BRDA:18,0,59,0
BRDA:18,0,60,0
BRDA:18,0,61,0
BRDA:18,0,62,0
BRDA:18,0,63,0
DA:19,0
BRDA:19,0,0,0
BRDA:19,0,1,0
BRDA:19,0,2,0
BRDA:19,0,3,0
BRDA:19,0,4,0
BRDA:19,0,5,0
BRDA:19,0,6,0
BRDA:19,0,7,0
BRDA:19,0,8,0
BRDA:19,0,9,0
BRDA:19,0,10,0
BRDA:19,0,11,0
BRDA:19,0,12,0
BRDA:19,0,13,0
BRDA:19,0,14,0
BRDA:19,0,15,0
BRDA:19,0,16,0
BRDA:19,0,17,0
BRDA:19,0,18,0
BRDA:19,0,19,0
BRDA:19,0,20,0
BRDA:19,0,21,0
BRDA:19,0,22,0
BRDA:19,0,23,0
BRDA:19,0,24,0
BRDA:19,0,25,0
BRDA:19,0,26,0
BRDA:19,0,27,0
BRDA:19,0,28,0
BRDA:19,0,29,0
BRDA:19,0,30,0
BRDA:19,0,31,0
BRDA:19,0,32,0
BRDA:19,0,33,0
BRDA:19,0,34,0
BRDA:19,0,35,0
BRDA:19,0,36,0
BRDA:19,0,37,0
BRDA:19,0,38,0
BRDA:19,0,39,0
BRDA:19,0,40,0
BRDA:19,0,41,0
BRDA:19,0,42,0
BRDA:19,0,43,0
BRDA:19,0,44,0
BRDA:19,0,45,0
BRDA:19,0,46,0
BRDA:19,0,47,0
BRDA:19,0,48,0
BRDA:19,0,49,0
BRDA:19,0,50,0
BRDA:19,0,51,0
BRDA:19,0,52,0
BRDA:19,0,53,0
BRDA:19,0,54,0
BRDA:19,0,55,0
BRDA:19,0,56,0
BRDA:19,0,57,0
BRDA:19,0,58,0
BRDA:19,0,59,0
BRDA:19,0,60,0
BRDA:19,0,61,0
BRDA:19,0,62,0
BRDA:19,0,63,0
DA:20,3
BRDA:20,0,0,3
BRDA:20,0,1,3
DA:21,3
BRDA:21,0,0,3
BRDA:21,0,1,3
DA:22,3
BRDA:22,0,0,3
BRDA:22,0,1,3
DA:23,0
BRDA:23,0,0,0
BRDA:23,0,1,0
DA:26,0
BRDA:26,0,0,0
BRDA:26,0,1,0
BRDA:26,0,2,0
BRDA:26,0,3,0
BRDA:26,0,4,0
BRDA:26,0,5,0
BRDA:26,0,6,0
BRDA:26,0,7,0
BRDA:26,0,8,0
BRDA:26,0,9,0
BRDA:26,0,10,0
BRDA:26,0,11,0
BRDA:26,0,12,0
BRDA:26,0,13,0
BRDA:26,0,14,0
BRDA:26,0,15,0
BRDA:26,0,16,0
BRDA:26,0,17,0
BRDA:26,0,18,0
BRDA:26,0,19,0
BRDA:26,0,20,0
BRDA:26,0,21,0
BRDA:26,0,22,0
BRDA:26,0,23,0
BRDA:26,0,24,0
BRDA:26,0,25,0
BRDA:26,0,26,0
BRDA:26,0,27,0
BRDA:26,0,28,0
BRDA:26,0,29,0
BRDA:26,0,30,0
BRDA:26,0,31,0
BRDA:26,0,32,0
BRDA:26,0,33,0
BRDA:26,0,34,0
BRDA:26,0,35,0
BRDA:26,0,36,0
BRDA:26,0,37,0
BRDA:26,0,38,0
BRDA:26,0,39,0
BRDA:26,0,40,0
BRDA:26,0,41,0
BRDA:26,0,42,0
BRDA:26,0,43,0
BRDA:26,0,44,0
BRDA:26,0,45,0
BRDA:26,0,46,0
BRDA:26,0,47,0
BRDA:26,0,48,0
BRDA:26,0,49,0
BRDA:26,0,50,0
BRDA:26,0,51,0
BRDA:26,0,52,0
BRDA:26,0,53,0
BRDA:26,0,54,0
BRDA:26,0,55,0
BRDA:26,0,56,0
BRDA:26,0,57,0
BRDA:26,0,58,0
BRDA:26,0,59,0
BRDA:26,0,60,0
BRDA:26,0,61,0
BRDA:26,0,62,0
BRDA:26,0,63,0
BRDA:26,0,64,0
BRDA:26,0,65,0
BRDA:26,0,66,0
BRDA:26,0,67,0
BRDA:26,0,68,0
BRDA:26,0,69,0
BRDA:26,0,70,0
BRDA:26,0,71,0
BRDA:26,0,72,0
BRDA:26,0,73,0
BRDA:26,0,74,0
BRDA:26,0,75,0
BRDA:26,0,76,0
BRDA:26,0,77,0
BRDA:26,0,78,0
BRDA:26,0,79,0
BRDA:26,0,80,0
BRDA:26,0,81,0
BRDA:26,0,82,0
BRDA:26,0,83,0
BRDA:26,0,84,0
BRDA:26,0,85,0
BRDA:26,0,86,0
BRDA:26,0,87,0
BRDA:26,0,88,0
BRDA:26,0,89,0
BRDA:26,0,90,0
BRDA:26,0,91,0
BRDA:26,0,92,0
BRDA:26,0,93,0
BRDA:26,0,94,0
BRDA:26,0,95,0
BRDA:26,0,96,0
BRDA:26,0,97,0
BRDA:26,0,98,0
BRDA:26,0,99,0
BRDA:26,0,100,0
BRDA:26,0,101,0
BRDA:26,0,102,0
BRDA:26,0,103,0
BRDA:26,0,104,0
BRDA:26,0,105,0
BRDA:26,0,106,0
BRDA:26,0,107,0
BRDA:26,0,108,0
BRDA:26,0,109,0
BRDA:26,0,110,0
BRDA:26,0,111,0
BRDA:26,0,112,0
BRDA:26,0,113,0
BRDA:26,0,114,0
BRDA:26,0,115,0
BRDA:26,0,116,0
BRDA:26,0,117,0
BRDA:26,0,118,0
BRDA:26,0,119,0
BRDA:26,0,120,0
BRDA:26,0,121,0
BRDA:26,0,122,0
BRDA:26,0,123,0
BRDA:26,0,124,0
BRDA:26,0,125,0
BRDA:26,0,126,0
BRDA:26,0,127,0
BRDA:26,0,128,0
BRDA:26,0,129,0
BRDA:26,0,130,0
BRDA:26,0,131,0
BRDA:26,0,132,0
BRDA:26,0,133,0
BRDA:26,0,134,0
BRDA:26,0,135,0
BRDA:26,0,136,0
BRDA:26,0,137,0
BRDA:26,0,138,0
BRDA:26,0,139,0
BRDA:26,0,140,0
BRDA:26,0,141,0
BRDA:26,0,142,0
BRDA:26,0,143,0
BRDA:26,0,144,0
BRDA:26,0,145,0
BRDA:26,0,146,0
BRDA:26,0,147,0
BRDA:26,0,148,0
BRDA:26,0,149,0
BRDA:26,0,150,0
BRDA:26,0,151,0
BRDA:26,0,152,0
BRDA:26,0,153,0
BRDA:26,0,154,0
BRDA:26,0,155,0
BRDA:26,0,156,0
BRDA:26,0,157,0
BRDA:26,0,158,0
BRDA:26,0,159,0
BRDA:26,0,160,0
BRDA:26,0,161,0
BRDA:26,0,162,0
BRDA:26,0,163,0
BRDA:26,0,164,0
BRDA:26,0,165,0
BRDA:26,0,166,0
BRDA:26,0,167,0
BRDA:26,0,168,0
BRDA:26,0,169,0
BRDA:26,0,170,0
BRDA:26,0,171,0
BRDA:26,0,172,0
BRDA:26,0,173,0
BRDA:26,0,174,0
BRDA:26,0,175,0
BRDA:26,0,176,0
BRDA:26,0,177,0
BRDA:26,0,178,0
BRDA:26,0,179,0
BRDA:26,0,180,0
BRDA:26,0,181,0
BRDA:26,0,182,0
BRDA:26,0,183,0
BRDA:26,0,184,0
BRDA:26,0,185,0
BRDA:26,0,186,0
BRDA:26,0,187,0
BRDA:26,0,188,0
BRDA:26,0,189,0
BRDA:26,0,190,0
BRDA:26,0,191,0
BRDA:26,0,192,0
BRDA:26,0,193,0
BRDA:26,0,194,0
BRDA:26,0,195,0
BRDA:26,0,196,0
BRDA:26,0,197,0
BRDA:26,0,198,0
BRDA:26,0,199,0
BRDA:26,0,200,0
BRDA:26,0,201,0
BRDA:26,0,202,0
BRDA:26,0,203,0
BRDA:26,0,204,0
BRDA:26,0,205,0
BRDA:26,0,206,0
BRDA:26,0,207,0
BRDA:26,0,208,0
BRDA:26,0,209,0
BRDA:26,0,210,0
BRDA:26,0,211,0
BRDA:26,0,212,0
BRDA:26,0,213,0
BRDA:26,0,214,0
BRDA:26,0,215,0
BRDA:26,0,216,0
BRDA:26,0,217,0
BRDA:26,0,218,0
BRDA:26,0,219,0
BRDA:26,0,220,0
BRDA:26,0,221,0
BRDA:26,0,222,0
BRDA:26,0,223,0
BRDA:26,0,224,0
BRDA:26,0,225,0
BRDA:26,0,226,0
BRDA:26,0,227,0
BRDA:26,0,228,0
BRDA:26,0,229,0
BRDA:26,0,230,0
BRDA:26,0,231,0
BRDA:26,0,232,0
BRDA:26,0,233,0
BRDA:26,0,234,0
BRDA:26,0,235,0
BRDA:26,0,236,0
BRDA:26,0,237,0
BRDA:26,0,238,0
BRDA:26,0,239,0
BRDA:26,0,240,0
BRDA:26,0,241,0
BRDA:26,0,242,0
BRDA:26,0,243,0
BRDA:26,0,244,0
BRDA:26,0,245,0
BRDA:26,0,246,0
BRDA:26,0,247,0
BRDA:26,0,248,0
BRDA:26,0,249,0
BRDA:26,0,250,0
BRDA:26,0,251,0
BRDA:26,0,252,0
BRDA:26,0,253,0
BRDA:26,0,254,0
BRDA:26,0,255,0
DA:27,0
BRDA:27,0,0,0
BRDA:27,0,1,0
DA:28,0
BRDA:28,0,0,0
BRDA:28,0,1,0
DA:29,0
BRDA:29,0,0,0
BRDA:29,0,1,0
DA:32,0
BRDA:32,0,0,0
BRDA:32,0,1,0
BRDA:32,0,2,0
BRDA:32,0,3,0
BRDA:32,0,4,0
BRDA:32,0,5,0
BRDA:32,0,6,0
BRDA:32,0,7,0
BRDA:32,0,8,0
BRDA:32,0,9,0
BRDA:32,0,10,0
BRDA:32,0,11,0
BRDA:32,0,12,0
BRDA:32,0,13,0
BRDA:32,0,14,0
BRDA:32,0,15,0
BRDA:32,0,16,0
BRDA:32,0,17,0
BRDA:32,0,18,0
BRDA:32,0,19,0
BRDA:32,0,20,0
BRDA:32,0,21,0
BRDA:32,0,22,0
BRDA:32,0,23,0
BRDA:32,0,24,0
BRDA:32,0,25,0
BRDA:32,0,26,0
BRDA:32,0,27,0
BRDA:32,0,28,0
BRDA:32,0,29,0
BRDA:32,0,30,0
BRDA:32,0,31,0
BRDA:32,0,32,0
BRDA:32,0,33,0
BRDA:32,0,34,0
BRDA:32,0,35,0
BRDA:32,0,36,0
BRDA:32,0,37,0
BRDA:32,0,38,0
BRDA:32,0,39,0
BRDA:32,0,40,0
BRDA:32,0,41,0
BRDA:32,0,42,0
BRDA:32,0,43,0
BRDA:32,0,44,0
BRDA:32,0,45,0
BRDA:32,0,46,0
BRDA:32,0,47,0
BRDA:32,0,48,0
BRDA:32,0,49,0
BRDA:32,0,50,0
BRDA:32,0,51,0
BRDA:32,0,52,0
BRDA:32,0,53,0
BRDA:32,0,54,0
BRDA:32,0,55,0
BRDA:32,0,56,0
BRDA:32,0,57,0
BRDA:32,0,58,0
BRDA:32,0,59,0
BRDA:32,0,60,0
BRDA:32,0,61,0
BRDA:32,0,62,0
BRDA:32,0,63,0
BRDA:32,0,64,0
BRDA:32,0,65,0
BRDA:32,0,66,0
BRDA:32,0,67,0
BRDA:32,0,68,0
BRDA:32,0,69,0
BRDA:32,0,70,0
BRDA:32,0,71,0
BRDA:32,0,72,0
BRDA:32,0,73,0
BRDA:32,0,74,0
BRDA:32,0,75,0
BRDA:32,0,76,0
BRDA:32,0,77,0
BRDA:32,0,78,0
BRDA:32,0,79,0
BRDA:32,0,80,0
BRDA:32,0,81,0
BRDA:32,0,82,0
BRDA:32,0,83,0
BRDA:32,0,84,0
BRDA:32,0,85,0
BRDA:32,0,86,0
BRDA:32,0,87,0
BRDA:32,0,88,0
BRDA:32,0,89,0
BRDA:32,0,90,0
BRDA:32,0,91,0
BRDA:32,0,92,0
BRDA:32,0,93,0
BRDA:32,0,94,0
BRDA:32,0,95,0
BRDA:32,0,96,0
BRDA:32,0,97,0
BRDA:32,0,98,0
BRDA:32,0,99,0
BRDA:32,0,100,0
BRDA:32,0,101,0
BRDA:32,0,102,0
BRDA:32,0,103,0
BRDA:32,0,104,0
BRDA:32,0,105,0
BRDA:32,0,106,0
BRDA:32,0,107,0
BRDA:32,0,108,0
BRDA:32,0,109,0
BRDA:32,0,110,0
BRDA:32,0,111,0
BRDA:32,0,112,0
BRDA:32,0,113,0
BRDA:32,0,114,0
BRDA:32,0,115,0
BRDA:32,0,116,0
BRDA:32,0,117,0
BRDA:32,0,118,0
BRDA:32,0,119,0
BRDA:32,0,120,0
BRDA:32,0,121,0
BRDA:32,0,122,0
BRDA:32,0,123,0
BRDA:32,0,124,0
BRDA:32,0,125,0
BRDA:32,0,126,0
BRDA:32,0,127,0
BRDA:32,0,128,0
BRDA:32,0,129,0
BRDA:32,0,130,0
BRDA:32,0,131,0
BRDA:32,0,132,0
BRDA:32,0,133,0
BRDA:32,0,134,0
BRDA:32,0,135,0
BRDA:32,0,136,0
BRDA:32,0,137,0
BRDA:32,0,138,0
BRDA:32,0,139,0
BRDA:32,0,140,0
BRDA:32,0,141,0
BRDA:32,0,142,0
BRDA:32,0,143,0
BRDA:32,0,144,0
BRDA:32,0,145,0
BRDA:32,0,146,0
BRDA:32,0,147,0
BRDA:32,0,148,0
BRDA:32,0,149,0
BRDA:32,0,150,0
BRDA:32,0,151,0
BRDA:32,0,152,0
BRDA:32,0,153,0
BRDA:32,0,154,0
BRDA:32,0,155,0
BRDA:32,0,156,0
BRDA:32,0,157,0
BRDA:32,0,158,0
BRDA:32,0,159,0
BRDA:32,0,160,0
BRDA:32,0,161,0
BRDA:32,0,162,0
BRDA:32,0,163,0
BRDA:32,0,164,0
BRDA:32,0,165,0
BRDA:32,0,166,0
BRDA:32,0,167,0
BRDA:32,0,168,0
BRDA:32,0,169,0
BRDA:32,0,170,0
BRDA:32,0,171,0
BRDA:32,0,172,0
BRDA:32,0,173,0
BRDA:32,0,174,0
BRDA:32,0,175,0
BRDA:32,0,176,0
BRDA:32,0,177,0
BRDA:32,0,178,0
BRDA:32,0,179,0
BRDA:32,0,180,0
BRDA:32,0,181,0
BRDA:32,0,182,0
BRDA:32,0,183,0
BRDA:32,0,184,0
BRDA:32,0,185,0
BRDA:32,0,186,0
BRDA:32,0,187,0
BRDA:32,0,188,0
BRDA:32,0,189,0
BRDA:32,0,190,0
BRDA:32,0,191,0
BRDA:32,0,192,0
BRDA:32,0,193,0
BRDA:32,0,194,0
BRDA:32,0,195,0
BRDA:32,0,196,0
BRDA:32,0,197,0
BRDA:32,0,198,0
BRDA:32,0,199,0
BRDA:32,0,200,0
BRDA:32,0,201,0
BRDA:32,0,202,0
BRDA:32,0,203,0
BRDA:32,0,204,0
BRDA:32,0,205,0
BRDA:32,0,206,0
BRDA:32,0,207,0
BRDA:32,0,208,0
BRDA:32,0,209,0
BRDA:32,0,210,0
BRDA:32,0,211,0
BRDA:32,0,212,0
BRDA:32,0,213,0
BRDA:32,0,214,0
BRDA:32,0,215,0
BRDA:32,0,216,0
BRDA:32,0,217,0
BRDA:32,0,218,0
BRDA:32,0,219,0
BRDA:32,0,220,0
BRDA:32,0,221,0
BRDA:32,0,222,0
BRDA:32,0,223,0
BRDA:32,0,224,0
BRDA:32,0,225,0
BRDA:32,0,226,0
BRDA:32,0,227,0
BRDA:32,0,228,0
BRDA:32,0,229,0
BRDA:32,0,230,0
BRDA:32,0,231,0
BRDA:32,0,232,0
BRDA:32,0,233,0
BRDA:32,0,234,0
BRDA:32,0,235,0
BRDA:32,0,236,0
BRDA:32,0,237,0
BRDA:32,0,238,0
BRDA:32,0,239,0
BRDA:32,0,240,0
BRDA:32,0,241,0
BRDA:32,0,242,0
BRDA:32,0,243,0
BRDA:32,0,244,0
BRDA:32,0,245,0
BRDA:32,0,246,0
BRDA:32,0,247,0
BRDA:32,0,248,0
BRDA:32,0,249,0
BRDA:32,0,250,0
BRDA:32,0,251,0
BRDA:32,0,252,0
BRDA:32,0,253,0
BRDA:32,0,254,0
BRDA:32,0,255,0
DA:33,0
BRDA:33,0,0,0
BRDA:33,0,1,0
DA:34,0
BRDA:34,0,0,0
BRDA:34,0,1,0
DA:35,0
BRDA:35,0,0,0
BRDA:35,0,1,0
DA:38,0
BRDA:38,0,0,0
BRDA:38,0,1,0
DA:39,0
BRDA:39,0,0,0
BRDA:39,0,1,0
DA:40,0
BRDA:40,0,0,0
BRDA:40,0,1,0
DA:70,40
DA:73,1
DA:74,1
DA:75,1
DA:78,3
DA:79,3
DA:80,3
DA:81,3
DA:82,3
DA:83,3
DA:84,3
DA:85,3
DA:86,3
DA:87,3
DA:88,3
DA:89,0
DA:90,3
DA:91,3
DA:92,3
DA:97,0
DA:98,0
DA:99,0
DA:100,0
DA:101,0
DA:102,0
DA:103,0
DA:104,0
DA:105,0
DA:106,0
DA:107,0
DA:108,0
DA:109,0
DA:110,0
DA:115,0
DA:116,0
DA:117,0
DA:118,0
DA:119,0
DA:120,0
DA:121,0
DA:122,0
DA:123,0
DA:128,0
DA:129,0
DA:130,0
DA:131,0
DA:132,0
DA:133,0
DA:134,0
DA:139,0
DA:146,0
DA:148,0
DA:149,0
DA:150,0
DA:153,0
DA:156,0
DA:157,0
DA:158,0
DA:159,0
DA:160,0
DA:161,0
DA:162,0
DA:163,0
DA:166,0
BRDA:166,0,0,0
BRDA:166,0,1,0
DA:167,0
DA:168,0
DA:169,0
DA:170,0
DA:174,0
DA:177,0
DA:180,0
DA:183,0
DA:184,0
DA:185,0
DA:186,0
DA:187,0
DA:191,0
BRDA:191,0,0,0
BRDA:191,0,1,0
DA:194,0
DA:199,0
DA:200,0
DA:201,0
DA:202,0
DA:203,0
DA:204,0
DA:206,0
DA:207,0
DA:208,0
DA:211,0
DA:212,0
DA:213,0
DA:214,0
DA:215,0
DA:216,0
DA:217,0
DA:218,0
DA:219,0
DA:222,0
DA:223,0
DA:224,0
DA:227,0
DA:228,0
BRDA:228,0,0,0
BRDA:228,0,1,0
DA:229,0
DA:230,0
DA:231,0
DA:232,0
DA:233,0
DA:234,0
DA:238,0
DA:239,0
BRDA:239,0,0,0
BRDA:239,0,1,0
DA:240,0
DA:241,0
DA:242,0
DA:243,0
DA:244,0
DA:245,0
DA:249,0
DA:250,0
BRDA:250,0,0,0
BRDA:250,0,1,0
DA:251,0
DA:252,0
DA:253,0
DA:256,0
DA:257,0
DA:260,0
DA:261,0
DA:263,0
DA:267,0
DA:268,0
BRDA:268,0,0,0
BRDA:268,0,1,0
DA:269,0
DA:270,0
DA:271,0
DA:272,0
DA:273,0
DA:275,0
DA:278,0
DA:280,0
BRDA:280,0,0,0
BRDA:280,0,1,0
DA:281,0
DA:283,0
BRDA:283,0,0,0
BRDA:283,0,1,0
DA:284,0
DA:286,0
DA:289,0
DA:290,0
DA:291,0
DA:292,0
DA:293,0
DA:296,0
DA:297,0
DA:298,0
DA:299,0
DA:300,0
DA:302,0
DA:303,0
BRF:714
BRH:2
end_of_record
