TN:verilator_coverage
SF:../RTL/aes_controller.v
DA:11,0
BRDA:11,0,0,0
BRDA:11,0,1,0
DA:12,0
BRDA:12,0,0,0
BRDA:12,0,1,0
DA:15,0
BRDA:15,0,0,0
BRDA:15,0,1,0
BRDA:15,0,2,0
BRDA:15,0,3,0
BRDA:15,0,4,0
BRDA:15,0,5,0
BRDA:15,0,6,0
BRDA:15,0,7,0
BRDA:15,0,8,0
BRDA:15,0,9,0
BRDA:15,0,10,0
BRDA:15,0,11,0
BRDA:15,0,12,0
BRDA:15,0,13,0
BRDA:15,0,14,0
BRDA:15,0,15,0
BRDA:15,0,16,0
BRDA:15,0,17,0
BRDA:15,0,18,0
BRDA:15,0,19,0
BRDA:15,0,20,0
BRDA:15,0,21,0
BRDA:15,0,22,0
BRDA:15,0,23,0
BRDA:15,0,24,0
BRDA:15,0,25,0
BRDA:15,0,26,0
BRDA:15,0,27,0
BRDA:15,0,28,0
BRDA:15,0,29,0
BRDA:15,0,30,0
BRDA:15,0,31,0
BRDA:15,0,32,0
BRDA:15,0,33,0
BRDA:15,0,34,0
BRDA:15,0,35,0
BRDA:15,0,36,0
BRDA:15,0,37,0
BRDA:15,0,38,0
BRDA:15,0,39,0
BRDA:15,0,40,0
BRDA:15,0,41,0
BRDA:15,0,42,0
BRDA:15,0,43,0
BRDA:15,0,44,0
BRDA:15,0,45,0
BRDA:15,0,46,0
BRDA:15,0,47,0
BRDA:15,0,48,0
BRDA:15,0,49,0
BRDA:15,0,50,0
BRDA:15,0,51,0
BRDA:15,0,52,0
BRDA:15,0,53,0
BRDA:15,0,54,0
BRDA:15,0,55,0
BRDA:15,0,56,0
BRDA:15,0,57,0
BRDA:15,0,58,0
BRDA:15,0,59,0
BRDA:15,0,60,0
BRDA:15,0,61,0
BRDA:15,0,62,0
BRDA:15,0,63,0
DA:16,0
BRDA:16,0,0,0
BRDA:16,0,1,0
BRDA:16,0,2,0
BRDA:16,0,3,0
BRDA:16,0,4,0
BRDA:16,0,5,0
BRDA:16,0,6,0
BRDA:16,0,7,0
BRDA:16,0,8,0
BRDA:16,0,9,0
BRDA:16,0,10,0
BRDA:16,0,11,0
BRDA:16,0,12,0
BRDA:16,0,13,0
BRDA:16,0,14,0
BRDA:16,0,15,0
BRDA:16,0,16,0
BRDA:16,0,17,0
BRDA:16,0,18,0
BRDA:16,0,19,0
BRDA:16,0,20,0
BRDA:16,0,21,0
BRDA:16,0,22,0
BRDA:16,0,23,0
BRDA:16,0,24,0
BRDA:16,0,25,0
BRDA:16,0,26,0
BRDA:16,0,27,0
BRDA:16,0,28,0
BRDA:16,0,29,0
BRDA:16,0,30,0
BRDA:16,0,31,0
BRDA:16,0,32,0
BRDA:16,0,33,0
BRDA:16,0,34,0
BRDA:16,0,35,0
BRDA:16,0,36,0
BRDA:16,0,37,0
BRDA:16,0,38,0
BRDA:16,0,39,0
BRDA:16,0,40,0
BRDA:16,0,41,0
BRDA:16,0,42,0
BRDA:16,0,43,0
BRDA:16,0,44,0
BRDA:16,0,45,0
BRDA:16,0,46,0
BRDA:16,0,47,0
BRDA:16,0,48,0
BRDA:16,0,49,0
BRDA:16,0,50,0
BRDA:16,0,51,0
BRDA:16,0,52,0
BRDA:16,0,53,0
BRDA:16,0,54,0
BRDA:16,0,55,0
BRDA:16,0,56,0
BRDA:16,0,57,0
BRDA:16,0,58,0
BRDA:16,0,59,0
BRDA:16,0,60,0
BRDA:16,0,61,0
BRDA:16,0,62,0
BRDA:16,0,63,0
DA:17,0
BRDA:17,0,0,0
BRDA:17,0,1,0
BRDA:17,0,2,0
BRDA:17,0,3,0
BRDA:17,0,4,0
BRDA:17,0,5,0
BRDA:17,0,6,0
BRDA:17,0,7,0
BRDA:17,0,8,0
BRDA:17,0,9,0
BRDA:17,0,10,0
BRDA:17,0,11,0
BRDA:17,0,12,0
BRDA:17,0,13,0
BRDA:17,0,14,0
BRDA:17,0,15,0
BRDA:17,0,16,0
BRDA:17,0,17,0
BRDA:17,0,18,0
BRDA:17,0,19,0
BRDA:17,0,20,0
BRDA:17,0,21,0
BRDA:17,0,22,0
BRDA:17,0,23,0
BRDA:17,0,24,0
BRDA:17,0,25,0
BRDA:17,0,26,0
BRDA:17,0,27,0
BRDA:17,0,28,0
BRDA:17,0,29,0
BRDA:17,0,30,0
BRDA:17,0,31,0
BRDA:17,0,32,0
BRDA:17,0,33,0
BRDA:17,0,34,0
BRDA:17,0,35,0
BRDA:17,0,36,0
BRDA:17,0,37,0
BRDA:17,0,38,0
BRDA:17,0,39,0
BRDA:17,0,40,0
BRDA:17,0,41,0
BRDA:17,0,42,0
BRDA:17,0,43,0
BRDA:17,0,44,0
BRDA:17,0,45,0
BRDA:17,0,46,0
BRDA:17,0,47,0
BRDA:17,0,48,0
BRDA:17,0,49,0
BRDA:17,0,50,0
BRDA:17,0,51,0
BRDA:17,0,52,0
BRDA:17,0,53,0
BRDA:17,0,54,0
BRDA:17,0,55,0
BRDA:17,0,56,0
BRDA:17,0,57,0
BRDA:17,0,58,0
BRDA:17,0,59,0
BRDA:17,0,60,0
BRDA:17,0,61,0
BRDA:17,0,62,0
BRDA:17,0,63,0
DA:18,0
BRDA:18,0,0,0
BRDA:18,0,1,0
BRDA:18,0,2,0
BRDA:18,0,3,0
BRDA:18,0,4,0
BRDA:18,0,5,0
BRDA:18,0,6,0
BRDA:18,0,7,0
BRDA:18,0,8,0
BRDA:18,0,9,0
BRDA:18,0,10,0
BRDA:18,0,11,0
BRDA:18,0,12,0
BRDA:18,0,13,0
BRDA:18,0,14,0
BRDA:18,0,15,0
BRDA:18,0,16,0
BRDA:18,0,17,0
BRDA:18,0,18,0
BRDA:18,0,19,0
BRDA:18,0,20,0
BRDA:18,0,21,0
BRDA:18,0,22,0
BRDA:18,0,23,0
BRDA:18,0,24,0
BRDA:18,0,25,0
BRDA:18,0,26,0
BRDA:18,0,27,0
BRDA:18,0,28,0
BRDA:18,0,29,0
BRDA:18,0,30,0
BRDA:18,0,31,0
BRDA:18,0,32,0
BRDA:18,0,33,0
BRDA:18,0,34,0
BRDA:18,0,35,0
BRDA:18,0,36,0
BRDA:18,0,37,0
BRDA:18,0,38,0
BRDA:18,0,39,0
BRDA:18,0,40,0
BRDA:18,0,41,0
BRDA:18,0,42,0
BRDA:18,0,43,0
BRDA:18,0,44,0
BRDA:18,0,45,0
BRDA:18,0,46,0
BRDA:18,0,47,0
BRDA:18,0,48,0
BRDA:18,0,49,0
BRDA:18,0,50,0
BRDA:18,0,51,0
BRDA:18,0,52,0
BRDA:18,0,53,0
BRDA:18,0,54,0
BRDA:18,0,55,0
BRDA:18,0,56,0
BRDA:18,0,57,0
BRDA:18,0,58,0
BRDA:18,0,59,0
BRDA:18,0,60,0
BRDA:18,0,61,0
BRDA:18,0,62,0
BRDA:18,0,63,0
DA:19,0
BRDA:19,0,0,0
BRDA:19,0,1,0
DA:22,0
BRDA:22,0,0,0
BRDA:22,0,1,0
DA:23,0
BRDA:23,0,0,0
BRDA:23,0,1,0
DA:24,0
BRDA:24,0,0,0
BRDA:24,0,1,0
DA:25,0
BRDA:25,0,0,0
BRDA:25,0,1,0
DA:28,0
BRDA:28,0,0,0
BRDA:28,0,1,0
DA:29,0
BRDA:29,0,0,0
BRDA:29,0,1,0
DA:30,0
BRDA:30,0,0,0
BRDA:30,0,1,0
DA:31,0
BRDA:31,0,0,0
BRDA:31,0,1,0
DA:34,0
BRDA:34,0,0,0
BRDA:34,0,1,0
DA:37,0
BRDA:37,0,0,0
BRDA:37,0,1,0
BRDA:37,0,2,0
BRDA:37,0,3,0
BRDA:37,0,4,0
BRDA:37,0,5,0
DA:38,0
BRDA:38,0,0,0
BRDA:38,0,1,0
BRDA:38,0,2,0
BRDA:38,0,3,0
DA:39,0
BRDA:39,0,0,0
BRDA:39,0,1,0
DA:40,0
BRDA:40,0,0,0
BRDA:40,0,1,0
DA:43,0
BRDA:43,0,0,0
BRDA:43,0,1,0
DA:44,0
BRDA:44,0,0,0
BRDA:44,0,1,0
DA:49,0
BRDA:49,0,0,0
BRDA:49,0,1,0
DA:50,0
BRDA:50,0,0,0
BRDA:50,0,1,0
DA:51,0
BRDA:51,0,0,0
BRDA:51,0,1,0
DA:57,0
BRDA:57,0,0,0
BRDA:57,0,1,0
BRDA:57,0,2,0
BRDA:57,0,3,0
BRDA:57,0,4,0
BRDA:57,0,5,0
BRDA:57,0,6,0
BRDA:57,0,7,0
DA:89,0
BRDA:89,0,0,0
BRDA:89,0,1,0
BRDA:89,0,2,0
BRDA:89,0,3,0
BRDA:89,0,4,0
BRDA:89,0,5,0
BRDA:89,0,6,0
BRDA:89,0,7,0
BRDA:89,0,8,0
BRDA:89,0,9,0
BRDA:89,0,10,0
BRDA:89,0,11,0
BRDA:89,0,12,0
BRDA:89,0,13,0
BRDA:89,0,14,0
BRDA:89,0,15,0
DA:92,0
BRDA:92,0,0,0
BRDA:92,0,1,0
DA:93,0
BRDA:93,0,0,0
BRDA:93,0,1,0
DA:94,0
BRDA:94,0,0,0
BRDA:94,0,1,0
BRDA:94,0,2,0
BRDA:94,0,3,0
BRDA:94,0,4,0
BRDA:94,0,5,0
DA:95,0
BRDA:95,0,0,0
BRDA:95,0,1,0
DA:96,0
BRDA:96,0,0,0
BRDA:96,0,1,0
DA:97,0
BRDA:97,0,0,0
BRDA:97,0,1,0
DA:106,0
BRDA:106,0,0,0
BRDA:106,0,1,0
BRDA:106,0,2,0
BRDA:106,0,3,0
BRDA:106,0,4,0
BRDA:106,0,5,0
BRDA:106,0,6,0
BRDA:106,0,7,0
DA:107,0
BRDA:107,0,0,0
BRDA:107,0,1,0
DA:108,0
BRDA:108,0,0,0
BRDA:108,0,1,0
DA:111,1
DA:112,1
DA:116,0
DA:117,0
DA:118,0
DA:119,0
DA:121,0
DA:122,0
BRDA:122,0,0,0
BRDA:122,0,1,0
DA:123,0
DA:133,0
DA:134,0
BRDA:134,0,0,0
BRDA:134,0,1,0
DA:135,0
DA:136,0
DA:137,0
DA:144,500001
DA:145,500001
DA:148,500001
BRDA:148,0,0,500001
BRDA:148,0,1,0
DA:149,0
DA:150,500001
DA:151,500001
DA:152,500001
DA:153,500001
BRDA:153,0,0,0
BRDA:153,0,1,500001
DA:154,0
DA:157,0
DA:160,0
DA:163,0
DA:166,0
DA:169,0
DA:171,0
DA:174,0
DA:175,0
BRDA:175,0,0,0
BRDA:175,0,1,0
DA:176,0
DA:179,0
DA:180,0
DA:183,0
DA:184,0
BRDA:184,0,0,0
BRDA:184,0,1,0
DA:185,0
DA:188,0
DA:191,0
DA:194,0
DA:195,0
BRDA:195,0,0,0
BRDA:195,0,1,0
DA:196,0
DA:199,0
DA:200,0
DA:203,0
DA:205,0
BRDA:205,0,0,0
BRDA:205,0,1,0
DA:206,0
DA:209,0
DA:217,0
DA:218,0
BRDA:218,0,0,0
BRDA:218,0,1,0
DA:219,0
DA:220,0
DA:221,0
DA:222,0
DA:223,0
DA:224,0
DA:225,0
DA:226,0
DA:227,0
DA:228,0
DA:229,0
DA:230,0
DA:232,0
DA:233,0
DA:234,0
DA:235,0
DA:236,0
DA:239,0
BRDA:239,0,0,0
BRDA:239,0,1,0
DA:240,0
DA:241,0
DA:244,0
DA:245,0
DA:246,0
DA:247,0
DA:250,0
DA:251,0
DA:252,0
DA:253,0
DA:254,0
DA:257,0
DA:258,0
DA:261,0
DA:266,0
DA:267,0
BRDA:267,0,0,0
BRDA:267,0,1,0
DA:268,0
DA:271,0
DA:273,0
BRDA:273,0,0,0
BRDA:273,0,1,0
DA:274,0
DA:275,0
BRDA:275,0,0,0
BRDA:275,0,1,0
DA:276,0
DA:277,0
BRDA:277,0,0,0
BRDA:277,0,1,0
DA:278,0
DA:280,0
BRF:384
BRH:2
end_of_record
SF:../RTL/aes_core.v
DA:9,0
BRDA:9,0,0,0
BRDA:9,0,1,0
DA:10,0
BRDA:10,0,0,0
BRDA:10,0,1,0
DA:11,0
BRDA:11,0,0,0
BRDA:11,0,1,0
DA:12,0
BRDA:12,0,0,0
BRDA:12,0,1,0
DA:13,0
BRDA:13,0,0,0
BRDA:13,0,1,0
DA:14,0
BRDA:14,0,0,0
BRDA:14,0,1,0
BRDA:14,0,2,0
BRDA:14,0,3,0
DA:15,0
BRDA:15,0,0,0
BRDA:15,0,1,0
BRDA:15,0,2,0
BRDA:15,0,3,0
BRDA:15,0,4,0
BRDA:15,0,5,0
DA:16,0
BRDA:16,0,0,0
BRDA:16,0,1,0
BRDA:16,0,2,0
BRDA:16,0,3,0
BRDA:16,0,4,0
BRDA:16,0,5,0
BRDA:16,0,6,0
BRDA:16,0,7,0
BRDA:16,0,8,0
BRDA:16,0,9,0
BRDA:16,0,10,0
BRDA:16,0,11,0
BRDA:16,0,12,0
BRDA:16,0,13,0
BRDA:16,0,14,0
BRDA:16,0,15,0
BRDA:16,0,16,0
BRDA:16,0,17,0
BRDA:16,0,18,0
BRDA:16,0,19,0
BRDA:16,0,20,0
BRDA:16,0,21,0
BRDA:16,0,22,0
BRDA:16,0,23,0
BRDA:16,0,24,0
BRDA:16,0,25,0
BRDA:16,0,26,0
BRDA:16,0,27,0
BRDA:16,0,28,0
BRDA:16,0,29,0
BRDA:16,0,30,0
BRDA:16,0,31,0
BRDA:16,0,32,0
BRDA:16,0,33,0
BRDA:16,0,34,0
BRDA:16,0,35,0
BRDA:16,0,36,0
BRDA:16,0,37,0
BRDA:16,0,38,0
BRDA:16,0,39,0
BRDA:16,0,40,0
BRDA:16,0,41,0
BRDA:16,0,42,0
BRDA:16,0,43,0
BRDA:16,0,44,0
BRDA:16,0,45,0
BRDA:16,0,46,0
BRDA:16,0,47,0
BRDA:16,0,48,0
BRDA:16,0,49,0
BRDA:16,0,50,0
BRDA:16,0,51,0
BRDA:16,0,52,0
BRDA:16,0,53,0
BRDA:16,0,54,0
BRDA:16,0,55,0
BRDA:16,0,56,0
BRDA:16,0,57,0
BRDA:16,0,58,0
BRDA:16,0,59,0
BRDA:16,0,60,0
BRDA:16,0,61,0
BRDA:16,0,62,0
BRDA:16,0,63,0
BRDA:16,0,64,0
BRDA:16,0,65,0
BRDA:16,0,66,0
BRDA:16,0,67,0
BRDA:16,0,68,0
BRDA:16,0,69,0
BRDA:16,0,70,0
BRDA:16,0,71,0
BRDA:16,0,72,0
BRDA:16,0,73,0
BRDA:16,0,74,0
BRDA:16,0,75,0
BRDA:16,0,76,0
BRDA:16,0,77,0
BRDA:16,0,78,0
BRDA:16,0,79,0
BRDA:16,0,80,0
BRDA:16,0,81,0
BRDA:16,0,82,0
BRDA:16,0,83,0
BRDA:16,0,84,0
BRDA:16,0,85,0
BRDA:16,0,86,0
BRDA:16,0,87,0
BRDA:16,0,88,0
BRDA:16,0,89,0
BRDA:16,0,90,0
BRDA:16,0,91,0
BRDA:16,0,92,0
BRDA:16,0,93,0
BRDA:16,0,94,0
BRDA:16,0,95,0
BRDA:16,0,96,0
BRDA:16,0,97,0
BRDA:16,0,98,0
BRDA:16,0,99,0
BRDA:16,0,100,0
BRDA:16,0,101,0
BRDA:16,0,102,0
BRDA:16,0,103,0
BRDA:16,0,104,0
BRDA:16,0,105,0
BRDA:16,0,106,0
BRDA:16,0,107,0
BRDA:16,0,108,0
BRDA:16,0,109,0
BRDA:16,0,110,0
BRDA:16,0,111,0
BRDA:16,0,112,0
BRDA:16,0,113,0
BRDA:16,0,114,0
BRDA:16,0,115,0
BRDA:16,0,116,0
BRDA:16,0,117,0
BRDA:16,0,118,0
BRDA:16,0,119,0
BRDA:16,0,120,0
BRDA:16,0,121,0
BRDA:16,0,122,0
BRDA:16,0,123,0
BRDA:16,0,124,0
BRDA:16,0,125,0
BRDA:16,0,126,0
BRDA:16,0,127,0
BRDA:16,0,128,0
BRDA:16,0,129,0
BRDA:16,0,130,0
BRDA:16,0,131,0
BRDA:16,0,132,0
BRDA:16,0,133,0
BRDA:16,0,134,0
BRDA:16,0,135,0
BRDA:16,0,136,0
BRDA:16,0,137,0
BRDA:16,0,138,0
BRDA:16,0,139,0
BRDA:16,0,140,0
BRDA:16,0,141,0
BRDA:16,0,142,0
BRDA:16,0,143,0
BRDA:16,0,144,0
BRDA:16,0,145,0
BRDA:16,0,146,0
BRDA:16,0,147,0
BRDA:16,0,148,0
BRDA:16,0,149,0
BRDA:16,0,150,0
BRDA:16,0,151,0
BRDA:16,0,152,0
BRDA:16,0,153,0
BRDA:16,0,154,0
BRDA:16,0,155,0
BRDA:16,0,156,0
BRDA:16,0,157,0
BRDA:16,0,158,0
BRDA:16,0,159,0
BRDA:16,0,160,0
BRDA:16,0,161,0
BRDA:16,0,162,0
BRDA:16,0,163,0
BRDA:16,0,164,0
BRDA:16,0,165,0
BRDA:16,0,166,0
BRDA:16,0,167,0
BRDA:16,0,168,0
BRDA:16,0,169,0
BRDA:16,0,170,0
BRDA:16,0,171,0
BRDA:16,0,172,0
BRDA:16,0,173,0
BRDA:16,0,174,0
BRDA:16,0,175,0
BRDA:16,0,176,0
BRDA:16,0,177,0
BRDA:16,0,178,0
BRDA:16,0,179,0
BRDA:16,0,180,0
BRDA:16,0,181,0
BRDA:16,0,182,0
BRDA:16,0,183,0
BRDA:16,0,184,0
BRDA:16,0,185,0
BRDA:16,0,186,0
BRDA:16,0,187,0
BRDA:16,0,188,0
BRDA:16,0,189,0
BRDA:16,0,190,0
BRDA:16,0,191,0
BRDA:16,0,192,0
BRDA:16,0,193,0
BRDA:16,0,194,0
BRDA:16,0,195,0
BRDA:16,0,196,0
BRDA:16,0,197,0
BRDA:16,0,198,0
BRDA:16,0,199,0
BRDA:16,0,200,0
BRDA:16,0,201,0
BRDA:16,0,202,0
BRDA:16,0,203,0
BRDA:16,0,204,0
BRDA:16,0,205,0
BRDA:16,0,206,0
BRDA:16,0,207,0
BRDA:16,0,208,0
BRDA:16,0,209,0
BRDA:16,0,210,0
BRDA:16,0,211,0
BRDA:16,0,212,0
BRDA:16,0,213,0
BRDA:16,0,214,0
BRDA:16,0,215,0
BRDA:16,0,216,0
BRDA:16,0,217,0
BRDA:16,0,218,0
BRDA:16,0,219,0
BRDA:16,0,220,0
BRDA:16,0,221,0
BRDA:16,0,222,0
BRDA:16,0,223,0
BRDA:16,0,224,0
BRDA:16,0,225,0
BRDA:16,0,226,0
BRDA:16,0,227,0
BRDA:16,0,228,0
BRDA:16,0,229,0
BRDA:16,0,230,0
BRDA:16,0,231,0
BRDA:16,0,232,0
BRDA:16,0,233,0
BRDA:16,0,234,0
BRDA:16,0,235,0
BRDA:16,0,236,0
BRDA:16,0,237,0
BRDA:16,0,238,0
BRDA:16,0,239,0
BRDA:16,0,240,0
BRDA:16,0,241,0
BRDA:16,0,242,0
BRDA:16,0,243,0
BRDA:16,0,244,0
BRDA:16,0,245,0
BRDA:16,0,246,0
BRDA:16,0,247,0
BRDA:16,0,248,0
BRDA:16,0,249,0
BRDA:16,0,250,0
BRDA:16,0,251,0
BRDA:16,0,252,0
BRDA:16,0,253,0
BRDA:16,0,254,0
BRDA:16,0,255,0
DA:17,0
BRDA:17,0,0,0
BRDA:17,0,1,0
BRDA:17,0,2,0
BRDA:17,0,3,0
BRDA:17,0,4,0
BRDA:17,0,5,0
BRDA:17,0,6,0
BRDA:17,0,7,0
BRDA:17,0,8,0
BRDA:17,0,9,0
BRDA:17,0,10,0
BRDA:17,0,11,0
BRDA:17,0,12,0
BRDA:17,0,13,0
BRDA:17,0,14,0
BRDA:17,0,15,0
BRDA:17,0,16,0
BRDA:17,0,17,0
BRDA:17,0,18,0
BRDA:17,0,19,0
BRDA:17,0,20,0
BRDA:17,0,21,0
BRDA:17,0,22,0
BRDA:17,0,23,0
BRDA:17,0,24,0
BRDA:17,0,25,0
BRDA:17,0,26,0
BRDA:17,0,27,0
BRDA:17,0,28,0
BRDA:17,0,29,0
BRDA:17,0,30,0
BRDA:17,0,31,0
BRDA:17,0,32,0
BRDA:17,0,33,0
BRDA:17,0,34,0
BRDA:17,0,35,0
BRDA:17,0,36,0
BRDA:17,0,37,0
BRDA:17,0,38,0
BRDA:17,0,39,0
BRDA:17,0,40,0
BRDA:17,0,41,0
BRDA:17,0,42,0
BRDA:17,0,43,0
BRDA:17,0,44,0
BRDA:17,0,45,0
BRDA:17,0,46,0
BRDA:17,0,47,0
BRDA:17,0,48,0
BRDA:17,0,49,0
BRDA:17,0,50,0
BRDA:17,0,51,0
BRDA:17,0,52,0
BRDA:17,0,53,0
BRDA:17,0,54,0
BRDA:17,0,55,0
BRDA:17,0,56,0
BRDA:17,0,57,0
BRDA:17,0,58,0
BRDA:17,0,59,0
BRDA:17,0,60,0
BRDA:17,0,61,0
BRDA:17,0,62,0
BRDA:17,0,63,0
BRDA:17,0,64,0
BRDA:17,0,65,0
BRDA:17,0,66,0
BRDA:17,0,67,0
BRDA:17,0,68,0
BRDA:17,0,69,0
BRDA:17,0,70,0
BRDA:17,0,71,0
BRDA:17,0,72,0
BRDA:17,0,73,0
BRDA:17,0,74,0
BRDA:17,0,75,0
BRDA:17,0,76,0
BRDA:17,0,77,0
BRDA:17,0,78,0
BRDA:17,0,79,0
BRDA:17,0,80,0
BRDA:17,0,81,0
BRDA:17,0,82,0
BRDA:17,0,83,0
BRDA:17,0,84,0
BRDA:17,0,85,0
BRDA:17,0,86,0
BRDA:17,0,87,0
BRDA:17,0,88,0
BRDA:17,0,89,0
BRDA:17,0,90,0
BRDA:17,0,91,0
BRDA:17,0,92,0
BRDA:17,0,93,0
BRDA:17,0,94,0
BRDA:17,0,95,0
BRDA:17,0,96,0
BRDA:17,0,97,0
BRDA:17,0,98,0
BRDA:17,0,99,0
BRDA:17,0,100,0
BRDA:17,0,101,0
BRDA:17,0,102,0
BRDA:17,0,103,0
BRDA:17,0,104,0
BRDA:17,0,105,0
BRDA:17,0,106,0
BRDA:17,0,107,0
BRDA:17,0,108,0
BRDA:17,0,109,0
BRDA:17,0,110,0
BRDA:17,0,111,0
BRDA:17,0,112,0
BRDA:17,0,113,0
BRDA:17,0,114,0
BRDA:17,0,115,0
BRDA:17,0,116,0
BRDA:17,0,117,0
BRDA:17,0,118,0
BRDA:17,0,119,0
BRDA:17,0,120,0
BRDA:17,0,121,0
BRDA:17,0,122,0
BRDA:17,0,123,0
BRDA:17,0,124,0
BRDA:17,0,125,0
BRDA:17,0,126,0
BRDA:17,0,127,0
BRDA:17,0,128,0
BRDA:17,0,129,0
BRDA:17,0,130,0
BRDA:17,0,131,0
BRDA:17,0,132,0
BRDA:17,0,133,0
BRDA:17,0,134,0
BRDA:17,0,135,0
BRDA:17,0,136,0
BRDA:17,0,137,0
BRDA:17,0,138,0
BRDA:17,0,139,0
BRDA:17,0,140,0
BRDA:17,0,141,0
BRDA:17,0,142,0
BRDA:17,0,143,0
BRDA:17,0,144,0
BRDA:17,0,145,0
BRDA:17,0,146,0
BRDA:17,0,147,0
BRDA:17,0,148,0
BRDA:17,0,149,0
BRDA:17,0,150,0
BRDA:17,0,151,0
BRDA:17,0,152,0
BRDA:17,0,153,0
BRDA:17,0,154,0
BRDA:17,0,155,0
BRDA:17,0,156,0
BRDA:17,0,157,0
BRDA:17,0,158,0
BRDA:17,0,159,0
BRDA:17,0,160,0
BRDA:17,0,161,0
BRDA:17,0,162,0
BRDA:17,0,163,0
BRDA:17,0,164,0
BRDA:17,0,165,0
BRDA:17,0,166,0
BRDA:17,0,167,0
BRDA:17,0,168,0
BRDA:17,0,169,0
BRDA:17,0,170,0
BRDA:17,0,171,0
BRDA:17,0,172,0
BRDA:17,0,173,0
BRDA:17,0,174,0
BRDA:17,0,175,0
BRDA:17,0,176,0
BRDA:17,0,177,0
BRDA:17,0,178,0
BRDA:17,0,179,0
BRDA:17,0,180,0
BRDA:17,0,181,0
BRDA:17,0,182,0
BRDA:17,0,183,0
BRDA:17,0,184,0
BRDA:17,0,185,0
BRDA:17,0,186,0
BRDA:17,0,187,0
BRDA:17,0,188,0
BRDA:17,0,189,0
BRDA:17,0,190,0
BRDA:17,0,191,0
BRDA:17,0,192,0
BRDA:17,0,193,0
BRDA:17,0,194,0
BRDA:17,0,195,0
BRDA:17,0,196,0
BRDA:17,0,197,0
BRDA:17,0,198,0
BRDA:17,0,199,0
BRDA:17,0,200,0
BRDA:17,0,201,0
BRDA:17,0,202,0
BRDA:17,0,203,0
BRDA:17,0,204,0
BRDA:17,0,205,0
BRDA:17,0,206,0
BRDA:17,0,207,0
BRDA:17,0,208,0
BRDA:17,0,209,0
BRDA:17,0,210,0
BRDA:17,0,211,0
BRDA:17,0,212,0
BRDA:17,0,213,0
BRDA:17,0,214,0
BRDA:17,0,215,0
BRDA:17,0,216,0
BRDA:17,0,217,0
BRDA:17,0,218,0
BRDA:17,0,219,0
BRDA:17,0,220,0
BRDA:17,0,221,0
BRDA:17,0,222,0
BRDA:17,0,223,0
BRDA:17,0,224,0
BRDA:17,0,225,0
BRDA:17,0,226,0
BRDA:17,0,227,0
BRDA:17,0,228,0
BRDA:17,0,229,0
BRDA:17,0,230,0
BRDA:17,0,231,0
BRDA:17,0,232,0
BRDA:17,0,233,0
BRDA:17,0,234,0
BRDA:17,0,235,0
BRDA:17,0,236,0
BRDA:17,0,237,0
BRDA:17,0,238,0
BRDA:17,0,239,0
BRDA:17,0,240,0
BRDA:17,0,241,0
BRDA:17,0,242,0
BRDA:17,0,243,0
BRDA:17,0,244,0
BRDA:17,0,245,0
BRDA:17,0,246,0
BRDA:17,0,247,0
BRDA:17,0,248,0
BRDA:17,0,249,0
BRDA:17,0,250,0
BRDA:17,0,251,0
BRDA:17,0,252,0
BRDA:17,0,253,0
BRDA:17,0,254,0
BRDA:17,0,255,0
DA:18,0
BRDA:18,0,0,0
BRDA:18,0,1,0
BRDA:18,0,2,0
BRDA:18,0,3,0
BRDA:18,0,4,0
BRDA:18,0,5,0
BRDA:18,0,6,0
BRDA:18,0,7,0
BRDA:18,0,8,0
BRDA:18,0,9,0
BRDA:18,0,10,0
BRDA:18,0,11,0
BRDA:18,0,12,0
BRDA:18,0,13,0
BRDA:18,0,14,0
BRDA:18,0,15,0
BRDA:18,0,16,0
BRDA:18,0,17,0
BRDA:18,0,18,0
BRDA:18,0,19,0
BRDA:18,0,20,0
BRDA:18,0,21,0
BRDA:18,0,22,0
BRDA:18,0,23,0
BRDA:18,0,24,0
BRDA:18,0,25,0
BRDA:18,0,26,0
BRDA:18,0,27,0
BRDA:18,0,28,0
BRDA:18,0,29,0
BRDA:18,0,30,0
BRDA:18,0,31,0
BRDA:18,0,32,0
BRDA:18,0,33,0
BRDA:18,0,34,0
BRDA:18,0,35,0
BRDA:18,0,36,0
BRDA:18,0,37,0
BRDA:18,0,38,0
BRDA:18,0,39,0
BRDA:18,0,40,0
BRDA:18,0,41,0
BRDA:18,0,42,0
BRDA:18,0,43,0
BRDA:18,0,44,0
BRDA:18,0,45,0
BRDA:18,0,46,0
BRDA:18,0,47,0
BRDA:18,0,48,0
BRDA:18,0,49,0
BRDA:18,0,50,0
BRDA:18,0,51,0
BRDA:18,0,52,0
BRDA:18,0,53,0
BRDA:18,0,54,0
BRDA:18,0,55,0
BRDA:18,0,56,0
BRDA:18,0,57,0
BRDA:18,0,58,0
BRDA:18,0,59,0
BRDA:18,0,60,0
BRDA:18,0,61,0
BRDA:18,0,62,0
BRDA:18,0,63,0
BRDA:18,0,64,0
BRDA:18,0,65,0
BRDA:18,0,66,0
BRDA:18,0,67,0
BRDA:18,0,68,0
BRDA:18,0,69,0
BRDA:18,0,70,0
BRDA:18,0,71,0
BRDA:18,0,72,0
BRDA:18,0,73,0
BRDA:18,0,74,0
BRDA:18,0,75,0
BRDA:18,0,76,0
BRDA:18,0,77,0
BRDA:18,0,78,0
BRDA:18,0,79,0
BRDA:18,0,80,0
BRDA:18,0,81,0
BRDA:18,0,82,0
BRDA:18,0,83,0
BRDA:18,0,84,0
BRDA:18,0,85,0
BRDA:18,0,86,0
BRDA:18,0,87,0
BRDA:18,0,88,0
BRDA:18,0,89,0
BRDA:18,0,90,0
BRDA:18,0,91,0
BRDA:18,0,92,0
BRDA:18,0,93,0
BRDA:18,0,94,0
BRDA:18,0,95,0
BRDA:18,0,96,0
BRDA:18,0,97,0
BRDA:18,0,98,0
BRDA:18,0,99,0
BRDA:18,0,100,0
BRDA:18,0,101,0
BRDA:18,0,102,0
BRDA:18,0,103,0
BRDA:18,0,104,0
BRDA:18,0,105,0
BRDA:18,0,106,0
BRDA:18,0,107,0
BRDA:18,0,108,0
BRDA:18,0,109,0
BRDA:18,0,110,0
BRDA:18,0,111,0
BRDA:18,0,112,0
BRDA:18,0,113,0
BRDA:18,0,114,0
BRDA:18,0,115,0
BRDA:18,0,116,0
BRDA:18,0,117,0
BRDA:18,0,118,0
BRDA:18,0,119,0
BRDA:18,0,120,0
BRDA:18,0,121,0
BRDA:18,0,122,0
BRDA:18,0,123,0
BRDA:18,0,124,0
BRDA:18,0,125,0
BRDA:18,0,126,0
BRDA:18,0,127,0
BRDA:18,0,128,0
BRDA:18,0,129,0
BRDA:18,0,130,0
BRDA:18,0,131,0
BRDA:18,0,132,0
BRDA:18,0,133,0
BRDA:18,0,134,0
BRDA:18,0,135,0
BRDA:18,0,136,0
BRDA:18,0,137,0
BRDA:18,0,138,0
BRDA:18,0,139,0
BRDA:18,0,140,0
BRDA:18,0,141,0
BRDA:18,0,142,0
BRDA:18,0,143,0
BRDA:18,0,144,0
BRDA:18,0,145,0
BRDA:18,0,146,0
BRDA:18,0,147,0
BRDA:18,0,148,0
BRDA:18,0,149,0
BRDA:18,0,150,0
BRDA:18,0,151,0
BRDA:18,0,152,0
BRDA:18,0,153,0
BRDA:18,0,154,0
BRDA:18,0,155,0
BRDA:18,0,156,0
BRDA:18,0,157,0
BRDA:18,0,158,0
BRDA:18,0,159,0
BRDA:18,0,160,0
BRDA:18,0,161,0
BRDA:18,0,162,0
BRDA:18,0,163,0
BRDA:18,0,164,0
BRDA:18,0,165,0
BRDA:18,0,166,0
BRDA:18,0,167,0
BRDA:18,0,168,0
BRDA:18,0,169,0
BRDA:18,0,170,0
BRDA:18,0,171,0
BRDA:18,0,172,0
BRDA:18,0,173,0
BRDA:18,0,174,0
BRDA:18,0,175,0
BRDA:18,0,176,0
BRDA:18,0,177,0
BRDA:18,0,178,0
BRDA:18,0,179,0
BRDA:18,0,180,0
BRDA:18,0,181,0
BRDA:18,0,182,0
BRDA:18,0,183,0
BRDA:18,0,184,0
BRDA:18,0,185,0
BRDA:18,0,186,0
BRDA:18,0,187,0
BRDA:18,0,188,0
BRDA:18,0,189,0
BRDA:18,0,190,0
BRDA:18,0,191,0
BRDA:18,0,192,0
BRDA:18,0,193,0
BRDA:18,0,194,0
BRDA:18,0,195,0
BRDA:18,0,196,0
BRDA:18,0,197,0
BRDA:18,0,198,0
BRDA:18,0,199,0
BRDA:18,0,200,0
BRDA:18,0,201,0
BRDA:18,0,202,0
BRDA:18,0,203,0
BRDA:18,0,204,0
BRDA:18,0,205,0
BRDA:18,0,206,0
BRDA:18,0,207,0
BRDA:18,0,208,0
BRDA:18,0,209,0
BRDA:18,0,210,0
BRDA:18,0,211,0
BRDA:18,0,212,0
BRDA:18,0,213,0
BRDA:18,0,214,0
BRDA:18,0,215,0
BRDA:18,0,216,0
BRDA:18,0,217,0
BRDA:18,0,218,0
BRDA:18,0,219,0
BRDA:18,0,220,0
BRDA:18,0,221,0
BRDA:18,0,222,0
BRDA:18,0,223,0
BRDA:18,0,224,0
BRDA:18,0,225,0
BRDA:18,0,226,0
BRDA:18,0,227,0
BRDA:18,0,228,0
BRDA:18,0,229,0
BRDA:18,0,230,0
BRDA:18,0,231,0
BRDA:18,0,232,0
BRDA:18,0,233,0
BRDA:18,0,234,0
BRDA:18,0,235,0
BRDA:18,0,236,0
BRDA:18,0,237,0
BRDA:18,0,238,0
BRDA:18,0,239,0
BRDA:18,0,240,0
BRDA:18,0,241,0
BRDA:18,0,242,0
BRDA:18,0,243,0
BRDA:18,0,244,0
BRDA:18,0,245,0
BRDA:18,0,246,0
BRDA:18,0,247,0
BRDA:18,0,248,0
BRDA:18,0,249,0
BRDA:18,0,250,0
BRDA:18,0,251,0
BRDA:18,0,252,0
BRDA:18,0,253,0
BRDA:18,0,254,0
BRDA:18,0,255,0
DA:19,0
BRDA:19,0,0,0
BRDA:19,0,1,0
BRDA:19,0,2,0
BRDA:19,0,3,0
BRDA:19,0,4,0
BRDA:19,0,5,0
BRDA:19,0,6,0
BRDA:19,0,7,0
BRDA:19,0,8,0
BRDA:19,0,9,0
BRDA:19,0,10,0
BRDA:19,0,11,0
BRDA:19,0,12,0
BRDA:19,0,13,0
BRDA:19,0,14,0
BRDA:19,0,15,0
BRDA:19,0,16,0
BRDA:19,0,17,0
BRDA:19,0,18,0
BRDA:19,0,19,0
BRDA:19,0,20,0
BRDA:19,0,21,0
BRDA:19,0,22,0
BRDA:19,0,23,0
BRDA:19,0,24,0
BRDA:19,0,25,0
BRDA:19,0,26,0
BRDA:19,0,27,0
BRDA:19,0,28,0
BRDA:19,0,29,0
BRDA:19,0,30,0
BRDA:19,0,31,0
BRDA:19,0,32,0
BRDA:19,0,33,0
BRDA:19,0,34,0
BRDA:19,0,35,0
BRDA:19,0,36,0
BRDA:19,0,37,0
BRDA:19,0,38,0
BRDA:19,0,39,0
BRDA:19,0,40,0
BRDA:19,0,41,0
BRDA:19,0,42,0
BRDA:19,0,43,0
BRDA:19,0,44,0
BRDA:19,0,45,0
BRDA:19,0,46,0
BRDA:19,0,47,0
BRDA:19,0,48,0
BRDA:19,0,49,0
BRDA:19,0,50,0
BRDA:19,0,51,0
BRDA:19,0,52,0
BRDA:19,0,53,0
BRDA:19,0,54,0
BRDA:19,0,55,0
BRDA:19,0,56,0
BRDA:19,0,57,0
BRDA:19,0,58,0
BRDA:19,0,59,0
BRDA:19,0,60,0
BRDA:19,0,61,0
BRDA:19,0,62,0
BRDA:19,0,63,0
BRDA:19,0,64,0
BRDA:19,0,65,0
BRDA:19,0,66,0
BRDA:19,0,67,0
BRDA:19,0,68,0
BRDA:19,0,69,0
BRDA:19,0,70,0
BRDA:19,0,71,0
BRDA:19,0,72,0
BRDA:19,0,73,0
BRDA:19,0,74,0
BRDA:19,0,75,0
BRDA:19,0,76,0
BRDA:19,0,77,0
BRDA:19,0,78,0
BRDA:19,0,79,0
BRDA:19,0,80,0
BRDA:19,0,81,0
BRDA:19,0,82,0
BRDA:19,0,83,0
BRDA:19,0,84,0
BRDA:19,0,85,0
BRDA:19,0,86,0
BRDA:19,0,87,0
BRDA:19,0,88,0
BRDA:19,0,89,0
BRDA:19,0,90,0
BRDA:19,0,91,0
BRDA:19,0,92,0
BRDA:19,0,93,0
BRDA:19,0,94,0
BRDA:19,0,95,0
BRDA:19,0,96,0
BRDA:19,0,97,0
BRDA:19,0,98,0
BRDA:19,0,99,0
BRDA:19,0,100,0
BRDA:19,0,101,0
BRDA:19,0,102,0
BRDA:19,0,103,0
BRDA:19,0,104,0
BRDA:19,0,105,0
BRDA:19,0,106,0
BRDA:19,0,107,0
BRDA:19,0,108,0
BRDA:19,0,109,0
BRDA:19,0,110,0
BRDA:19,0,111,0
BRDA:19,0,112,0
BRDA:19,0,113,0
BRDA:19,0,114,0
BRDA:19,0,115,0
BRDA:19,0,116,0
BRDA:19,0,117,0
BRDA:19,0,118,0
BRDA:19,0,119,0
BRDA:19,0,120,0
BRDA:19,0,121,0
BRDA:19,0,122,0
BRDA:19,0,123,0
BRDA:19,0,124,0
BRDA:19,0,125,0
BRDA:19,0,126,0
BRDA:19,0,127,0
BRDA:19,0,128,0
BRDA:19,0,129,0
BRDA:19,0,130,0
BRDA:19,0,131,0
BRDA:19,0,132,0
BRDA:19,0,133,0
BRDA:19,0,134,0
BRDA:19,0,135,0
BRDA:19,0,136,0
BRDA:19,0,137,0
BRDA:19,0,138,0
BRDA:19,0,139,0
BRDA:19,0,140,0
BRDA:19,0,141,0
BRDA:19,0,142,0
BRDA:19,0,143,0
BRDA:19,0,144,0
BRDA:19,0,145,0
BRDA:19,0,146,0
BRDA:19,0,147,0
BRDA:19,0,148,0
BRDA:19,0,149,0
BRDA:19,0,150,0
BRDA:19,0,151,0
BRDA:19,0,152,0
BRDA:19,0,153,0
BRDA:19,0,154,0
BRDA:19,0,155,0
BRDA:19,0,156,0
BRDA:19,0,157,0
BRDA:19,0,158,0
BRDA:19,0,159,0
BRDA:19,0,160,0
BRDA:19,0,161,0
BRDA:19,0,162,0
BRDA:19,0,163,0
BRDA:19,0,164,0
BRDA:19,0,165,0
BRDA:19,0,166,0
BRDA:19,0,167,0
BRDA:19,0,168,0
BRDA:19,0,169,0
BRDA:19,0,170,0
BRDA:19,0,171,0
BRDA:19,0,172,0
BRDA:19,0,173,0
BRDA:19,0,174,0
BRDA:19,0,175,0
BRDA:19,0,176,0
BRDA:19,0,177,0
BRDA:19,0,178,0
BRDA:19,0,179,0
BRDA:19,0,180,0
BRDA:19,0,181,0
BRDA:19,0,182,0
BRDA:19,0,183,0
BRDA:19,0,184,0
BRDA:19,0,185,0
BRDA:19,0,186,0
BRDA:19,0,187,0
BRDA:19,0,188,0
BRDA:19,0,189,0
BRDA:19,0,190,0
BRDA:19,0,191,0
BRDA:19,0,192,0
BRDA:19,0,193,0
BRDA:19,0,194,0
BRDA:19,0,195,0
BRDA:19,0,196,0
BRDA:19,0,197,0
BRDA:19,0,198,0
BRDA:19,0,199,0
BRDA:19,0,200,0
BRDA:19,0,201,0
BRDA:19,0,202,0
BRDA:19,0,203,0
BRDA:19,0,204,0
BRDA:19,0,205,0
BRDA:19,0,206,0
BRDA:19,0,207,0
BRDA:19,0,208,0
BRDA:19,0,209,0
BRDA:19,0,210,0
BRDA:19,0,211,0
BRDA:19,0,212,0
BRDA:19,0,213,0
BRDA:19,0,214,0
BRDA:19,0,215,0
BRDA:19,0,216,0
BRDA:19,0,217,0
BRDA:19,0,218,0
BRDA:19,0,219,0
BRDA:19,0,220,0
BRDA:19,0,221,0
BRDA:19,0,222,0
BRDA:19,0,223,0
BRDA:19,0,224,0
BRDA:19,0,225,0
BRDA:19,0,226,0
BRDA:19,0,227,0
BRDA:19,0,228,0
BRDA:19,0,229,0
BRDA:19,0,230,0
BRDA:19,0,231,0
BRDA:19,0,232,0
BRDA:19,0,233,0
BRDA:19,0,234,0
BRDA:19,0,235,0
BRDA:19,0,236,0
BRDA:19,0,237,0
BRDA:19,0,238,0
BRDA:19,0,239,0
BRDA:19,0,240,0
BRDA:19,0,241,0
BRDA:19,0,242,0
BRDA:19,0,243,0
BRDA:19,0,244,0
BRDA:19,0,245,0
BRDA:19,0,246,0
BRDA:19,0,247,0
BRDA:19,0,248,0
BRDA:19,0,249,0
BRDA:19,0,250,0
BRDA:19,0,251,0
BRDA:19,0,252,0
BRDA:19,0,253,0
BRDA:19,0,254,0
BRDA:19,0,255,0
DA:20,0
BRDA:20,0,0,0
BRDA:20,0,1,0
BRDA:20,0,2,0
BRDA:20,0,3,0
BRDA:20,0,4,0
BRDA:20,0,5,0
BRDA:20,0,6,0
BRDA:20,0,7,0
DA:21,0
BRDA:21,0,0,0
BRDA:21,0,1,0
DA:29,2
BRDA:29,0,0,2
BRDA:29,0,1,0
BRDA:29,0,2,0
BRDA:29,0,3,0
BRDA:29,0,4,0
BRDA:29,0,5,0
BRDA:29,0,6,2
BRDA:29,0,7,0
DA:30,1000002
DA:31,1000002
DA:32,0
DA:33,0
DA:34,1000002
DA:39,0
DA:41,0
DA:42,0
DA:51,2
DA:52,2
DA:53,2
DA:54,2
DA:55,2
DA:56,2
DA:57,2
DA:58,2
DA:59,2
DA:60,2
DA:61,2
DA:62,2
DA:63,2
DA:64,2
DA:65,2
DA:66,2
DA:67,2
DA:68,2
DA:69,2
DA:70,2
DA:71,2
DA:72,2
DA:73,2
DA:74,2
DA:75,2
DA:76,2
DA:77,2
DA:78,2
DA:79,2
DA:80,2
DA:81,2
DA:82,2
DA:83,2
DA:84,2
DA:85,2
DA:86,2
DA:87,2
DA:88,2
DA:89,2
DA:90,2
DA:91,2
DA:92,2
DA:93,2
DA:94,2
DA:95,2
DA:96,2
DA:97,2
DA:98,2
DA:99,2
DA:100,2
DA:101,2
DA:102,2
DA:103,2
DA:104,2
DA:105,2
DA:106,2
DA:107,2
DA:108,2
DA:109,2
DA:110,2
DA:111,2
DA:112,2
DA:113,2
DA:114,2
DA:115,2
DA:119,0
BRDA:119,0,0,0
BRDA:119,0,1,0
BRDA:119,0,2,0
BRDA:119,0,3,0
BRDA:119,0,4,0
BRDA:119,0,5,0
BRDA:119,0,6,0
BRDA:119,0,7,0
BRDA:119,0,8,0
BRDA:119,0,9,0
BRDA:119,0,10,0
BRDA:119,0,11,0
BRDA:119,0,12,0
BRDA:119,0,13,0
BRDA:119,0,14,0
BRDA:119,0,15,0
BRDA:119,0,16,0
BRDA:119,0,17,0
BRDA:119,0,18,0
BRDA:119,0,19,0
BRDA:119,0,20,0
BRDA:119,0,21,0
BRDA:119,0,22,0
BRDA:119,0,23,0
BRDA:119,0,24,0
BRDA:119,0,25,0
BRDA:119,0,26,0
BRDA:119,0,27,0
BRDA:119,0,28,0
BRDA:119,0,29,0
BRDA:119,0,30,0
BRDA:119,0,31,0
BRDA:119,0,32,0
BRDA:119,0,33,0
BRDA:119,0,34,0
BRDA:119,0,35,0
BRDA:119,0,36,0
BRDA:119,0,37,0
BRDA:119,0,38,0
BRDA:119,0,39,0
BRDA:119,0,40,0
BRDA:119,0,41,0
BRDA:119,0,42,0
BRDA:119,0,43,0
BRDA:119,0,44,0
BRDA:119,0,45,0
BRDA:119,0,46,0
BRDA:119,0,47,0
BRDA:119,0,48,0
BRDA:119,0,49,0
BRDA:119,0,50,0
BRDA:119,0,51,0
BRDA:119,0,52,0
BRDA:119,0,53,0
BRDA:119,0,54,0
BRDA:119,0,55,0
BRDA:119,0,56,0
BRDA:119,0,57,0
BRDA:119,0,58,0
BRDA:119,0,59,0
BRDA:119,0,60,0
BRDA:119,0,61,0
BRDA:119,0,62,0
BRDA:119,0,63,0
BRDA:119,0,64,0
BRDA:119,0,65,0
BRDA:119,0,66,0
BRDA:119,0,67,0
BRDA:119,0,68,0
BRDA:119,0,69,0
BRDA:119,0,70,0
BRDA:119,0,71,0
BRDA:119,0,72,0
BRDA:119,0,73,0
BRDA:119,0,74,0
BRDA:119,0,75,0
BRDA:119,0,76,0
BRDA:119,0,77,0
BRDA:119,0,78,0
BRDA:119,0,79,0
BRDA:119,0,80,0
BRDA:119,0,81,0
BRDA:119,0,82,0
BRDA:119,0,83,0
BRDA:119,0,84,0
BRDA:119,0,85,0
BRDA:119,0,86,0
BRDA:119,0,87,0
BRDA:119,0,88,0
BRDA:119,0,89,0
BRDA:119,0,90,0
BRDA:119,0,91,0
BRDA:119,0,92,0
BRDA:119,0,93,0
BRDA:119,0,94,0
BRDA:119,0,95,0
BRDA:119,0,96,0
BRDA:119,0,97,0
BRDA:119,0,98,0
BRDA:119,0,99,0
BRDA:119,0,100,0
BRDA:119,0,101,0
BRDA:119,0,102,0
BRDA:119,0,103,0
BRDA:119,0,104,0
BRDA:119,0,105,0
BRDA:119,0,106,0
BRDA:119,0,107,0
BRDA:119,0,108,0
BRDA:119,0,109,0
BRDA:119,0,110,0
BRDA:119,0,111,0
BRDA:119,0,112,0
BRDA:119,0,113,0
BRDA:119,0,114,0
BRDA:119,0,115,0
BRDA:119,0,116,0
BRDA:119,0,117,0
BRDA:119,0,118,0
BRDA:119,0,119,0
BRDA:119,0,120,0
BRDA:119,0,121,0
BRDA:119,0,122,0
BRDA:119,0,123,0
BRDA:119,0,124,0
BRDA:119,0,125,0
BRDA:119,0,126,0
BRDA:119,0,127,0
BRDA:119,0,128,0
BRDA:119,0,129,0
BRDA:119,0,130,0
BRDA:119,0,131,0
BRDA:119,0,132,0
BRDA:119,0,133,0
BRDA:119,0,134,0
BRDA:119,0,135,0
BRDA:119,0,136,0
BRDA:119,0,137,0
BRDA:119,0,138,0
BRDA:119,0,139,0
BRDA:119,0,140,0
BRDA:119,0,141,0
BRDA:119,0,142,0
BRDA:119,0,143,0
BRDA:119,0,144,0
BRDA:119,0,145,0
BRDA:119,0,146,0
BRDA:119,0,147,0
BRDA:119,0,148,0
BRDA:119,0,149,0
BRDA:119,0,150,0
BRDA:119,0,151,0
BRDA:119,0,152,0
BRDA:119,0,153,0
BRDA:119,0,154,0
BRDA:119,0,155,0
BRDA:119,0,156,0
BRDA:119,0,157,0
BRDA:119,0,158,0
BRDA:119,0,159,0
BRDA:119,0,160,0
BRDA:119,0,161,0
BRDA:119,0,162,0
BRDA:119,0,163,0
BRDA:119,0,164,0
BRDA:119,0,165,0
BRDA:119,0,166,0
BRDA:119,0,167,0
BRDA:119,0,168,0
BRDA:119,0,169,0
BRDA:119,0,170,0
BRDA:119,0,171,0
BRDA:119,0,172,0
BRDA:119,0,173,0
BRDA:119,0,174,0
BRDA:119,0,175,0
BRDA:119,0,176,0
BRDA:119,0,177,0
BRDA:119,0,178,0
BRDA:119,0,179,0
BRDA:119,0,180,0
BRDA:119,0,181,0
BRDA:119,0,182,0
BRDA:119,0,183,0
BRDA:119,0,184,0
BRDA:119,0,185,0
BRDA:119,0,186,0
BRDA:119,0,187,0
BRDA:119,0,188,0
BRDA:119,0,189,0
BRDA:119,0,190,0
BRDA:119,0,191,0
BRDA:119,0,192,0
BRDA:119,0,193,0
BRDA:119,0,194,0
BRDA:119,0,195,0
BRDA:119,0,196,0
BRDA:119,0,197,0
BRDA:119,0,198,0
BRDA:119,0,199,0
BRDA:119,0,200,0
BRDA:119,0,201,0
BRDA:119,0,202,0
BRDA:119,0,203,0
BRDA:119,0,204,0
BRDA:119,0,205,0
BRDA:119,0,206,0
BRDA:119,0,207,0
BRDA:119,0,208,0
BRDA:119,0,209,0
BRDA:119,0,210,0
BRDA:119,0,211,0
BRDA:119,0,212,0
BRDA:119,0,213,0
BRDA:119,0,214,0
BRDA:119,0,215,0
BRDA:119,0,216,0
BRDA:119,0,217,0
BRDA:119,0,218,0
BRDA:119,0,219,0
BRDA:119,0,220,0
BRDA:119,0,221,0
BRDA:119,0,222,0
BRDA:119,0,223,0
BRDA:119,0,224,0
BRDA:119,0,225,0
BRDA:119,0,226,0
BRDA:119,0,227,0
BRDA:119,0,228,0
BRDA:119,0,229,0
BRDA:119,0,230,0
BRDA:119,0,231,0
BRDA:119,0,232,0
BRDA:119,0,233,0
BRDA:119,0,234,0
BRDA:119,0,235,0
BRDA:119,0,236,0
BRDA:119,0,237,0
BRDA:119,0,238,0
BRDA:119,0,239,0
BRDA:119,0,240,0
BRDA:119,0,241,0
BRDA:119,0,242,0
BRDA:119,0,243,0
BRDA:119,0,244,0
BRDA:119,0,245,0
BRDA:119,0,246,0
BRDA:119,0,247,0
BRDA:119,0,248,0
BRDA:119,0,249,0
BRDA:119,0,250,0
BRDA:119,0,251,0
BRDA:119,0,252,0
BRDA:119,0,253,0
BRDA:119,0,254,0
BRDA:119,0,255,0
DA:123,0
BRDA:123,0,0,0
BRDA:123,0,1,0
BRDA:123,0,2,0
BRDA:123,0,3,0
BRDA:123,0,4,0
BRDA:123,0,5,0
BRDA:123,0,6,0
BRDA:123,0,7,0
DA:124,0
BRDA:124,0,0,0
BRDA:124,0,1,0
BRDA:124,0,2,0
BRDA:124,0,3,0
BRDA:124,0,4,0
BRDA:124,0,5,0
BRDA:124,0,6,0
BRDA:124,0,7,0
DA:125,0
BRDA:125,0,0,0
BRDA:125,0,1,0
BRDA:125,0,2,0
BRDA:125,0,3,0
BRDA:125,0,4,0
BRDA:125,0,5,0
DA:127,0
DA:128,0
BRDA:128,0,0,0
BRDA:128,0,1,0
DA:129,0
DA:130,0
DA:131,0
DA:132,0
DA:133,0
DA:134,0
BRDA:134,0,0,0
BRDA:134,0,1,0
BRDA:134,0,2,0
DA:135,0
DA:136,0
DA:137,0
DA:139,0
DA:141,0
DA:142,0
DA:143,0
DA:144,0
DA:145,0
DA:146,0
DA:147,0
DA:148,0
DA:149,0
DA:150,0
DA:151,0
DA:152,0
DA:153,0
DA:154,0
DA:155,0
DA:156,0
DA:157,0
DA:158,0
DA:160,0
DA:161,0
DA:162,0
DA:163,0
DA:164,0
DA:165,0
DA:166,0
DA:167,0
DA:169,0
DA:172,0
DA:174,0
DA:176,0
DA:177,0
BRDA:177,0,0,0
BRDA:177,0,1,0
DA:178,0
DA:180,0
DA:182,0
DA:185,0
DA:186,0
DA:187,0
DA:188,0
DA:189,0
DA:190,0
DA:191,0
DA:192,0
DA:195,0
DA:196,0
DA:197,0
DA:198,0
DA:199,0
DA:200,0
DA:201,0
DA:202,0
DA:205,0
DA:206,0
DA:207,0
DA:208,0
DA:209,0
DA:210,0
DA:211,0
DA:212,0
DA:215,0
DA:216,0
DA:217,0
DA:218,0
DA:219,0
DA:220,0
DA:221,0
DA:222,0
DA:224,0
DA:226,0
DA:227,0
DA:228,0
DA:229,0
DA:230,0
DA:231,0
DA:232,0
DA:233,0
DA:234,0
DA:235,0
DA:236,0
DA:237,0
DA:238,0
DA:239,0
DA:240,0
DA:241,0
DA:242,0
DA:243,0
BRDA:243,0,0,0
BRDA:243,0,1,0
DA:244,0
DA:246,0
DA:247,0
DA:248,0
DA:249,0
DA:250,0
DA:251,0
DA:252,0
DA:253,0
DA:254,0
DA:255,0
DA:256,0
DA:257,0
DA:262,0
DA:263,0
DA:264,0
DA:266,0
DA:267,0
DA:275,1000002
DA:276,0
DA:277,0
DA:278,0
DA:280,0
DA:283,0
DA:284,0
DA:286,1000002
BRDA:286,0,0,0
BRDA:286,0,1,1000002
DA:288,0
DA:289,0
DA:291,1000002
DA:292,1000002
DA:293,1000002
BRF:1351
BRH:1
end_of_record
SF:../RTL/aes_top.v
DA:16,0
BRDA:16,0,0,0
BRDA:16,0,1,0
DA:17,0
BRDA:17,0,0,0
BRDA:17,0,1,0
DA:20,0
BRDA:20,0,0,0
BRDA:20,0,1,0
DA:21,0
BRDA:21,0,0,0
BRDA:21,0,1,0
DA:22,0
BRDA:22,0,0,0
BRDA:22,0,1,0
BRDA:22,0,2,0
BRDA:22,0,3,0
BRDA:22,0,4,0
BRDA:22,0,5,0
BRDA:22,0,6,0
BRDA:22,0,7,0
BRDA:22,0,8,0
BRDA:22,0,9,0
BRDA:22,0,10,0
BRDA:22,0,11,0
BRDA:22,0,12,0
BRDA:22,0,13,0
BRDA:22,0,14,0
BRDA:22,0,15,0
BRDA:22,0,16,0
BRDA:22,0,17,0
BRDA:22,0,18,0
BRDA:22,0,19,0
BRDA:22,0,20,0
BRDA:22,0,21,0
BRDA:22,0,22,0
BRDA:22,0,23,0
DA:23,0
BRDA:23,0,0,0
BRDA:23,0,1,0
DA:24,0
BRDA:24,0,0,0
BRDA:24,0,1,0
BRDA:24,0,2,0
BRDA:24,0,3,0
BRDA:24,0,4,0
BRDA:24,0,5,0
BRDA:24,0,6,0
BRDA:24,0,7,0
BRDA:24,0,8,0
BRDA:24,0,9,0
BRDA:24,0,10,0
BRDA:24,0,11,0
BRDA:24,0,12,0
BRDA:24,0,13,0
BRDA:24,0,14,0
BRDA:24,0,15,0
BRDA:24,0,16,0
BRDA:24,0,17,0
BRDA:24,0,18,0
BRDA:24,0,19,0
BRDA:24,0,20,0
BRDA:24,0,21,0
BRDA:24,0,22,0
BRDA:24,0,23,0
BRDA:24,0,24,0
BRDA:24,0,25,0
BRDA:24,0,26,0
BRDA:24,0,27,0
BRDA:24,0,28,0
BRDA:24,0,29,0
BRDA:24,0,30,0
BRDA:24,0,31,0
BRDA:24,0,32,0
BRDA:24,0,33,0
BRDA:24,0,34,0
BRDA:24,0,35,0
BRDA:24,0,36,0
BRDA:24,0,37,0
BRDA:24,0,38,0
BRDA:24,0,39,0
BRDA:24,0,40,0
BRDA:24,0,41,0
BRDA:24,0,42,0
BRDA:24,0,43,0
BRDA:24,0,44,0
BRDA:24,0,45,0
BRDA:24,0,46,0
BRDA:24,0,47,0
BRDA:24,0,48,0
BRDA:24,0,49,0
BRDA:24,0,50,0
BRDA:24,0,51,0
BRDA:24,0,52,0
BRDA:24,0,53,0
BRDA:24,0,54,0
BRDA:24,0,55,0
BRDA:24,0,56,0
BRDA:24,0,57,0
BRDA:24,0,58,0
BRDA:24,0,59,0
BRDA:24,0,60,0
BRDA:24,0,61,0
BRDA:24,0,62,0
BRDA:24,0,63,0
DA:25,0
BRDA:25,0,0,0
BRDA:25,0,1,0
BRDA:25,0,2,0
BRDA:25,0,3,0
BRDA:25,0,4,0
BRDA:25,0,5,0
BRDA:25,0,6,0
BRDA:25,0,7,0
BRDA:25,0,8,0
BRDA:25,0,9,0
BRDA:25,0,10,0
BRDA:25,0,11,0
BRDA:25,0,12,0
BRDA:25,0,13,0
BRDA:25,0,14,0
BRDA:25,0,15,0
BRDA:25,0,16,0
BRDA:25,0,17,0
BRDA:25,0,18,0
BRDA:25,0,19,0
BRDA:25,0,20,0
BRDA:25,0,21,0
BRDA:25,0,22,0
BRDA:25,0,23,0
BRDA:25,0,24,0
BRDA:25,0,25,0
BRDA:25,0,26,0
BRDA:25,0,27,0
BRDA:25,0,28,0
BRDA:25,0,29,0
BRDA:25,0,30,0
BRDA:25,0,31,0
BRDA:25,0,32,0
BRDA:25,0,33,0
BRDA:25,0,34,0
BRDA:25,0,35,0
BRDA:25,0,36,0
BRDA:25,0,37,0
BRDA:25,0,38,0
BRDA:25,0,39,0
BRDA:25,0,40,0
BRDA:25,0,41,0
BRDA:25,0,42,0
BRDA:25,0,43,0
BRDA:25,0,44,0
BRDA:25,0,45,0
BRDA:25,0,46,0
BRDA:25,0,47,0
BRDA:25,0,48,0
BRDA:25,0,49,0
BRDA:25,0,50,0
BRDA:25,0,51,0
BRDA:25,0,52,0
BRDA:25,0,53,0
BRDA:25,0,54,0
BRDA:25,0,55,0
BRDA:25,0,56,0
BRDA:25,0,57,0
BRDA:25,0,58,0
BRDA:25,0,59,0
BRDA:25,0,60,0
BRDA:25,0,61,0
BRDA:25,0,62,0
BRDA:25,0,63,0
DA:26,0
BRDA:26,0,0,0
BRDA:26,0,1,0
DA:27,0
BRDA:27,0,0,0
BRDA:27,0,1,0
DA:30,0
BRDA:30,0,0,0
BRDA:30,0,1,0
BRDA:30,0,2,0
BRDA:30,0,3,0
BRDA:30,0,4,0
BRDA:30,0,5,0
BRDA:30,0,6,0
BRDA:30,0,7,0
BRDA:30,0,8,0
BRDA:30,0,9,0
BRDA:30,0,10,0
BRDA:30,0,11,0
BRDA:30,0,12,0
BRDA:30,0,13,0
BRDA:30,0,14,0
BRDA:30,0,15,0
BRDA:30,0,16,0
BRDA:30,0,17,0
BRDA:30,0,18,0
BRDA:30,0,19,0
BRDA:30,0,20,0
BRDA:30,0,21,0
BRDA:30,0,22,0
BRDA:30,0,23,0
BRDA:30,0,24,0
BRDA:30,0,25,0
BRDA:30,0,26,0
BRDA:30,0,27,0
BRDA:30,0,28,0
BRDA:30,0,29,0
BRDA:30,0,30,0
BRDA:30,0,31,0
BRDA:30,0,32,0
BRDA:30,0,33,0
BRDA:30,0,34,0
BRDA:30,0,35,0
BRDA:30,0,36,0
BRDA:30,0,37,0
BRDA:30,0,38,0
BRDA:30,0,39,0
BRDA:30,0,40,0
BRDA:30,0,41,0
BRDA:30,0,42,0
BRDA:30,0,43,0
BRDA:30,0,44,0
BRDA:30,0,45,0
BRDA:30,0,46,0
BRDA:30,0,47,0
BRDA:30,0,48,0
BRDA:30,0,49,0
BRDA:30,0,50,0
BRDA:30,0,51,0
BRDA:30,0,52,0
BRDA:30,0,53,0
BRDA:30,0,54,0
BRDA:30,0,55,0
BRDA:30,0,56,0
BRDA:30,0,57,0
BRDA:30,0,58,0
BRDA:30,0,59,0
BRDA:30,0,60,0
BRDA:30,0,61,0
BRDA:30,0,62,0
BRDA:30,0,63,0
BRDA:30,0,64,0
BRDA:30,0,65,0
BRDA:30,0,66,0
BRDA:30,0,67,0
BRDA:30,0,68,0
BRDA:30,0,69,0
BRDA:30,0,70,0
BRDA:30,0,71,0
BRDA:30,0,72,0
BRDA:30,0,73,0
BRDA:30,0,74,0
BRDA:30,0,75,0
BRDA:30,0,76,0
BRDA:30,0,77,0
BRDA:30,0,78,0
BRDA:30,0,79,0
BRDA:30,0,80,0
BRDA:30,0,81,0
BRDA:30,0,82,0
BRDA:30,0,83,0
BRDA:30,0,84,0
BRDA:30,0,85,0
BRDA:30,0,86,0
BRDA:30,0,87,0
BRDA:30,0,88,0
BRDA:30,0,89,0
BRDA:30,0,90,0
BRDA:30,0,91,0
BRDA:30,0,92,0
BRDA:30,0,93,0
BRDA:30,0,94,0
BRDA:30,0,95,0
BRDA:30,0,96,0
BRDA:30,0,97,0
BRDA:30,0,98,0
BRDA:30,0,99,0
BRDA:30,0,100,0
BRDA:30,0,101,0
BRDA:30,0,102,0
BRDA:30,0,103,0
BRDA:30,0,104,0
BRDA:30,0,105,0
BRDA:30,0,106,0
BRDA:30,0,107,0
BRDA:30,0,108,0
BRDA:30,0,109,0
BRDA:30,0,110,0
BRDA:30,0,111,0
BRDA:30,0,112,0
BRDA:30,0,113,0
BRDA:30,0,114,0
BRDA:30,0,115,0
BRDA:30,0,116,0
BRDA:30,0,117,0
BRDA:30,0,118,0
BRDA:30,0,119,0
BRDA:30,0,120,0
BRDA:30,0,121,0
BRDA:30,0,122,0
BRDA:30,0,123,0
BRDA:30,0,124,0
BRDA:30,0,125,0
BRDA:30,0,126,0
BRDA:30,0,127,0
BRDA:30,0,128,0
BRDA:30,0,129,0
BRDA:30,0,130,0
BRDA:30,0,131,0
BRDA:30,0,132,0
BRDA:30,0,133,0
BRDA:30,0,134,0
BRDA:30,0,135,0
BRDA:30,0,136,0
BRDA:30,0,137,0
BRDA:30,0,138,0
BRDA:30,0,139,0
BRDA:30,0,140,0
BRDA:30,0,141,0
BRDA:30,0,142,0
BRDA:30,0,143,0
BRDA:30,0,144,0
BRDA:30,0,145,0
BRDA:30,0,146,0
BRDA:30,0,147,0
BRDA:30,0,148,0
BRDA:30,0,149,0
BRDA:30,0,150,0
BRDA:30,0,151,0
BRDA:30,0,152,0
BRDA:30,0,153,0
BRDA:30,0,154,0
BRDA:30,0,155,0
BRDA:30,0,156,0
BRDA:30,0,157,0
BRDA:30,0,158,0
BRDA:30,0,159,0
BRDA:30,0,160,0
BRDA:30,0,161,0
BRDA:30,0,162,0
BRDA:30,0,163,0
BRDA:30,0,164,0
BRDA:30,0,165,0
BRDA:30,0,166,0
BRDA:30,0,167,0
BRDA:30,0,168,0
BRDA:30,0,169,0
BRDA:30,0,170,0
BRDA:30,0,171,0
BRDA:30,0,172,0
BRDA:30,0,173,0
BRDA:30,0,174,0
BRDA:30,0,175,0
BRDA:30,0,176,0
BRDA:30,0,177,0
BRDA:30,0,178,0
BRDA:30,0,179,0
BRDA:30,0,180,0
BRDA:30,0,181,0
BRDA:30,0,182,0
BRDA:30,0,183,0
BRDA:30,0,184,0
BRDA:30,0,185,0
BRDA:30,0,186,0
BRDA:30,0,187,0
BRDA:30,0,188,0
BRDA:30,0,189,0
BRDA:30,0,190,0
BRDA:30,0,191,0
BRDA:30,0,192,0
BRDA:30,0,193,0
BRDA:30,0,194,0
BRDA:30,0,195,0
BRDA:30,0,196,0
BRDA:30,0,197,0
BRDA:30,0,198,0
BRDA:30,0,199,0
BRDA:30,0,200,0
BRDA:30,0,201,0
BRDA:30,0,202,0
BRDA:30,0,203,0
BRDA:30,0,204,0
BRDA:30,0,205,0
BRDA:30,0,206,0
BRDA:30,0,207,0
BRDA:30,0,208,0
BRDA:30,0,209,0
BRDA:30,0,210,0
BRDA:30,0,211,0
BRDA:30,0,212,0
BRDA:30,0,213,0
BRDA:30,0,214,0
BRDA:30,0,215,0
BRDA:30,0,216,0
BRDA:30,0,217,0
BRDA:30,0,218,0
BRDA:30,0,219,0
BRDA:30,0,220,0
BRDA:30,0,221,0
BRDA:30,0,222,0
BRDA:30,0,223,0
BRDA:30,0,224,0
BRDA:30,0,225,0
BRDA:30,0,226,0
BRDA:30,0,227,0
BRDA:30,0,228,0
BRDA:30,0,229,0
BRDA:30,0,230,0
BRDA:30,0,231,0
BRDA:30,0,232,0
BRDA:30,0,233,0
BRDA:30,0,234,0
BRDA:30,0,235,0
BRDA:30,0,236,0
BRDA:30,0,237,0
BRDA:30,0,238,0
BRDA:30,0,239,0
BRDA:30,0,240,0
BRDA:30,0,241,0
BRDA:30,0,242,0
BRDA:30,0,243,0
BRDA:30,0,244,0
BRDA:30,0,245,0
BRDA:30,0,246,0
BRDA:30,0,247,0
BRDA:30,0,248,0
BRDA:30,0,249,0
BRDA:30,0,250,0
BRDA:30,0,251,0
BRDA:30,0,252,0
BRDA:30,0,253,0
BRDA:30,0,254,0
BRDA:30,0,255,0
DA:31,0
BRDA:31,0,0,0
BRDA:31,0,1,0
DA:32,1
BRDA:32,0,0,1
BRDA:32,0,1,0
DA:33,0
BRDA:33,0,0,0
BRDA:33,0,1,0
DA:36,0
BRDA:36,0,0,0
BRDA:36,0,1,0
BRDA:36,0,2,0
BRDA:36,0,3,0
BRDA:36,0,4,0
BRDA:36,0,5,0
BRDA:36,0,6,0
BRDA:36,0,7,0
BRDA:36,0,8,0
BRDA:36,0,9,0
BRDA:36,0,10,0
BRDA:36,0,11,0
BRDA:36,0,12,0
BRDA:36,0,13,0
BRDA:36,0,14,0
BRDA:36,0,15,0
BRDA:36,0,16,0
BRDA:36,0,17,0
BRDA:36,0,18,0
BRDA:36,0,19,0
BRDA:36,0,20,0
BRDA:36,0,21,0
BRDA:36,0,22,0
BRDA:36,0,23,0
BRDA:36,0,24,0
BRDA:36,0,25,0
BRDA:36,0,26,0
BRDA:36,0,27,0
BRDA:36,0,28,0
BRDA:36,0,29,0
BRDA:36,0,30,0
BRDA:36,0,31,0
BRDA:36,0,32,0
BRDA:36,0,33,0
BRDA:36,0,34,0
BRDA:36,0,35,0
BRDA:36,0,36,0
BRDA:36,0,37,0
BRDA:36,0,38,0
BRDA:36,0,39,0
BRDA:36,0,40,0
BRDA:36,0,41,0
BRDA:36,0,42,0
BRDA:36,0,43,0
BRDA:36,0,44,0
BRDA:36,0,45,0
BRDA:36,0,46,0
BRDA:36,0,47,0
BRDA:36,0,48,0
BRDA:36,0,49,0
BRDA:36,0,50,0
BRDA:36,0,51,0
BRDA:36,0,52,0
BRDA:36,0,53,0
BRDA:36,0,54,0
BRDA:36,0,55,0
BRDA:36,0,56,0
BRDA:36,0,57,0
BRDA:36,0,58,0
BRDA:36,0,59,0
BRDA:36,0,60,0
BRDA:36,0,61,0
BRDA:36,0,62,0
BRDA:36,0,63,0
BRDA:36,0,64,0
BRDA:36,0,65,0
BRDA:36,0,66,0
BRDA:36,0,67,0
BRDA:36,0,68,0
BRDA:36,0,69,0
BRDA:36,0,70,0
BRDA:36,0,71,0
BRDA:36,0,72,0
BRDA:36,0,73,0
BRDA:36,0,74,0
BRDA:36,0,75,0
BRDA:36,0,76,0
BRDA:36,0,77,0
BRDA:36,0,78,0
BRDA:36,0,79,0
BRDA:36,0,80,0
BRDA:36,0,81,0
BRDA:36,0,82,0
BRDA:36,0,83,0
BRDA:36,0,84,0
BRDA:36,0,85,0
BRDA:36,0,86,0
BRDA:36,0,87,0
BRDA:36,0,88,0
BRDA:36,0,89,0
BRDA:36,0,90,0
BRDA:36,0,91,0
BRDA:36,0,92,0
BRDA:36,0,93,0
BRDA:36,0,94,0
BRDA:36,0,95,0
BRDA:36,0,96,0
BRDA:36,0,97,0
BRDA:36,0,98,0
BRDA:36,0,99,0
BRDA:36,0,100,0
BRDA:36,0,101,0
BRDA:36,0,102,0
BRDA:36,0,103,0
BRDA:36,0,104,0
BRDA:36,0,105,0
BRDA:36,0,106,0
BRDA:36,0,107,0
BRDA:36,0,108,0
BRDA:36,0,109,0
BRDA:36,0,110,0
BRDA:36,0,111,0
BRDA:36,0,112,0
BRDA:36,0,113,0
BRDA:36,0,114,0
BRDA:36,0,115,0
BRDA:36,0,116,0
BRDA:36,0,117,0
BRDA:36,0,118,0
BRDA:36,0,119,0
BRDA:36,0,120,0
BRDA:36,0,121,0
BRDA:36,0,122,0
BRDA:36,0,123,0
BRDA:36,0,124,0
BRDA:36,0,125,0
BRDA:36,0,126,0
BRDA:36,0,127,0
BRDA:36,0,128,0
BRDA:36,0,129,0
BRDA:36,0,130,0
BRDA:36,0,131,0
BRDA:36,0,132,0
BRDA:36,0,133,0
BRDA:36,0,134,0
BRDA:36,0,135,0
BRDA:36,0,136,0
BRDA:36,0,137,0
BRDA:36,0,138,0
BRDA:36,0,139,0
BRDA:36,0,140,0
BRDA:36,0,141,0
BRDA:36,0,142,0
BRDA:36,0,143,0
BRDA:36,0,144,0
BRDA:36,0,145,0
BRDA:36,0,146,0
BRDA:36,0,147,0
BRDA:36,0,148,0
BRDA:36,0,149,0
BRDA:36,0,150,0
BRDA:36,0,151,0
BRDA:36,0,152,0
BRDA:36,0,153,0
BRDA:36,0,154,0
BRDA:36,0,155,0
BRDA:36,0,156,0
BRDA:36,0,157,0
BRDA:36,0,158,0
BRDA:36,0,159,0
BRDA:36,0,160,0
BRDA:36,0,161,0
BRDA:36,0,162,0
BRDA:36,0,163,0
BRDA:36,0,164,0
BRDA:36,0,165,0
BRDA:36,0,166,0
BRDA:36,0,167,0
BRDA:36,0,168,0
BRDA:36,0,169,0
BRDA:36,0,170,0
BRDA:36,0,171,0
BRDA:36,0,172,0
BRDA:36,0,173,0
BRDA:36,0,174,0
BRDA:36,0,175,0
BRDA:36,0,176,0
BRDA:36,0,177,0
BRDA:36,0,178,0
BRDA:36,0,179,0
BRDA:36,0,180,0
BRDA:36,0,181,0
BRDA:36,0,182,0
BRDA:36,0,183,0
BRDA:36,0,184,0
BRDA:36,0,185,0
BRDA:36,0,186,0
BRDA:36,0,187,0
BRDA:36,0,188,0
BRDA:36,0,189,0
BRDA:36,0,190,0
BRDA:36,0,191,0
BRDA:36,0,192,0
BRDA:36,0,193,0
BRDA:36,0,194,0
BRDA:36,0,195,0
BRDA:36,0,196,0
BRDA:36,0,197,0
BRDA:36,0,198,0
BRDA:36,0,199,0
BRDA:36,0,200,0
BRDA:36,0,201,0
BRDA:36,0,202,0
BRDA:36,0,203,0
BRDA:36,0,204,0
BRDA:36,0,205,0
BRDA:36,0,206,0
BRDA:36,0,207,0
BRDA:36,0,208,0
BRDA:36,0,209,0
BRDA:36,0,210,0
BRDA:36,0,211,0
BRDA:36,0,212,0
BRDA:36,0,213,0
BRDA:36,0,214,0
BRDA:36,0,215,0
BRDA:36,0,216,0
BRDA:36,0,217,0
BRDA:36,0,218,0
BRDA:36,0,219,0
BRDA:36,0,220,0
BRDA:36,0,221,0
BRDA:36,0,222,0
BRDA:36,0,223,0
BRDA:36,0,224,0
BRDA:36,0,225,0
BRDA:36,0,226,0
BRDA:36,0,227,0
BRDA:36,0,228,0
BRDA:36,0,229,0
BRDA:36,0,230,0
BRDA:36,0,231,0
BRDA:36,0,232,0
BRDA:36,0,233,0
BRDA:36,0,234,0
BRDA:36,0,235,0
BRDA:36,0,236,0
BRDA:36,0,237,0
BRDA:36,0,238,0
BRDA:36,0,239,0
BRDA:36,0,240,0
BRDA:36,0,241,0
BRDA:36,0,242,0
BRDA:36,0,243,0
BRDA:36,0,244,0
BRDA:36,0,245,0
BRDA:36,0,246,0
BRDA:36,0,247,0
BRDA:36,0,248,0
BRDA:36,0,249,0
BRDA:36,0,250,0
BRDA:36,0,251,0
BRDA:36,0,252,0
BRDA:36,0,253,0
BRDA:36,0,254,0
BRDA:36,0,255,0
DA:37,0
BRDA:37,0,0,0
BRDA:37,0,1,0
DA:38,0
BRDA:38,0,0,0
BRDA:38,0,1,0
DA:39,0
BRDA:39,0,0,0
BRDA:39,0,1,0
DA:42,0
BRDA:42,0,0,0
BRDA:42,0,1,0
DA:43,0
BRDA:43,0,0,0
BRDA:43,0,1,0
DA:44,0
BRDA:44,0,0,0
BRDA:44,0,1,0
DA:47,0
BRDA:47,0,0,0
BRDA:47,0,1,0
DA:48,0
BRDA:48,0,0,0
BRDA:48,0,1,0
DA:78,0
BRDA:78,0,0,0
BRDA:78,0,1,0
BRDA:78,0,2,0
BRDA:78,0,3,0
BRDA:78,0,4,0
BRDA:78,0,5,0
BRDA:78,0,6,0
BRDA:78,0,7,0
BRDA:78,0,8,0
BRDA:78,0,9,0
BRDA:78,0,10,0
BRDA:78,0,11,0
BRDA:78,0,12,0
BRDA:78,0,13,0
BRDA:78,0,14,0
BRDA:78,0,15,0
BRDA:78,0,16,0
BRDA:78,0,17,0
BRDA:78,0,18,0
BRDA:78,0,19,0
BRDA:78,0,20,0
BRDA:78,0,21,0
BRDA:78,0,22,0
BRDA:78,0,23,0
BRDA:78,0,24,0
BRDA:78,0,25,0
BRDA:78,0,26,0
BRDA:78,0,27,0
BRDA:78,0,28,0
BRDA:78,0,29,0
BRDA:78,0,30,0
BRDA:78,0,31,0
BRDA:78,0,32,0
BRDA:78,0,33,0
BRDA:78,0,34,0
BRDA:78,0,35,0
BRDA:78,0,36,0
BRDA:78,0,37,0
BRDA:78,0,38,0
BRDA:78,0,39,0
BRDA:78,0,40,0
BRDA:78,0,41,0
BRDA:78,0,42,0
BRDA:78,0,43,0
BRDA:78,0,44,0
BRDA:78,0,45,0
BRDA:78,0,46,0
BRDA:78,0,47,0
BRDA:78,0,48,0
BRDA:78,0,49,0
BRDA:78,0,50,0
BRDA:78,0,51,0
BRDA:78,0,52,0
BRDA:78,0,53,0
BRDA:78,0,54,0
BRDA:78,0,55,0
BRDA:78,0,56,0
BRDA:78,0,57,0
BRDA:78,0,58,0
BRDA:78,0,59,0
BRDA:78,0,60,0
BRDA:78,0,61,0
BRDA:78,0,62,0
BRDA:78,0,63,0
DA:79,0
BRDA:79,0,0,0
BRDA:79,0,1,0
BRDA:79,0,2,0
BRDA:79,0,3,0
BRDA:79,0,4,0
BRDA:79,0,5,0
BRDA:79,0,6,0
BRDA:79,0,7,0
BRDA:79,0,8,0
BRDA:79,0,9,0
BRDA:79,0,10,0
BRDA:79,0,11,0
BRDA:79,0,12,0
BRDA:79,0,13,0
BRDA:79,0,14,0
BRDA:79,0,15,0
BRDA:79,0,16,0
BRDA:79,0,17,0
BRDA:79,0,18,0
BRDA:79,0,19,0
BRDA:79,0,20,0
BRDA:79,0,21,0
BRDA:79,0,22,0
BRDA:79,0,23,0
BRDA:79,0,24,0
BRDA:79,0,25,0
BRDA:79,0,26,0
BRDA:79,0,27,0
BRDA:79,0,28,0
BRDA:79,0,29,0
BRDA:79,0,30,0
BRDA:79,0,31,0
BRDA:79,0,32,0
BRDA:79,0,33,0
BRDA:79,0,34,0
BRDA:79,0,35,0
BRDA:79,0,36,0
BRDA:79,0,37,0
BRDA:79,0,38,0
BRDA:79,0,39,0
BRDA:79,0,40,0
BRDA:79,0,41,0
BRDA:79,0,42,0
BRDA:79,0,43,0
BRDA:79,0,44,0
BRDA:79,0,45,0
BRDA:79,0,46,0
BRDA:79,0,47,0
BRDA:79,0,48,0
BRDA:79,0,49,0
BRDA:79,0,50,0
BRDA:79,0,51,0
BRDA:79,0,52,0
BRDA:79,0,53,0
BRDA:79,0,54,0
BRDA:79,0,55,0
BRDA:79,0,56,0
BRDA:79,0,57,0
BRDA:79,0,58,0
BRDA:79,0,59,0
BRDA:79,0,60,0
BRDA:79,0,61,0
BRDA:79,0,62,0
BRDA:79,0,63,0
DA:80,0
BRDA:80,0,0,0
BRDA:80,0,1,0
BRDA:80,0,2,0
BRDA:80,0,3,0
BRDA:80,0,4,0
BRDA:80,0,5,0
BRDA:80,0,6,0
BRDA:80,0,7,0
BRDA:80,0,8,0
BRDA:80,0,9,0
BRDA:80,0,10,0
BRDA:80,0,11,0
BRDA:80,0,12,0
BRDA:80,0,13,0
BRDA:80,0,14,0
BRDA:80,0,15,0
BRDA:80,0,16,0
BRDA:80,0,17,0
BRDA:80,0,18,0
BRDA:80,0,19,0
BRDA:80,0,20,0
BRDA:80,0,21,0
BRDA:80,0,22,0
BRDA:80,0,23,0
BRDA:80,0,24,0
BRDA:80,0,25,0
BRDA:80,0,26,0
BRDA:80,0,27,0
BRDA:80,0,28,0
BRDA:80,0,29,0
BRDA:80,0,30,0
BRDA:80,0,31,0
BRDA:80,0,32,0
BRDA:80,0,33,0
BRDA:80,0,34,0
BRDA:80,0,35,0
BRDA:80,0,36,0
BRDA:80,0,37,0
BRDA:80,0,38,0
BRDA:80,0,39,0
BRDA:80,0,40,0
BRDA:80,0,41,0
BRDA:80,0,42,0
BRDA:80,0,43,0
BRDA:80,0,44,0
BRDA:80,0,45,0
BRDA:80,0,46,0
BRDA:80,0,47,0
BRDA:80,0,48,0
BRDA:80,0,49,0
BRDA:80,0,50,0
BRDA:80,0,51,0
BRDA:80,0,52,0
BRDA:80,0,53,0
BRDA:80,0,54,0
BRDA:80,0,55,0
BRDA:80,0,56,0
BRDA:80,0,57,0
BRDA:80,0,58,0
BRDA:80,0,59,0
BRDA:80,0,60,0
BRDA:80,0,61,0
BRDA:80,0,62,0
BRDA:80,0,63,0
DA:81,0
BRDA:81,0,0,0
BRDA:81,0,1,0
BRDA:81,0,2,0
BRDA:81,0,3,0
BRDA:81,0,4,0
BRDA:81,0,5,0
BRDA:81,0,6,0
BRDA:81,0,7,0
BRDA:81,0,8,0
BRDA:81,0,9,0
BRDA:81,0,10,0
BRDA:81,0,11,0
BRDA:81,0,12,0
BRDA:81,0,13,0
BRDA:81,0,14,0
BRDA:81,0,15,0
BRDA:81,0,16,0
BRDA:81,0,17,0
BRDA:81,0,18,0
BRDA:81,0,19,0
BRDA:81,0,20,0
BRDA:81,0,21,0
BRDA:81,0,22,0
BRDA:81,0,23,0
BRDA:81,0,24,0
BRDA:81,0,25,0
BRDA:81,0,26,0
BRDA:81,0,27,0
BRDA:81,0,28,0
BRDA:81,0,29,0
BRDA:81,0,30,0
BRDA:81,0,31,0
BRDA:81,0,32,0
BRDA:81,0,33,0
BRDA:81,0,34,0
BRDA:81,0,35,0
BRDA:81,0,36,0
BRDA:81,0,37,0
BRDA:81,0,38,0
BRDA:81,0,39,0
BRDA:81,0,40,0
BRDA:81,0,41,0
BRDA:81,0,42,0
BRDA:81,0,43,0
BRDA:81,0,44,0
BRDA:81,0,45,0
BRDA:81,0,46,0
BRDA:81,0,47,0
BRDA:81,0,48,0
BRDA:81,0,49,0
BRDA:81,0,50,0
BRDA:81,0,51,0
BRDA:81,0,52,0
BRDA:81,0,53,0
BRDA:81,0,54,0
BRDA:81,0,55,0
BRDA:81,0,56,0
BRDA:81,0,57,0
BRDA:81,0,58,0
BRDA:81,0,59,0
BRDA:81,0,60,0
BRDA:81,0,61,0
BRDA:81,0,62,0
BRDA:81,0,63,0
DA:82,0
BRDA:82,0,0,0
BRDA:82,0,1,0
BRDA:82,0,2,0
BRDA:82,0,3,0
BRDA:82,0,4,0
BRDA:82,0,5,0
BRDA:82,0,6,0
BRDA:82,0,7,0
BRDA:82,0,8,0
BRDA:82,0,9,0
BRDA:82,0,10,0
BRDA:82,0,11,0
BRDA:82,0,12,0
BRDA:82,0,13,0
BRDA:82,0,14,0
BRDA:82,0,15,0
BRDA:82,0,16,0
BRDA:82,0,17,0
BRDA:82,0,18,0
BRDA:82,0,19,0
BRDA:82,0,20,0
BRDA:82,0,21,0
BRDA:82,0,22,0
BRDA:82,0,23,0
BRDA:82,0,24,0
BRDA:82,0,25,0
BRDA:82,0,26,0
BRDA:82,0,27,0
BRDA:82,0,28,0
BRDA:82,0,29,0
BRDA:82,0,30,0
BRDA:82,0,31,0
BRDA:82,0,32,0
BRDA:82,0,33,0
BRDA:82,0,34,0
BRDA:82,0,35,0
BRDA:82,0,36,0
BRDA:82,0,37,0
BRDA:82,0,38,0
BRDA:82,0,39,0
BRDA:82,0,40,0
BRDA:82,0,41,0
BRDA:82,0,42,0
BRDA:82,0,43,0
BRDA:82,0,44,0
BRDA:82,0,45,0
BRDA:82,0,46,0
BRDA:82,0,47,0
BRDA:82,0,48,0
BRDA:82,0,49,0
BRDA:82,0,50,0
BRDA:82,0,51,0
BRDA:82,0,52,0
BRDA:82,0,53,0
BRDA:82,0,54,0
BRDA:82,0,55,0
BRDA:82,0,56,0
BRDA:82,0,57,0
BRDA:82,0,58,0
BRDA:82,0,59,0
BRDA:82,0,60,0
BRDA:82,0,61,0
BRDA:82,0,62,0
BRDA:82,0,63,0
BRDA:82,0,64,0
BRDA:82,0,65,0
BRDA:82,0,66,0
BRDA:82,0,67,0
BRDA:82,0,68,0
BRDA:82,0,69,0
BRDA:82,0,70,0
BRDA:82,0,71,0
BRDA:82,0,72,0
BRDA:82,0,73,0
BRDA:82,0,74,0
BRDA:82,0,75,0
BRDA:82,0,76,0
BRDA:82,0,77,0
BRDA:82,0,78,0
BRDA:82,0,79,0
BRDA:82,0,80,0
BRDA:82,0,81,0
BRDA:82,0,82,0
BRDA:82,0,83,0
BRDA:82,0,84,0
BRDA:82,0,85,0
BRDA:82,0,86,0
BRDA:82,0,87,0
BRDA:82,0,88,0
BRDA:82,0,89,0
BRDA:82,0,90,0
BRDA:82,0,91,0
BRDA:82,0,92,0
BRDA:82,0,93,0
BRDA:82,0,94,0
BRDA:82,0,95,0
BRDA:82,0,96,0
BRDA:82,0,97,0
BRDA:82,0,98,0
BRDA:82,0,99,0
BRDA:82,0,100,0
BRDA:82,0,101,0
BRDA:82,0,102,0
BRDA:82,0,103,0
BRDA:82,0,104,0
BRDA:82,0,105,0
BRDA:82,0,106,0
BRDA:82,0,107,0
BRDA:82,0,108,0
BRDA:82,0,109,0
BRDA:82,0,110,0
BRDA:82,0,111,0
BRDA:82,0,112,0
BRDA:82,0,113,0
BRDA:82,0,114,0
BRDA:82,0,115,0
BRDA:82,0,116,0
BRDA:82,0,117,0
BRDA:82,0,118,0
BRDA:82,0,119,0
BRDA:82,0,120,0
BRDA:82,0,121,0
BRDA:82,0,122,0
BRDA:82,0,123,0
BRDA:82,0,124,0
BRDA:82,0,125,0
BRDA:82,0,126,0
BRDA:82,0,127,0
BRDA:82,0,128,0
BRDA:82,0,129,0
BRDA:82,0,130,0
BRDA:82,0,131,0
BRDA:82,0,132,0
BRDA:82,0,133,0
BRDA:82,0,134,0
BRDA:82,0,135,0
BRDA:82,0,136,0
BRDA:82,0,137,0
BRDA:82,0,138,0
BRDA:82,0,139,0
BRDA:82,0,140,0
BRDA:82,0,141,0
BRDA:82,0,142,0
BRDA:82,0,143,0
BRDA:82,0,144,0
BRDA:82,0,145,0
BRDA:82,0,146,0
BRDA:82,0,147,0
BRDA:82,0,148,0
BRDA:82,0,149,0
BRDA:82,0,150,0
BRDA:82,0,151,0
BRDA:82,0,152,0
BRDA:82,0,153,0
BRDA:82,0,154,0
BRDA:82,0,155,0
BRDA:82,0,156,0
BRDA:82,0,157,0
BRDA:82,0,158,0
BRDA:82,0,159,0
BRDA:82,0,160,0
BRDA:82,0,161,0
BRDA:82,0,162,0
BRDA:82,0,163,0
BRDA:82,0,164,0
BRDA:82,0,165,0
BRDA:82,0,166,0
BRDA:82,0,167,0
BRDA:82,0,168,0
BRDA:82,0,169,0
BRDA:82,0,170,0
BRDA:82,0,171,0
BRDA:82,0,172,0
BRDA:82,0,173,0
BRDA:82,0,174,0
BRDA:82,0,175,0
BRDA:82,0,176,0
BRDA:82,0,177,0
BRDA:82,0,178,0
BRDA:82,0,179,0
BRDA:82,0,180,0
BRDA:82,0,181,0
BRDA:82,0,182,0
BRDA:82,0,183,0
BRDA:82,0,184,0
BRDA:82,0,185,0
BRDA:82,0,186,0
BRDA:82,0,187,0
BRDA:82,0,188,0
BRDA:82,0,189,0
BRDA:82,0,190,0
BRDA:82,0,191,0
BRDA:82,0,192,0
BRDA:82,0,193,0
BRDA:82,0,194,0
BRDA:82,0,195,0
BRDA:82,0,196,0
BRDA:82,0,197,0
BRDA:82,0,198,0
BRDA:82,0,199,0
BRDA:82,0,200,0
BRDA:82,0,201,0
BRDA:82,0,202,0
BRDA:82,0,203,0
BRDA:82,0,204,0
BRDA:82,0,205,0
BRDA:82,0,206,0
BRDA:82,0,207,0
BRDA:82,0,208,0
BRDA:82,0,209,0
BRDA:82,0,210,0
BRDA:82,0,211,0
BRDA:82,0,212,0
BRDA:82,0,213,0
BRDA:82,0,214,0
BRDA:82,0,215,0
BRDA:82,0,216,0
BRDA:82,0,217,0
BRDA:82,0,218,0
BRDA:82,0,219,0
BRDA:82,0,220,0
BRDA:82,0,221,0
BRDA:82,0,222,0
BRDA:82,0,223,0
BRDA:82,0,224,0
BRDA:82,0,225,0
BRDA:82,0,226,0
BRDA:82,0,227,0
BRDA:82,0,228,0
BRDA:82,0,229,0
BRDA:82,0,230,0
BRDA:82,0,231,0
BRDA:82,0,232,0
BRDA:82,0,233,0
BRDA:82,0,234,0
BRDA:82,0,235,0
BRDA:82,0,236,0
BRDA:82,0,237,0
BRDA:82,0,238,0
BRDA:82,0,239,0
BRDA:82,0,240,0
BRDA:82,0,241,0
BRDA:82,0,242,0
BRDA:82,0,243,0
BRDA:82,0,244,0
BRDA:82,0,245,0
BRDA:82,0,246,0
BRDA:82,0,247,0
BRDA:82,0,248,0
BRDA:82,0,249,0
BRDA:82,0,250,0
BRDA:82,0,251,0
BRDA:82,0,252,0
BRDA:82,0,253,0
BRDA:82,0,254,0
BRDA:82,0,255,0
BRDA:82,0,256,0
BRDA:82,0,257,0
BRDA:82,0,258,0
BRDA:82,0,259,0
BRDA:82,0,260,0
BRDA:82,0,261,0
BRDA:82,0,262,0
BRDA:82,0,263,0
BRDA:82,0,264,0
BRDA:82,0,265,0
BRDA:82,0,266,0
BRDA:82,0,267,0
BRDA:82,0,268,0
BRDA:82,0,269,0
BRDA:82,0,270,0
BRDA:82,0,271,0
BRDA:82,0,272,0
BRDA:82,0,273,0
BRDA:82,0,274,0
BRDA:82,0,275,0
BRDA:82,0,276,0
BRDA:82,0,277,0
BRDA:82,0,278,0
BRDA:82,0,279,0
BRDA:82,0,280,0
BRDA:82,0,281,0
BRDA:82,0,282,0
BRDA:82,0,283,0
BRDA:82,0,284,0
BRDA:82,0,285,0
BRDA:82,0,286,0
BRDA:82,0,287,0
BRDA:82,0,288,0
BRDA:82,0,289,0
BRDA:82,0,290,0
BRDA:82,0,291,0
BRDA:82,0,292,0
BRDA:82,0,293,0
BRDA:82,0,294,0
BRDA:82,0,295,0
BRDA:82,0,296,0
BRDA:82,0,297,0
BRDA:82,0,298,0
BRDA:82,0,299,0
BRDA:82,0,300,0
BRDA:82,0,301,0
BRDA:82,0,302,0
BRDA:82,0,303,0
BRDA:82,0,304,0
BRDA:82,0,305,0
BRDA:82,0,306,0
BRDA:82,0,307,0
BRDA:82,0,308,0
BRDA:82,0,309,0
BRDA:82,0,310,0
BRDA:82,0,311,0
BRDA:82,0,312,0
BRDA:82,0,313,0
BRDA:82,0,314,0
BRDA:82,0,315,0
BRDA:82,0,316,0
BRDA:82,0,317,0
BRDA:82,0,318,0
BRDA:82,0,319,0
BRDA:82,0,320,0
BRDA:82,0,321,0
BRDA:82,0,322,0
BRDA:82,0,323,0
BRDA:82,0,324,0
BRDA:82,0,325,0
BRDA:82,0,326,0
BRDA:82,0,327,0
BRDA:82,0,328,0
BRDA:82,0,329,0
BRDA:82,0,330,0
BRDA:82,0,331,0
BRDA:82,0,332,0
BRDA:82,0,333,0
BRDA:82,0,334,0
BRDA:82,0,335,0
BRDA:82,0,336,0
BRDA:82,0,337,0
BRDA:82,0,338,0
BRDA:82,0,339,0
BRDA:82,0,340,0
BRDA:82,0,341,0
BRDA:82,0,342,0
BRDA:82,0,343,0
BRDA:82,0,344,0
BRDA:82,0,345,0
BRDA:82,0,346,0
BRDA:82,0,347,0
BRDA:82,0,348,0
BRDA:82,0,349,0
BRDA:82,0,350,0
BRDA:82,0,351,0
BRDA:82,0,352,0
BRDA:82,0,353,0
BRDA:82,0,354,0
BRDA:82,0,355,0
BRDA:82,0,356,0
BRDA:82,0,357,0
BRDA:82,0,358,0
BRDA:82,0,359,0
BRDA:82,0,360,0
BRDA:82,0,361,0
BRDA:82,0,362,0
BRDA:82,0,363,0
BRDA:82,0,364,0
BRDA:82,0,365,0
BRDA:82,0,366,0
BRDA:82,0,367,0
BRDA:82,0,368,0
BRDA:82,0,369,0
BRDA:82,0,370,0
BRDA:82,0,371,0
BRDA:82,0,372,0
BRDA:82,0,373,0
BRDA:82,0,374,0
BRDA:82,0,375,0
BRDA:82,0,376,0
BRDA:82,0,377,0
BRDA:82,0,378,0
BRDA:82,0,379,0
BRDA:82,0,380,0
BRDA:82,0,381,0
BRDA:82,0,382,0
BRDA:82,0,383,0
BRDA:82,0,384,0
BRDA:82,0,385,0
BRDA:82,0,386,0
BRDA:82,0,387,0
BRDA:82,0,388,0
BRDA:82,0,389,0
BRDA:82,0,390,0
BRDA:82,0,391,0
BRDA:82,0,392,0
BRDA:82,0,393,0
BRDA:82,0,394,0
BRDA:82,0,395,0
BRDA:82,0,396,0
BRDA:82,0,397,0
BRDA:82,0,398,0
BRDA:82,0,399,0
BRDA:82,0,400,0
BRDA:82,0,401,0
BRDA:82,0,402,0
BRDA:82,0,403,0
BRDA:82,0,404,0
BRDA:82,0,405,0
BRDA:82,0,406,0
BRDA:82,0,407,0
BRDA:82,0,408,0
BRDA:82,0,409,0
BRDA:82,0,410,0
BRDA:82,0,411,0
BRDA:82,0,412,0
BRDA:82,0,413,0
BRDA:82,0,414,0
BRDA:82,0,415,0
BRDA:82,0,416,0
BRDA:82,0,417,0
BRDA:82,0,418,0
BRDA:82,0,419,0
BRDA:82,0,420,0
BRDA:82,0,421,0
BRDA:82,0,422,0
BRDA:82,0,423,0
BRDA:82,0,424,0
BRDA:82,0,425,0
BRDA:82,0,426,0
BRDA:82,0,427,0
BRDA:82,0,428,0
BRDA:82,0,429,0
BRDA:82,0,430,0
BRDA:82,0,431,0
BRDA:82,0,432,0
BRDA:82,0,433,0
BRDA:82,0,434,0
BRDA:82,0,435,0
BRDA:82,0,436,0
BRDA:82,0,437,0
BRDA:82,0,438,0
BRDA:82,0,439,0
BRDA:82,0,440,0
BRDA:82,0,441,0
BRDA:82,0,442,0
BRDA:82,0,443,0
BRDA:82,0,444,0
BRDA:82,0,445,0
BRDA:82,0,446,0
BRDA:82,0,447,0
BRDA:82,0,448,0
BRDA:82,0,449,0
BRDA:82,0,450,0
BRDA:82,0,451,0
BRDA:82,0,452,0
BRDA:82,0,453,0
BRDA:82,0,454,0
BRDA:82,0,455,0
BRDA:82,0,456,0
BRDA:82,0,457,0
BRDA:82,0,458,0
BRDA:82,0,459,0
BRDA:82,0,460,0
BRDA:82,0,461,0
BRDA:82,0,462,0
BRDA:82,0,463,0
BRDA:82,0,464,0
BRDA:82,0,465,0
BRDA:82,0,466,0
BRDA:82,0,467,0
BRDA:82,0,468,0
BRDA:82,0,469,0
BRDA:82,0,470,0
BRDA:82,0,471,0
BRDA:82,0,472,0
BRDA:82,0,473,0
BRDA:82,0,474,0
BRDA:82,0,475,0
BRDA:82,0,476,0
BRDA:82,0,477,0
BRDA:82,0,478,0
BRDA:82,0,479,0
BRDA:82,0,480,0
BRDA:82,0,481,0
BRDA:82,0,482,0
BRDA:82,0,483,0
BRDA:82,0,484,0
BRDA:82,0,485,0
BRDA:82,0,486,0
BRDA:82,0,487,0
BRDA:82,0,488,0
BRDA:82,0,489,0
BRDA:82,0,490,0
BRDA:82,0,491,0
BRDA:82,0,492,0
BRDA:82,0,493,0
BRDA:82,0,494,0
BRDA:82,0,495,0
BRDA:82,0,496,0
BRDA:82,0,497,0
BRDA:82,0,498,0
BRDA:82,0,499,0
BRDA:82,0,500,0
BRDA:82,0,501,0
BRDA:82,0,502,0
BRDA:82,0,503,0
BRDA:82,0,504,0
BRDA:82,0,505,0
BRDA:82,0,506,0
BRDA:82,0,507,0
BRDA:82,0,508,0
BRDA:82,0,509,0
BRDA:82,0,510,0
BRDA:82,0,511,0
DA:83,0
BRDA:83,0,0,0
BRDA:83,0,1,0
BRDA:83,0,2,0
BRDA:83,0,3,0
BRDA:83,0,4,0
BRDA:83,0,5,0
BRDA:83,0,6,0
BRDA:83,0,7,0
BRDA:83,0,8,0
BRDA:83,0,9,0
BRDA:83,0,10,0
BRDA:83,0,11,0
BRDA:83,0,12,0
BRDA:83,0,13,0
BRDA:83,0,14,0
BRDA:83,0,15,0
BRDA:83,0,16,0
BRDA:83,0,17,0
BRDA:83,0,18,0
BRDA:83,0,19,0
BRDA:83,0,20,0
BRDA:83,0,21,0
BRDA:83,0,22,0
BRDA:83,0,23,0
BRDA:83,0,24,0
BRDA:83,0,25,0
BRDA:83,0,26,0
BRDA:83,0,27,0
BRDA:83,0,28,0
BRDA:83,0,29,0
BRDA:83,0,30,0
BRDA:83,0,31,0
BRDA:83,0,32,0
BRDA:83,0,33,0
BRDA:83,0,34,0
BRDA:83,0,35,0
BRDA:83,0,36,0
BRDA:83,0,37,0
BRDA:83,0,38,0
BRDA:83,0,39,0
BRDA:83,0,40,0
BRDA:83,0,41,0
BRDA:83,0,42,0
BRDA:83,0,43,0
BRDA:83,0,44,0
BRDA:83,0,45,0
BRDA:83,0,46,0
BRDA:83,0,47,0
BRDA:83,0,48,0
BRDA:83,0,49,0
BRDA:83,0,50,0
BRDA:83,0,51,0
BRDA:83,0,52,0
BRDA:83,0,53,0
BRDA:83,0,54,0
BRDA:83,0,55,0
BRDA:83,0,56,0
BRDA:83,0,57,0
BRDA:83,0,58,0
BRDA:83,0,59,0
BRDA:83,0,60,0
BRDA:83,0,61,0
BRDA:83,0,62,0
BRDA:83,0,63,0
BRDA:83,0,64,0
BRDA:83,0,65,0
BRDA:83,0,66,0
BRDA:83,0,67,0
BRDA:83,0,68,0
BRDA:83,0,69,0
BRDA:83,0,70,0
BRDA:83,0,71,0
BRDA:83,0,72,0
BRDA:83,0,73,0
BRDA:83,0,74,0
BRDA:83,0,75,0
BRDA:83,0,76,0
BRDA:83,0,77,0
BRDA:83,0,78,0
BRDA:83,0,79,0
BRDA:83,0,80,0
BRDA:83,0,81,0
BRDA:83,0,82,0
BRDA:83,0,83,0
BRDA:83,0,84,0
BRDA:83,0,85,0
BRDA:83,0,86,0
BRDA:83,0,87,0
BRDA:83,0,88,0
BRDA:83,0,89,0
BRDA:83,0,90,0
BRDA:83,0,91,0
BRDA:83,0,92,0
BRDA:83,0,93,0
BRDA:83,0,94,0
BRDA:83,0,95,0
BRDA:83,0,96,0
BRDA:83,0,97,0
BRDA:83,0,98,0
BRDA:83,0,99,0
BRDA:83,0,100,0
BRDA:83,0,101,0
BRDA:83,0,102,0
BRDA:83,0,103,0
BRDA:83,0,104,0
BRDA:83,0,105,0
BRDA:83,0,106,0
BRDA:83,0,107,0
BRDA:83,0,108,0
BRDA:83,0,109,0
BRDA:83,0,110,0
BRDA:83,0,111,0
BRDA:83,0,112,0
BRDA:83,0,113,0
BRDA:83,0,114,0
BRDA:83,0,115,0
BRDA:83,0,116,0
BRDA:83,0,117,0
BRDA:83,0,118,0
BRDA:83,0,119,0
BRDA:83,0,120,0
BRDA:83,0,121,0
BRDA:83,0,122,0
BRDA:83,0,123,0
BRDA:83,0,124,0
BRDA:83,0,125,0
BRDA:83,0,126,0
BRDA:83,0,127,0
BRDA:83,0,128,0
BRDA:83,0,129,0
BRDA:83,0,130,0
BRDA:83,0,131,0
BRDA:83,0,132,0
BRDA:83,0,133,0
BRDA:83,0,134,0
BRDA:83,0,135,0
BRDA:83,0,136,0
BRDA:83,0,137,0
BRDA:83,0,138,0
BRDA:83,0,139,0
BRDA:83,0,140,0
BRDA:83,0,141,0
BRDA:83,0,142,0
BRDA:83,0,143,0
BRDA:83,0,144,0
BRDA:83,0,145,0
BRDA:83,0,146,0
BRDA:83,0,147,0
BRDA:83,0,148,0
BRDA:83,0,149,0
BRDA:83,0,150,0
BRDA:83,0,151,0
BRDA:83,0,152,0
BRDA:83,0,153,0
BRDA:83,0,154,0
BRDA:83,0,155,0
BRDA:83,0,156,0
BRDA:83,0,157,0
BRDA:83,0,158,0
BRDA:83,0,159,0
BRDA:83,0,160,0
BRDA:83,0,161,0
BRDA:83,0,162,0
BRDA:83,0,163,0
BRDA:83,0,164,0
BRDA:83,0,165,0
BRDA:83,0,166,0
BRDA:83,0,167,0
BRDA:83,0,168,0
BRDA:83,0,169,0
BRDA:83,0,170,0
BRDA:83,0,171,0
BRDA:83,0,172,0
BRDA:83,0,173,0
BRDA:83,0,174,0
BRDA:83,0,175,0
BRDA:83,0,176,0
BRDA:83,0,177,0
BRDA:83,0,178,0
BRDA:83,0,179,0
BRDA:83,0,180,0
BRDA:83,0,181,0
BRDA:83,0,182,0
BRDA:83,0,183,0
BRDA:83,0,184,0
BRDA:83,0,185,0
BRDA:83,0,186,0
BRDA:83,0,187,0
BRDA:83,0,188,0
BRDA:83,0,189,0
BRDA:83,0,190,0
BRDA:83,0,191,0
BRDA:83,0,192,0
BRDA:83,0,193,0
BRDA:83,0,194,0
BRDA:83,0,195,0
BRDA:83,0,196,0
BRDA:83,0,197,0
BRDA:83,0,198,0
BRDA:83,0,199,0
BRDA:83,0,200,0
BRDA:83,0,201,0
BRDA:83,0,202,0
BRDA:83,0,203,0
BRDA:83,0,204,0
BRDA:83,0,205,0
BRDA:83,0,206,0
BRDA:83,0,207,0
BRDA:83,0,208,0
BRDA:83,0,209,0
BRDA:83,0,210,0
BRDA:83,0,211,0
BRDA:83,0,212,0
BRDA:83,0,213,0
BRDA:83,0,214,0
BRDA:83,0,215,0
BRDA:83,0,216,0
BRDA:83,0,217,0
BRDA:83,0,218,0
BRDA:83,0,219,0
BRDA:83,0,220,0
BRDA:83,0,221,0
BRDA:83,0,222,0
BRDA:83,0,223,0
BRDA:83,0,224,0
BRDA:83,0,225,0
BRDA:83,0,226,0
BRDA:83,0,227,0
BRDA:83,0,228,0
BRDA:83,0,229,0
BRDA:83,0,230,0
BRDA:83,0,231,0
BRDA:83,0,232,0
BRDA:83,0,233,0
BRDA:83,0,234,0
BRDA:83,0,235,0
BRDA:83,0,236,0
BRDA:83,0,237,0
BRDA:83,0,238,0
BRDA:83,0,239,0
BRDA:83,0,240,0
BRDA:83,0,241,0
BRDA:83,0,242,0
BRDA:83,0,243,0
BRDA:83,0,244,0
BRDA:83,0,245,0
BRDA:83,0,246,0
BRDA:83,0,247,0
BRDA:83,0,248,0
BRDA:83,0,249,0
BRDA:83,0,250,0
BRDA:83,0,251,0
BRDA:83,0,252,0
BRDA:83,0,253,0
BRDA:83,0,254,0
BRDA:83,0,255,0
DA:84,0
BRDA:84,0,0,0
BRDA:84,0,1,0
BRDA:84,0,2,0
BRDA:84,0,3,0
BRDA:84,0,4,0
BRDA:84,0,5,0
BRDA:84,0,6,0
BRDA:84,0,7,0
BRDA:84,0,8,0
BRDA:84,0,9,0
BRDA:84,0,10,0
BRDA:84,0,11,0
BRDA:84,0,12,0
BRDA:84,0,13,0
BRDA:84,0,14,0
BRDA:84,0,15,0
BRDA:84,0,16,0
BRDA:84,0,17,0
BRDA:84,0,18,0
BRDA:84,0,19,0
BRDA:84,0,20,0
BRDA:84,0,21,0
BRDA:84,0,22,0
BRDA:84,0,23,0
BRDA:84,0,24,0
BRDA:84,0,25,0
BRDA:84,0,26,0
BRDA:84,0,27,0
BRDA:84,0,28,0
BRDA:84,0,29,0
BRDA:84,0,30,0
BRDA:84,0,31,0
BRDA:84,0,32,0
BRDA:84,0,33,0
BRDA:84,0,34,0
BRDA:84,0,35,0
BRDA:84,0,36,0
BRDA:84,0,37,0
BRDA:84,0,38,0
BRDA:84,0,39,0
BRDA:84,0,40,0
BRDA:84,0,41,0
BRDA:84,0,42,0
BRDA:84,0,43,0
BRDA:84,0,44,0
BRDA:84,0,45,0
BRDA:84,0,46,0
BRDA:84,0,47,0
BRDA:84,0,48,0
BRDA:84,0,49,0
BRDA:84,0,50,0
BRDA:84,0,51,0
BRDA:84,0,52,0
BRDA:84,0,53,0
BRDA:84,0,54,0
BRDA:84,0,55,0
BRDA:84,0,56,0
BRDA:84,0,57,0
BRDA:84,0,58,0
BRDA:84,0,59,0
BRDA:84,0,60,0
BRDA:84,0,61,0
BRDA:84,0,62,0
BRDA:84,0,63,0
DA:85,0
BRDA:85,0,0,0
BRDA:85,0,1,0
BRDA:85,0,2,0
BRDA:85,0,3,0
BRDA:85,0,4,0
BRDA:85,0,5,0
BRDA:85,0,6,0
BRDA:85,0,7,0
BRDA:85,0,8,0
BRDA:85,0,9,0
BRDA:85,0,10,0
BRDA:85,0,11,0
BRDA:85,0,12,0
BRDA:85,0,13,0
BRDA:85,0,14,0
BRDA:85,0,15,0
BRDA:85,0,16,0
BRDA:85,0,17,0
BRDA:85,0,18,0
BRDA:85,0,19,0
BRDA:85,0,20,0
BRDA:85,0,21,0
BRDA:85,0,22,0
BRDA:85,0,23,0
BRDA:85,0,24,0
BRDA:85,0,25,0
BRDA:85,0,26,0
BRDA:85,0,27,0
BRDA:85,0,28,0
BRDA:85,0,29,0
BRDA:85,0,30,0
BRDA:85,0,31,0
BRDA:85,0,32,0
BRDA:85,0,33,0
BRDA:85,0,34,0
BRDA:85,0,35,0
BRDA:85,0,36,0
BRDA:85,0,37,0
BRDA:85,0,38,0
BRDA:85,0,39,0
BRDA:85,0,40,0
BRDA:85,0,41,0
BRDA:85,0,42,0
BRDA:85,0,43,0
BRDA:85,0,44,0
BRDA:85,0,45,0
BRDA:85,0,46,0
BRDA:85,0,47,0
BRDA:85,0,48,0
BRDA:85,0,49,0
BRDA:85,0,50,0
BRDA:85,0,51,0
BRDA:85,0,52,0
BRDA:85,0,53,0
BRDA:85,0,54,0
BRDA:85,0,55,0
BRDA:85,0,56,0
BRDA:85,0,57,0
BRDA:85,0,58,0
BRDA:85,0,59,0
BRDA:85,0,60,0
BRDA:85,0,61,0
BRDA:85,0,62,0
BRDA:85,0,63,0
DA:86,0
BRDA:86,0,0,0
BRDA:86,0,1,0
BRDA:86,0,2,0
BRDA:86,0,3,0
BRDA:86,0,4,0
BRDA:86,0,5,0
BRDA:86,0,6,0
BRDA:86,0,7,0
BRDA:86,0,8,0
BRDA:86,0,9,0
BRDA:86,0,10,0
BRDA:86,0,11,0
BRDA:86,0,12,0
BRDA:86,0,13,0
BRDA:86,0,14,0
BRDA:86,0,15,0
BRDA:86,0,16,0
BRDA:86,0,17,0
BRDA:86,0,18,0
BRDA:86,0,19,0
BRDA:86,0,20,0
BRDA:86,0,21,0
BRDA:86,0,22,0
BRDA:86,0,23,0
BRDA:86,0,24,0
BRDA:86,0,25,0
BRDA:86,0,26,0
BRDA:86,0,27,0
BRDA:86,0,28,0
BRDA:86,0,29,0
BRDA:86,0,30,0
BRDA:86,0,31,0
BRDA:86,0,32,0
BRDA:86,0,33,0
BRDA:86,0,34,0
BRDA:86,0,35,0
BRDA:86,0,36,0
BRDA:86,0,37,0
BRDA:86,0,38,0
BRDA:86,0,39,0
BRDA:86,0,40,0
BRDA:86,0,41,0
BRDA:86,0,42,0
BRDA:86,0,43,0
BRDA:86,0,44,0
BRDA:86,0,45,0
BRDA:86,0,46,0
BRDA:86,0,47,0
BRDA:86,0,48,0
BRDA:86,0,49,0
BRDA:86,0,50,0
BRDA:86,0,51,0
BRDA:86,0,52,0
BRDA:86,0,53,0
BRDA:86,0,54,0
BRDA:86,0,55,0
BRDA:86,0,56,0
BRDA:86,0,57,0
BRDA:86,0,58,0
BRDA:86,0,59,0
BRDA:86,0,60,0
BRDA:86,0,61,0
BRDA:86,0,62,0
BRDA:86,0,63,0
DA:87,0
BRDA:87,0,0,0
BRDA:87,0,1,0
BRDA:87,0,2,0
BRDA:87,0,3,0
BRDA:87,0,4,0
BRDA:87,0,5,0
BRDA:87,0,6,0
BRDA:87,0,7,0
BRDA:87,0,8,0
BRDA:87,0,9,0
BRDA:87,0,10,0
BRDA:87,0,11,0
BRDA:87,0,12,0
BRDA:87,0,13,0
BRDA:87,0,14,0
BRDA:87,0,15,0
BRDA:87,0,16,0
BRDA:87,0,17,0
BRDA:87,0,18,0
BRDA:87,0,19,0
BRDA:87,0,20,0
BRDA:87,0,21,0
BRDA:87,0,22,0
BRDA:87,0,23,0
BRDA:87,0,24,0
BRDA:87,0,25,0
BRDA:87,0,26,0
BRDA:87,0,27,0
BRDA:87,0,28,0
BRDA:87,0,29,0
BRDA:87,0,30,0
BRDA:87,0,31,0
BRDA:87,0,32,0
BRDA:87,0,33,0
BRDA:87,0,34,0
BRDA:87,0,35,0
BRDA:87,0,36,0
BRDA:87,0,37,0
BRDA:87,0,38,0
BRDA:87,0,39,0
BRDA:87,0,40,0
BRDA:87,0,41,0
BRDA:87,0,42,0
BRDA:87,0,43,0
BRDA:87,0,44,0
BRDA:87,0,45,0
BRDA:87,0,46,0
BRDA:87,0,47,0
BRDA:87,0,48,0
BRDA:87,0,49,0
BRDA:87,0,50,0
BRDA:87,0,51,0
BRDA:87,0,52,0
BRDA:87,0,53,0
BRDA:87,0,54,0
BRDA:87,0,55,0
BRDA:87,0,56,0
BRDA:87,0,57,0
BRDA:87,0,58,0
BRDA:87,0,59,0
BRDA:87,0,60,0
BRDA:87,0,61,0
BRDA:87,0,62,0
BRDA:87,0,63,0
DA:88,0
BRDA:88,0,0,0
BRDA:88,0,1,0
BRDA:88,0,2,0
BRDA:88,0,3,0
BRDA:88,0,4,0
BRDA:88,0,5,0
BRDA:88,0,6,0
BRDA:88,0,7,0
BRDA:88,0,8,0
BRDA:88,0,9,0
BRDA:88,0,10,0
BRDA:88,0,11,0
BRDA:88,0,12,0
BRDA:88,0,13,0
BRDA:88,0,14,0
BRDA:88,0,15,0
BRDA:88,0,16,0
BRDA:88,0,17,0
BRDA:88,0,18,0
BRDA:88,0,19,0
BRDA:88,0,20,0
BRDA:88,0,21,0
BRDA:88,0,22,0
BRDA:88,0,23,0
BRDA:88,0,24,0
BRDA:88,0,25,0
BRDA:88,0,26,0
BRDA:88,0,27,0
BRDA:88,0,28,0
BRDA:88,0,29,0
BRDA:88,0,30,0
BRDA:88,0,31,0
BRDA:88,0,32,0
BRDA:88,0,33,0
BRDA:88,0,34,0
BRDA:88,0,35,0
BRDA:88,0,36,0
BRDA:88,0,37,0
BRDA:88,0,38,0
BRDA:88,0,39,0
BRDA:88,0,40,0
BRDA:88,0,41,0
BRDA:88,0,42,0
BRDA:88,0,43,0
BRDA:88,0,44,0
BRDA:88,0,45,0
BRDA:88,0,46,0
BRDA:88,0,47,0
BRDA:88,0,48,0
BRDA:88,0,49,0
BRDA:88,0,50,0
BRDA:88,0,51,0
BRDA:88,0,52,0
BRDA:88,0,53,0
BRDA:88,0,54,0
BRDA:88,0,55,0
BRDA:88,0,56,0
BRDA:88,0,57,0
BRDA:88,0,58,0
BRDA:88,0,59,0
BRDA:88,0,60,0
BRDA:88,0,61,0
BRDA:88,0,62,0
BRDA:88,0,63,0
DA:95,0
BRDA:95,0,0,0
BRDA:95,0,1,0
BRDA:95,0,2,0
BRDA:95,0,3,0
BRDA:95,0,4,0
BRDA:95,0,5,0
BRDA:95,0,6,0
BRDA:95,0,7,0
BRDA:95,0,8,0
BRDA:95,0,9,0
BRDA:95,0,10,0
BRDA:95,0,11,0
BRDA:95,0,12,0
BRDA:95,0,13,0
BRDA:95,0,14,0
BRDA:95,0,15,0
BRDA:95,0,16,0
BRDA:95,0,17,0
BRDA:95,0,18,0
BRDA:95,0,19,0
BRDA:95,0,20,0
BRDA:95,0,21,0
BRDA:95,0,22,0
BRDA:95,0,23,0
DA:96,0
BRDA:96,0,0,0
BRDA:96,0,1,0
DA:97,0
BRDA:97,0,0,0
BRDA:97,0,1,0
BRDA:97,0,2,0
BRDA:97,0,3,0
BRDA:97,0,4,0
BRDA:97,0,5,0
BRDA:97,0,6,0
BRDA:97,0,7,0
BRDA:97,0,8,0
BRDA:97,0,9,0
BRDA:97,0,10,0
BRDA:97,0,11,0
BRDA:97,0,12,0
BRDA:97,0,13,0
BRDA:97,0,14,0
BRDA:97,0,15,0
BRDA:97,0,16,0
BRDA:97,0,17,0
BRDA:97,0,18,0
BRDA:97,0,19,0
BRDA:97,0,20,0
BRDA:97,0,21,0
BRDA:97,0,22,0
BRDA:97,0,23,0
BRDA:97,0,24,0
BRDA:97,0,25,0
BRDA:97,0,26,0
BRDA:97,0,27,0
BRDA:97,0,28,0
BRDA:97,0,29,0
BRDA:97,0,30,0
BRDA:97,0,31,0
BRDA:97,0,32,0
BRDA:97,0,33,0
BRDA:97,0,34,0
BRDA:97,0,35,0
BRDA:97,0,36,0
BRDA:97,0,37,0
BRDA:97,0,38,0
BRDA:97,0,39,0
BRDA:97,0,40,0
BRDA:97,0,41,0
BRDA:97,0,42,0
BRDA:97,0,43,0
BRDA:97,0,44,0
BRDA:97,0,45,0
BRDA:97,0,46,0
BRDA:97,0,47,0
BRDA:97,0,48,0
BRDA:97,0,49,0
BRDA:97,0,50,0
BRDA:97,0,51,0
BRDA:97,0,52,0
BRDA:97,0,53,0
BRDA:97,0,54,0
BRDA:97,0,55,0
BRDA:97,0,56,0
BRDA:97,0,57,0
BRDA:97,0,58,0
BRDA:97,0,59,0
BRDA:97,0,60,0
BRDA:97,0,61,0
BRDA:97,0,62,0
BRDA:97,0,63,0
DA:98,0
BRDA:98,0,0,0
BRDA:98,0,1,0
BRDA:98,0,2,0
BRDA:98,0,3,0
BRDA:98,0,4,0
BRDA:98,0,5,0
BRDA:98,0,6,0
BRDA:98,0,7,0
BRDA:98,0,8,0
BRDA:98,0,9,0
BRDA:98,0,10,0
BRDA:98,0,11,0
BRDA:98,0,12,0
BRDA:98,0,13,0
BRDA:98,0,14,0
BRDA:98,0,15,0
BRDA:98,0,16,0
BRDA:98,0,17,0
BRDA:98,0,18,0
BRDA:98,0,19,0
BRDA:98,0,20,0
BRDA:98,0,21,0
BRDA:98,0,22,0
BRDA:98,0,23,0
BRDA:98,0,24,0
BRDA:98,0,25,0
BRDA:98,0,26,0
BRDA:98,0,27,0
BRDA:98,0,28,0
BRDA:98,0,29,0
BRDA:98,0,30,0
BRDA:98,0,31,0
BRDA:98,0,32,0
BRDA:98,0,33,0
BRDA:98,0,34,0
BRDA:98,0,35,0
BRDA:98,0,36,0
BRDA:98,0,37,0
BRDA:98,0,38,0
BRDA:98,0,39,0
BRDA:98,0,40,0
BRDA:98,0,41,0
BRDA:98,0,42,0
BRDA:98,0,43,0
BRDA:98,0,44,0
BRDA:98,0,45,0
BRDA:98,0,46,0
BRDA:98,0,47,0
BRDA:98,0,48,0
BRDA:98,0,49,0
BRDA:98,0,50,0
BRDA:98,0,51,0
BRDA:98,0,52,0
BRDA:98,0,53,0
BRDA:98,0,54,0
BRDA:98,0,55,0
BRDA:98,0,56,0
BRDA:98,0,57,0
BRDA:98,0,58,0
BRDA:98,0,59,0
BRDA:98,0,60,0
BRDA:98,0,61,0
BRDA:98,0,62,0
BRDA:98,0,63,0
DA:99,1
BRDA:99,0,0,1
BRDA:99,0,1,0
DA:100,0
BRDA:100,0,0,0
BRDA:100,0,1,0
DA:101,1
BRDA:101,0,0,1
BRDA:101,0,1,0
DA:102,0
BRDA:102,0,0,0
BRDA:102,0,1,0
DA:105,0
BRDA:105,0,0,0
BRDA:105,0,1,0
BRDA:105,0,2,0
BRDA:105,0,3,0
BRDA:105,0,4,0
BRDA:105,0,5,0
BRDA:105,0,6,0
BRDA:105,0,7,0
BRDA:105,0,8,0
BRDA:105,0,9,0
BRDA:105,0,10,0
BRDA:105,0,11,0
BRDA:105,0,12,0
BRDA:105,0,13,0
BRDA:105,0,14,0
BRDA:105,0,15,0
BRDA:105,0,16,0
BRDA:105,0,17,0
BRDA:105,0,18,0
BRDA:105,0,19,0
BRDA:105,0,20,0
BRDA:105,0,21,0
BRDA:105,0,22,0
BRDA:105,0,23,0
BRDA:105,0,24,0
BRDA:105,0,25,0
BRDA:105,0,26,0
BRDA:105,0,27,0
BRDA:105,0,28,0
BRDA:105,0,29,0
BRDA:105,0,30,0
BRDA:105,0,31,0
BRDA:105,0,32,0
BRDA:105,0,33,0
BRDA:105,0,34,0
BRDA:105,0,35,0
BRDA:105,0,36,0
BRDA:105,0,37,0
BRDA:105,0,38,0
BRDA:105,0,39,0
BRDA:105,0,40,0
BRDA:105,0,41,0
BRDA:105,0,42,0
BRDA:105,0,43,0
BRDA:105,0,44,0
BRDA:105,0,45,0
BRDA:105,0,46,0
BRDA:105,0,47,0
BRDA:105,0,48,0
BRDA:105,0,49,0
BRDA:105,0,50,0
BRDA:105,0,51,0
BRDA:105,0,52,0
BRDA:105,0,53,0
BRDA:105,0,54,0
BRDA:105,0,55,0
BRDA:105,0,56,0
BRDA:105,0,57,0
BRDA:105,0,58,0
BRDA:105,0,59,0
BRDA:105,0,60,0
BRDA:105,0,61,0
BRDA:105,0,62,0
BRDA:105,0,63,0
BRDA:105,0,64,0
BRDA:105,0,65,0
BRDA:105,0,66,0
BRDA:105,0,67,0
BRDA:105,0,68,0
BRDA:105,0,69,0
BRDA:105,0,70,0
BRDA:105,0,71,0
BRDA:105,0,72,0
BRDA:105,0,73,0
BRDA:105,0,74,0
BRDA:105,0,75,0
BRDA:105,0,76,0
BRDA:105,0,77,0
BRDA:105,0,78,0
BRDA:105,0,79,0
BRDA:105,0,80,0
BRDA:105,0,81,0
BRDA:105,0,82,0
BRDA:105,0,83,0
BRDA:105,0,84,0
BRDA:105,0,85,0
BRDA:105,0,86,0
BRDA:105,0,87,0
BRDA:105,0,88,0
BRDA:105,0,89,0
BRDA:105,0,90,0
BRDA:105,0,91,0
BRDA:105,0,92,0
BRDA:105,0,93,0
BRDA:105,0,94,0
BRDA:105,0,95,0
BRDA:105,0,96,0
BRDA:105,0,97,0
BRDA:105,0,98,0
BRDA:105,0,99,0
BRDA:105,0,100,0
BRDA:105,0,101,0
BRDA:105,0,102,0
BRDA:105,0,103,0
BRDA:105,0,104,0
BRDA:105,0,105,0
BRDA:105,0,106,0
BRDA:105,0,107,0
BRDA:105,0,108,0
BRDA:105,0,109,0
BRDA:105,0,110,0
BRDA:105,0,111,0
BRDA:105,0,112,0
BRDA:105,0,113,0
BRDA:105,0,114,0
BRDA:105,0,115,0
BRDA:105,0,116,0
BRDA:105,0,117,0
BRDA:105,0,118,0
BRDA:105,0,119,0
BRDA:105,0,120,0
BRDA:105,0,121,0
BRDA:105,0,122,0
BRDA:105,0,123,0
BRDA:105,0,124,0
BRDA:105,0,125,0
BRDA:105,0,126,0
BRDA:105,0,127,0
BRDA:105,0,128,0
BRDA:105,0,129,0
BRDA:105,0,130,0
BRDA:105,0,131,0
BRDA:105,0,132,0
BRDA:105,0,133,0
BRDA:105,0,134,0
BRDA:105,0,135,0
BRDA:105,0,136,0
BRDA:105,0,137,0
BRDA:105,0,138,0
BRDA:105,0,139,0
BRDA:105,0,140,0
BRDA:105,0,141,0
BRDA:105,0,142,0
BRDA:105,0,143,0
BRDA:105,0,144,0
BRDA:105,0,145,0
BRDA:105,0,146,0
BRDA:105,0,147,0
BRDA:105,0,148,0
BRDA:105,0,149,0
BRDA:105,0,150,0
BRDA:105,0,151,0
BRDA:105,0,152,0
BRDA:105,0,153,0
BRDA:105,0,154,0
BRDA:105,0,155,0
BRDA:105,0,156,0
BRDA:105,0,157,0
BRDA:105,0,158,0
BRDA:105,0,159,0
BRDA:105,0,160,0
BRDA:105,0,161,0
BRDA:105,0,162,0
BRDA:105,0,163,0
BRDA:105,0,164,0
BRDA:105,0,165,0
BRDA:105,0,166,0
BRDA:105,0,167,0
BRDA:105,0,168,0
BRDA:105,0,169,0
BRDA:105,0,170,0
BRDA:105,0,171,0
BRDA:105,0,172,0
BRDA:105,0,173,0
BRDA:105,0,174,0
BRDA:105,0,175,0
BRDA:105,0,176,0
BRDA:105,0,177,0
BRDA:105,0,178,0
BRDA:105,0,179,0
BRDA:105,0,180,0
BRDA:105,0,181,0
BRDA:105,0,182,0
BRDA:105,0,183,0
BRDA:105,0,184,0
BRDA:105,0,185,0
BRDA:105,0,186,0
BRDA:105,0,187,0
BRDA:105,0,188,0
BRDA:105,0,189,0
BRDA:105,0,190,0
BRDA:105,0,191,0
BRDA:105,0,192,0
BRDA:105,0,193,0
BRDA:105,0,194,0
BRDA:105,0,195,0
BRDA:105,0,196,0
BRDA:105,0,197,0
BRDA:105,0,198,0
BRDA:105,0,199,0
BRDA:105,0,200,0
BRDA:105,0,201,0
BRDA:105,0,202,0
BRDA:105,0,203,0
BRDA:105,0,204,0
BRDA:105,0,205,0
BRDA:105,0,206,0
BRDA:105,0,207,0
BRDA:105,0,208,0
BRDA:105,0,209,0
BRDA:105,0,210,0
BRDA:105,0,211,0
BRDA:105,0,212,0
BRDA:105,0,213,0
BRDA:105,0,214,0
BRDA:105,0,215,0
BRDA:105,0,216,0
BRDA:105,0,217,0
BRDA:105,0,218,0
BRDA:105,0,219,0
BRDA:105,0,220,0
BRDA:105,0,221,0
BRDA:105,0,222,0
BRDA:105,0,223,0
BRDA:105,0,224,0
BRDA:105,0,225,0
BRDA:105,0,226,0
BRDA:105,0,227,0
BRDA:105,0,228,0
BRDA:105,0,229,0
BRDA:105,0,230,0
BRDA:105,0,231,0
BRDA:105,0,232,0
BRDA:105,0,233,0
BRDA:105,0,234,0
BRDA:105,0,235,0
BRDA:105,0,236,0
BRDA:105,0,237,0
BRDA:105,0,238,0
BRDA:105,0,239,0
BRDA:105,0,240,0
BRDA:105,0,241,0
BRDA:105,0,242,0
BRDA:105,0,243,0
BRDA:105,0,244,0
BRDA:105,0,245,0
BRDA:105,0,246,0
BRDA:105,0,247,0
BRDA:105,0,248,0
BRDA:105,0,249,0
BRDA:105,0,250,0
BRDA:105,0,251,0
BRDA:105,0,252,0
BRDA:105,0,253,0
BRDA:105,0,254,0
BRDA:105,0,255,0
DA:106,0
BRDA:106,0,0,0
BRDA:106,0,1,0
DA:107,0
BRDA:107,0,0,0
BRDA:107,0,1,0
DA:108,0
BRDA:108,0,0,0
BRDA:108,0,1,0
BRDA:108,0,2,0
BRDA:108,0,3,0
BRDA:108,0,4,0
BRDA:108,0,5,0
BRDA:108,0,6,0
BRDA:108,0,7,0
BRDA:108,0,8,0
BRDA:108,0,9,0
BRDA:108,0,10,0
BRDA:108,0,11,0
BRDA:108,0,12,0
BRDA:108,0,13,0
BRDA:108,0,14,0
BRDA:108,0,15,0
BRDA:108,0,16,0
BRDA:108,0,17,0
BRDA:108,0,18,0
BRDA:108,0,19,0
BRDA:108,0,20,0
BRDA:108,0,21,0
BRDA:108,0,22,0
BRDA:108,0,23,0
BRDA:108,0,24,0
BRDA:108,0,25,0
BRDA:108,0,26,0
BRDA:108,0,27,0
BRDA:108,0,28,0
BRDA:108,0,29,0
BRDA:108,0,30,0
BRDA:108,0,31,0
BRDA:108,0,32,0
BRDA:108,0,33,0
BRDA:108,0,34,0
BRDA:108,0,35,0
BRDA:108,0,36,0
BRDA:108,0,37,0
BRDA:108,0,38,0
BRDA:108,0,39,0
BRDA:108,0,40,0
BRDA:108,0,41,0
BRDA:108,0,42,0
BRDA:108,0,43,0
BRDA:108,0,44,0
BRDA:108,0,45,0
BRDA:108,0,46,0
BRDA:108,0,47,0
BRDA:108,0,48,0
BRDA:108,0,49,0
BRDA:108,0,50,0
BRDA:108,0,51,0
BRDA:108,0,52,0
BRDA:108,0,53,0
BRDA:108,0,54,0
BRDA:108,0,55,0
BRDA:108,0,56,0
BRDA:108,0,57,0
BRDA:108,0,58,0
BRDA:108,0,59,0
BRDA:108,0,60,0
BRDA:108,0,61,0
BRDA:108,0,62,0
BRDA:108,0,63,0
BRDA:108,0,64,0
BRDA:108,0,65,0
BRDA:108,0,66,0
BRDA:108,0,67,0
BRDA:108,0,68,0
BRDA:108,0,69,0
BRDA:108,0,70,0
BRDA:108,0,71,0
BRDA:108,0,72,0
BRDA:108,0,73,0
BRDA:108,0,74,0
BRDA:108,0,75,0
BRDA:108,0,76,0
BRDA:108,0,77,0
BRDA:108,0,78,0
BRDA:108,0,79,0
BRDA:108,0,80,0
BRDA:108,0,81,0
BRDA:108,0,82,0
BRDA:108,0,83,0
BRDA:108,0,84,0
BRDA:108,0,85,0
BRDA:108,0,86,0
BRDA:108,0,87,0
BRDA:108,0,88,0
BRDA:108,0,89,0
BRDA:108,0,90,0
BRDA:108,0,91,0
BRDA:108,0,92,0
BRDA:108,0,93,0
BRDA:108,0,94,0
BRDA:108,0,95,0
BRDA:108,0,96,0
BRDA:108,0,97,0
BRDA:108,0,98,0
BRDA:108,0,99,0
BRDA:108,0,100,0
BRDA:108,0,101,0
BRDA:108,0,102,0
BRDA:108,0,103,0
BRDA:108,0,104,0
BRDA:108,0,105,0
BRDA:108,0,106,0
BRDA:108,0,107,0
BRDA:108,0,108,0
BRDA:108,0,109,0
BRDA:108,0,110,0
BRDA:108,0,111,0
BRDA:108,0,112,0
BRDA:108,0,113,0
BRDA:108,0,114,0
BRDA:108,0,115,0
BRDA:108,0,116,0
BRDA:108,0,117,0
BRDA:108,0,118,0
BRDA:108,0,119,0
BRDA:108,0,120,0
BRDA:108,0,121,0
BRDA:108,0,122,0
BRDA:108,0,123,0
BRDA:108,0,124,0
BRDA:108,0,125,0
BRDA:108,0,126,0
BRDA:108,0,127,0
BRDA:108,0,128,0
BRDA:108,0,129,0
BRDA:108,0,130,0
BRDA:108,0,131,0
BRDA:108,0,132,0
BRDA:108,0,133,0
BRDA:108,0,134,0
BRDA:108,0,135,0
BRDA:108,0,136,0
BRDA:108,0,137,0
BRDA:108,0,138,0
BRDA:108,0,139,0
BRDA:108,0,140,0
BRDA:108,0,141,0
BRDA:108,0,142,0
BRDA:108,0,143,0
BRDA:108,0,144,0
BRDA:108,0,145,0
BRDA:108,0,146,0
BRDA:108,0,147,0
BRDA:108,0,148,0
BRDA:108,0,149,0
BRDA:108,0,150,0
BRDA:108,0,151,0
BRDA:108,0,152,0
BRDA:108,0,153,0
BRDA:108,0,154,0
BRDA:108,0,155,0
BRDA:108,0,156,0
BRDA:108,0,157,0
BRDA:108,0,158,0
BRDA:108,0,159,0
BRDA:108,0,160,0
BRDA:108,0,161,0
BRDA:108,0,162,0
BRDA:108,0,163,0
BRDA:108,0,164,0
BRDA:108,0,165,0
BRDA:108,0,166,0
BRDA:108,0,167,0
BRDA:108,0,168,0
BRDA:108,0,169,0
BRDA:108,0,170,0
BRDA:108,0,171,0
BRDA:108,0,172,0
BRDA:108,0,173,0
BRDA:108,0,174,0
BRDA:108,0,175,0
BRDA:108,0,176,0
BRDA:108,0,177,0
BRDA:108,0,178,0
BRDA:108,0,179,0
BRDA:108,0,180,0
BRDA:108,0,181,0
BRDA:108,0,182,0
BRDA:108,0,183,0
BRDA:108,0,184,0
BRDA:108,0,185,0
BRDA:108,0,186,0
BRDA:108,0,187,0
BRDA:108,0,188,0
BRDA:108,0,189,0
BRDA:108,0,190,0
BRDA:108,0,191,0
BRDA:108,0,192,0
BRDA:108,0,193,0
BRDA:108,0,194,0
BRDA:108,0,195,0
BRDA:108,0,196,0
BRDA:108,0,197,0
BRDA:108,0,198,0
BRDA:108,0,199,0
BRDA:108,0,200,0
BRDA:108,0,201,0
BRDA:108,0,202,0
BRDA:108,0,203,0
BRDA:108,0,204,0
BRDA:108,0,205,0
BRDA:108,0,206,0
BRDA:108,0,207,0
BRDA:108,0,208,0
BRDA:108,0,209,0
BRDA:108,0,210,0
BRDA:108,0,211,0
BRDA:108,0,212,0
BRDA:108,0,213,0
BRDA:108,0,214,0
BRDA:108,0,215,0
BRDA:108,0,216,0
BRDA:108,0,217,0
BRDA:108,0,218,0
BRDA:108,0,219,0
BRDA:108,0,220,0
BRDA:108,0,221,0
BRDA:108,0,222,0
BRDA:108,0,223,0
BRDA:108,0,224,0
BRDA:108,0,225,0
BRDA:108,0,226,0
BRDA:108,0,227,0
BRDA:108,0,228,0
BRDA:108,0,229,0
BRDA:108,0,230,0
BRDA:108,0,231,0
BRDA:108,0,232,0
BRDA:108,0,233,0
BRDA:108,0,234,0
BRDA:108,0,235,0
BRDA:108,0,236,0
BRDA:108,0,237,0
BRDA:108,0,238,0
BRDA:108,0,239,0
BRDA:108,0,240,0
BRDA:108,0,241,0
BRDA:108,0,242,0
BRDA:108,0,243,0
BRDA:108,0,244,0
BRDA:108,0,245,0
BRDA:108,0,246,0
BRDA:108,0,247,0
BRDA:108,0,248,0
BRDA:108,0,249,0
BRDA:108,0,250,0
BRDA:108,0,251,0
BRDA:108,0,252,0
BRDA:108,0,253,0
BRDA:108,0,254,0
BRDA:108,0,255,0
DA:109,0
BRDA:109,0,0,0
BRDA:109,0,1,0
DA:110,0
BRDA:110,0,0,0
BRDA:110,0,1,0
DA:113,0
BRDA:113,0,0,0
BRDA:113,0,1,0
BRDA:113,0,2,0
BRDA:113,0,3,0
BRDA:113,0,4,0
BRDA:113,0,5,0
BRDA:113,0,6,0
BRDA:113,0,7,0
BRDA:113,0,8,0
BRDA:113,0,9,0
BRDA:113,0,10,0
BRDA:113,0,11,0
BRDA:113,0,12,0
BRDA:113,0,13,0
BRDA:113,0,14,0
BRDA:113,0,15,0
BRDA:113,0,16,0
BRDA:113,0,17,0
BRDA:113,0,18,0
BRDA:113,0,19,0
BRDA:113,0,20,0
BRDA:113,0,21,0
BRDA:113,0,22,0
BRDA:113,0,23,0
BRDA:113,0,24,0
BRDA:113,0,25,0
BRDA:113,0,26,0
BRDA:113,0,27,0
BRDA:113,0,28,0
BRDA:113,0,29,0
BRDA:113,0,30,0
BRDA:113,0,31,0
BRDA:113,0,32,0
BRDA:113,0,33,0
BRDA:113,0,34,0
BRDA:113,0,35,0
BRDA:113,0,36,0
BRDA:113,0,37,0
BRDA:113,0,38,0
BRDA:113,0,39,0
BRDA:113,0,40,0
BRDA:113,0,41,0
BRDA:113,0,42,0
BRDA:113,0,43,0
BRDA:113,0,44,0
BRDA:113,0,45,0
BRDA:113,0,46,0
BRDA:113,0,47,0
BRDA:113,0,48,0
BRDA:113,0,49,0
BRDA:113,0,50,0
BRDA:113,0,51,0
BRDA:113,0,52,0
BRDA:113,0,53,0
BRDA:113,0,54,0
BRDA:113,0,55,0
BRDA:113,0,56,0
BRDA:113,0,57,0
BRDA:113,0,58,0
BRDA:113,0,59,0
BRDA:113,0,60,0
BRDA:113,0,61,0
BRDA:113,0,62,0
BRDA:113,0,63,0
BRDA:113,0,64,0
BRDA:113,0,65,0
BRDA:113,0,66,0
BRDA:113,0,67,0
BRDA:113,0,68,0
BRDA:113,0,69,0
BRDA:113,0,70,0
BRDA:113,0,71,0
BRDA:113,0,72,0
BRDA:113,0,73,0
BRDA:113,0,74,0
BRDA:113,0,75,0
BRDA:113,0,76,0
BRDA:113,0,77,0
BRDA:113,0,78,0
BRDA:113,0,79,0
BRDA:113,0,80,0
BRDA:113,0,81,0
BRDA:113,0,82,0
BRDA:113,0,83,0
BRDA:113,0,84,0
BRDA:113,0,85,0
BRDA:113,0,86,0
BRDA:113,0,87,0
BRDA:113,0,88,0
BRDA:113,0,89,0
BRDA:113,0,90,0
BRDA:113,0,91,0
BRDA:113,0,92,0
BRDA:113,0,93,0
BRDA:113,0,94,0
BRDA:113,0,95,0
BRDA:113,0,96,0
BRDA:113,0,97,0
BRDA:113,0,98,0
BRDA:113,0,99,0
BRDA:113,0,100,0
BRDA:113,0,101,0
BRDA:113,0,102,0
BRDA:113,0,103,0
BRDA:113,0,104,0
BRDA:113,0,105,0
BRDA:113,0,106,0
BRDA:113,0,107,0
BRDA:113,0,108,0
BRDA:113,0,109,0
BRDA:113,0,110,0
BRDA:113,0,111,0
BRDA:113,0,112,0
BRDA:113,0,113,0
BRDA:113,0,114,0
BRDA:113,0,115,0
BRDA:113,0,116,0
BRDA:113,0,117,0
BRDA:113,0,118,0
BRDA:113,0,119,0
BRDA:113,0,120,0
BRDA:113,0,121,0
BRDA:113,0,122,0
BRDA:113,0,123,0
BRDA:113,0,124,0
BRDA:113,0,125,0
BRDA:113,0,126,0
BRDA:113,0,127,0
BRDA:113,0,128,0
BRDA:113,0,129,0
BRDA:113,0,130,0
BRDA:113,0,131,0
BRDA:113,0,132,0
BRDA:113,0,133,0
BRDA:113,0,134,0
BRDA:113,0,135,0
BRDA:113,0,136,0
BRDA:113,0,137,0
BRDA:113,0,138,0
BRDA:113,0,139,0
BRDA:113,0,140,0
BRDA:113,0,141,0
BRDA:113,0,142,0
BRDA:113,0,143,0
BRDA:113,0,144,0
BRDA:113,0,145,0
BRDA:113,0,146,0
BRDA:113,0,147,0
BRDA:113,0,148,0
BRDA:113,0,149,0
BRDA:113,0,150,0
BRDA:113,0,151,0
BRDA:113,0,152,0
BRDA:113,0,153,0
BRDA:113,0,154,0
BRDA:113,0,155,0
BRDA:113,0,156,0
BRDA:113,0,157,0
BRDA:113,0,158,0
BRDA:113,0,159,0
BRDA:113,0,160,0
BRDA:113,0,161,0
BRDA:113,0,162,0
BRDA:113,0,163,0
BRDA:113,0,164,0
BRDA:113,0,165,0
BRDA:113,0,166,0
BRDA:113,0,167,0
BRDA:113,0,168,0
BRDA:113,0,169,0
BRDA:113,0,170,0
BRDA:113,0,171,0
BRDA:113,0,172,0
BRDA:113,0,173,0
BRDA:113,0,174,0
BRDA:113,0,175,0
BRDA:113,0,176,0
BRDA:113,0,177,0
BRDA:113,0,178,0
BRDA:113,0,179,0
BRDA:113,0,180,0
BRDA:113,0,181,0
BRDA:113,0,182,0
BRDA:113,0,183,0
BRDA:113,0,184,0
BRDA:113,0,185,0
BRDA:113,0,186,0
BRDA:113,0,187,0
BRDA:113,0,188,0
BRDA:113,0,189,0
BRDA:113,0,190,0
BRDA:113,0,191,0
BRDA:113,0,192,0
BRDA:113,0,193,0
BRDA:113,0,194,0
BRDA:113,0,195,0
BRDA:113,0,196,0
BRDA:113,0,197,0
BRDA:113,0,198,0
BRDA:113,0,199,0
BRDA:113,0,200,0
BRDA:113,0,201,0
BRDA:113,0,202,0
BRDA:113,0,203,0
BRDA:113,0,204,0
BRDA:113,0,205,0
BRDA:113,0,206,0
BRDA:113,0,207,0
BRDA:113,0,208,0
BRDA:113,0,209,0
BRDA:113,0,210,0
BRDA:113,0,211,0
BRDA:113,0,212,0
BRDA:113,0,213,0
BRDA:113,0,214,0
BRDA:113,0,215,0
BRDA:113,0,216,0
BRDA:113,0,217,0
BRDA:113,0,218,0
BRDA:113,0,219,0
BRDA:113,0,220,0
BRDA:113,0,221,0
BRDA:113,0,222,0
BRDA:113,0,223,0
BRDA:113,0,224,0
BRDA:113,0,225,0
BRDA:113,0,226,0
BRDA:113,0,227,0
BRDA:113,0,228,0
BRDA:113,0,229,0
BRDA:113,0,230,0
BRDA:113,0,231,0
BRDA:113,0,232,0
BRDA:113,0,233,0
BRDA:113,0,234,0
BRDA:113,0,235,0
BRDA:113,0,236,0
BRDA:113,0,237,0
BRDA:113,0,238,0
BRDA:113,0,239,0
BRDA:113,0,240,0
BRDA:113,0,241,0
BRDA:113,0,242,0
BRDA:113,0,243,0
BRDA:113,0,244,0
BRDA:113,0,245,0
BRDA:113,0,246,0
BRDA:113,0,247,0
BRDA:113,0,248,0
BRDA:113,0,249,0
BRDA:113,0,250,0
BRDA:113,0,251,0
BRDA:113,0,252,0
BRDA:113,0,253,0
BRDA:113,0,254,0
BRDA:113,0,255,0
BRDA:113,0,256,0
BRDA:113,0,257,0
BRDA:113,0,258,0
BRDA:113,0,259,0
BRDA:113,0,260,0
BRDA:113,0,261,0
BRDA:113,0,262,0
BRDA:113,0,263,0
BRDA:113,0,264,0
BRDA:113,0,265,0
BRDA:113,0,266,0
BRDA:113,0,267,0
BRDA:113,0,268,0
BRDA:113,0,269,0
BRDA:113,0,270,0
BRDA:113,0,271,0
BRDA:113,0,272,0
BRDA:113,0,273,0
BRDA:113,0,274,0
BRDA:113,0,275,0
BRDA:113,0,276,0
BRDA:113,0,277,0
BRDA:113,0,278,0
BRDA:113,0,279,0
BRDA:113,0,280,0
BRDA:113,0,281,0
BRDA:113,0,282,0
BRDA:113,0,283,0
BRDA:113,0,284,0
BRDA:113,0,285,0
BRDA:113,0,286,0
BRDA:113,0,287,0
BRDA:113,0,288,0
BRDA:113,0,289,0
BRDA:113,0,290,0
BRDA:113,0,291,0
BRDA:113,0,292,0
BRDA:113,0,293,0
BRDA:113,0,294,0
BRDA:113,0,295,0
BRDA:113,0,296,0
BRDA:113,0,297,0
BRDA:113,0,298,0
BRDA:113,0,299,0
BRDA:113,0,300,0
BRDA:113,0,301,0
BRDA:113,0,302,0
BRDA:113,0,303,0
BRDA:113,0,304,0
BRDA:113,0,305,0
BRDA:113,0,306,0
BRDA:113,0,307,0
BRDA:113,0,308,0
BRDA:113,0,309,0
BRDA:113,0,310,0
BRDA:113,0,311,0
BRDA:113,0,312,0
BRDA:113,0,313,0
BRDA:113,0,314,0
BRDA:113,0,315,0
BRDA:113,0,316,0
BRDA:113,0,317,0
BRDA:113,0,318,0
BRDA:113,0,319,0
BRDA:113,0,320,0
BRDA:113,0,321,0
BRDA:113,0,322,0
BRDA:113,0,323,0
BRDA:113,0,324,0
BRDA:113,0,325,0
BRDA:113,0,326,0
BRDA:113,0,327,0
BRDA:113,0,328,0
BRDA:113,0,329,0
BRDA:113,0,330,0
BRDA:113,0,331,0
BRDA:113,0,332,0
BRDA:113,0,333,0
BRDA:113,0,334,0
BRDA:113,0,335,0
BRDA:113,0,336,0
BRDA:113,0,337,0
BRDA:113,0,338,0
BRDA:113,0,339,0
BRDA:113,0,340,0
BRDA:113,0,341,0
BRDA:113,0,342,0
BRDA:113,0,343,0
BRDA:113,0,344,0
BRDA:113,0,345,0
BRDA:113,0,346,0
BRDA:113,0,347,0
BRDA:113,0,348,0
BRDA:113,0,349,0
BRDA:113,0,350,0
BRDA:113,0,351,0
BRDA:113,0,352,0
BRDA:113,0,353,0
BRDA:113,0,354,0
BRDA:113,0,355,0
BRDA:113,0,356,0
BRDA:113,0,357,0
BRDA:113,0,358,0
BRDA:113,0,359,0
BRDA:113,0,360,0
BRDA:113,0,361,0
BRDA:113,0,362,0
BRDA:113,0,363,0
BRDA:113,0,364,0
BRDA:113,0,365,0
BRDA:113,0,366,0
BRDA:113,0,367,0
BRDA:113,0,368,0
BRDA:113,0,369,0
BRDA:113,0,370,0
BRDA:113,0,371,0
BRDA:113,0,372,0
BRDA:113,0,373,0
BRDA:113,0,374,0
BRDA:113,0,375,0
BRDA:113,0,376,0
BRDA:113,0,377,0
BRDA:113,0,378,0
BRDA:113,0,379,0
BRDA:113,0,380,0
BRDA:113,0,381,0
BRDA:113,0,382,0
BRDA:113,0,383,0
BRDA:113,0,384,0
BRDA:113,0,385,0
BRDA:113,0,386,0
BRDA:113,0,387,0
BRDA:113,0,388,0
BRDA:113,0,389,0
BRDA:113,0,390,0
BRDA:113,0,391,0
BRDA:113,0,392,0
BRDA:113,0,393,0
BRDA:113,0,394,0
BRDA:113,0,395,0
BRDA:113,0,396,0
BRDA:113,0,397,0
BRDA:113,0,398,0
BRDA:113,0,399,0
BRDA:113,0,400,0
BRDA:113,0,401,0
BRDA:113,0,402,0
BRDA:113,0,403,0
BRDA:113,0,404,0
BRDA:113,0,405,0
BRDA:113,0,406,0
BRDA:113,0,407,0
BRDA:113,0,408,0
BRDA:113,0,409,0
BRDA:113,0,410,0
BRDA:113,0,411,0
BRDA:113,0,412,0
BRDA:113,0,413,0
BRDA:113,0,414,0
BRDA:113,0,415,0
BRDA:113,0,416,0
BRDA:113,0,417,0
BRDA:113,0,418,0
BRDA:113,0,419,0
BRDA:113,0,420,0
BRDA:113,0,421,0
BRDA:113,0,422,0
BRDA:113,0,423,0
BRDA:113,0,424,0
BRDA:113,0,425,0
[...]
BRDA:57,0,156,0
BRDA:57,0,157,0
BRDA:57,0,158,0
BRDA:57,0,159,0
BRDA:57,0,160,0
BRDA:57,0,161,0
BRDA:57,0,162,0
BRDA:57,0,163,0
BRDA:57,0,164,0
BRDA:57,0,165,0
BRDA:57,0,166,0
BRDA:57,0,167,0
BRDA:57,0,168,0
BRDA:57,0,169,0
BRDA:57,0,170,0
BRDA:57,0,171,0
BRDA:57,0,172,0
BRDA:57,0,173,0
BRDA:57,0,174,0
BRDA:57,0,175,0
BRDA:57,0,176,0
BRDA:57,0,177,0
BRDA:57,0,178,0
BRDA:57,0,179,0
BRDA:57,0,180,0
BRDA:57,0,181,0
BRDA:57,0,182,0
BRDA:57,0,183,0
BRDA:57,0,184,0
BRDA:57,0,185,0
BRDA:57,0,186,0
BRDA:57,0,187,0
BRDA:57,0,188,0
BRDA:57,0,189,0
BRDA:57,0,190,0
BRDA:57,0,191,0
BRDA:57,0,192,0
BRDA:57,0,193,0
BRDA:57,0,194,0
BRDA:57,0,195,0
BRDA:57,0,196,0
BRDA:57,0,197,0
BRDA:57,0,198,0
BRDA:57,0,199,0
BRDA:57,0,200,0
BRDA:57,0,201,0
BRDA:57,0,202,0
BRDA:57,0,203,0
BRDA:57,0,204,0
BRDA:57,0,205,0
BRDA:57,0,206,0
BRDA:57,0,207,0
BRDA:57,0,208,0
BRDA:57,0,209,0
BRDA:57,0,210,0
BRDA:57,0,211,0
BRDA:57,0,212,0
BRDA:57,0,213,0
BRDA:57,0,214,0
BRDA:57,0,215,0
BRDA:57,0,216,0
BRDA:57,0,217,0
BRDA:57,0,218,0
BRDA:57,0,219,0
BRDA:57,0,220,0
BRDA:57,0,221,0
BRDA:57,0,222,0
BRDA:57,0,223,0
BRDA:57,0,224,0
BRDA:57,0,225,0
BRDA:57,0,226,0
BRDA:57,0,227,0
BRDA:57,0,228,0
BRDA:57,0,229,0
BRDA:57,0,230,0
BRDA:57,0,231,0
BRDA:57,0,232,0
BRDA:57,0,233,0
BRDA:57,0,234,0
BRDA:57,0,235,0
BRDA:57,0,236,0
BRDA:57,0,237,0
BRDA:57,0,238,0
BRDA:57,0,239,0
BRDA:57,0,240,0
BRDA:57,0,241,0
BRDA:57,0,242,0
BRDA:57,0,243,0
BRDA:57,0,244,0
BRDA:57,0,245,0
BRDA:57,0,246,0
BRDA:57,0,247,0
BRDA:57,0,248,0
BRDA:57,0,249,0
BRDA:57,0,250,0
BRDA:57,0,251,0
BRDA:57,0,252,0
BRDA:57,0,253,0
BRDA:57,0,254,0
BRDA:57,0,255,0
DA:58,0
BRDA:58,0,0,0
BRDA:58,0,1,0
BRDA:58,0,2,0
BRDA:58,0,3,0
BRDA:58,0,4,0
BRDA:58,0,5,0
BRDA:58,0,6,0
BRDA:58,0,7,0
BRDA:58,0,8,0
BRDA:58,0,9,0
BRDA:58,0,10,0
BRDA:58,0,11,0
BRDA:58,0,12,0
BRDA:58,0,13,0
BRDA:58,0,14,0
BRDA:58,0,15,0
BRDA:58,0,16,0
BRDA:58,0,17,0
BRDA:58,0,18,0
BRDA:58,0,19,0
BRDA:58,0,20,0
BRDA:58,0,21,0
BRDA:58,0,22,0
BRDA:58,0,23,0
BRDA:58,0,24,0
BRDA:58,0,25,0
BRDA:58,0,26,0
BRDA:58,0,27,0
BRDA:58,0,28,0
BRDA:58,0,29,0
BRDA:58,0,30,0
BRDA:58,0,31,0
BRDA:58,0,32,0
BRDA:58,0,33,0
BRDA:58,0,34,0
BRDA:58,0,35,0
BRDA:58,0,36,0
BRDA:58,0,37,0
BRDA:58,0,38,0
BRDA:58,0,39,0
BRDA:58,0,40,0
BRDA:58,0,41,0
BRDA:58,0,42,0
BRDA:58,0,43,0
BRDA:58,0,44,0
BRDA:58,0,45,0
BRDA:58,0,46,0
BRDA:58,0,47,0
BRDA:58,0,48,0
BRDA:58,0,49,0
BRDA:58,0,50,0
BRDA:58,0,51,0
BRDA:58,0,52,0
BRDA:58,0,53,0
BRDA:58,0,54,0
BRDA:58,0,55,0
BRDA:58,0,56,0
BRDA:58,0,57,0
BRDA:58,0,58,0
BRDA:58,0,59,0
BRDA:58,0,60,0
BRDA:58,0,61,0
BRDA:58,0,62,0
BRDA:58,0,63,0
DA:59,0
BRDA:59,0,0,0
BRDA:59,0,1,0
BRDA:59,0,2,0
BRDA:59,0,3,0
BRDA:59,0,4,0
BRDA:59,0,5,0
BRDA:59,0,6,0
BRDA:59,0,7,0
BRDA:59,0,8,0
BRDA:59,0,9,0
BRDA:59,0,10,0
BRDA:59,0,11,0
BRDA:59,0,12,0
BRDA:59,0,13,0
BRDA:59,0,14,0
BRDA:59,0,15,0
BRDA:59,0,16,0
BRDA:59,0,17,0
BRDA:59,0,18,0
BRDA:59,0,19,0
BRDA:59,0,20,0
BRDA:59,0,21,0
BRDA:59,0,22,0
BRDA:59,0,23,0
BRDA:59,0,24,0
BRDA:59,0,25,0
BRDA:59,0,26,0
BRDA:59,0,27,0
BRDA:59,0,28,0
BRDA:59,0,29,0
BRDA:59,0,30,0
BRDA:59,0,31,0
BRDA:59,0,32,0
BRDA:59,0,33,0
BRDA:59,0,34,0
BRDA:59,0,35,0
BRDA:59,0,36,0
BRDA:59,0,37,0
BRDA:59,0,38,0
BRDA:59,0,39,0
BRDA:59,0,40,0
BRDA:59,0,41,0
BRDA:59,0,42,0
BRDA:59,0,43,0
BRDA:59,0,44,0
BRDA:59,0,45,0
BRDA:59,0,46,0
BRDA:59,0,47,0
BRDA:59,0,48,0
BRDA:59,0,49,0
BRDA:59,0,50,0
BRDA:59,0,51,0
BRDA:59,0,52,0
BRDA:59,0,53,0
BRDA:59,0,54,0
BRDA:59,0,55,0
BRDA:59,0,56,0
BRDA:59,0,57,0
BRDA:59,0,58,0
BRDA:59,0,59,0
BRDA:59,0,60,0
BRDA:59,0,61,0
BRDA:59,0,62,0
BRDA:59,0,63,0
BRDA:59,0,64,0
BRDA:59,0,65,0
BRDA:59,0,66,0
BRDA:59,0,67,0
BRDA:59,0,68,0
BRDA:59,0,69,0
BRDA:59,0,70,0
BRDA:59,0,71,0
BRDA:59,0,72,0
BRDA:59,0,73,0
BRDA:59,0,74,0
BRDA:59,0,75,0
BRDA:59,0,76,0
BRDA:59,0,77,0
BRDA:59,0,78,0
BRDA:59,0,79,0
BRDA:59,0,80,0
BRDA:59,0,81,0
BRDA:59,0,82,0
BRDA:59,0,83,0
BRDA:59,0,84,0
BRDA:59,0,85,0
BRDA:59,0,86,0
BRDA:59,0,87,0
BRDA:59,0,88,0
BRDA:59,0,89,0
BRDA:59,0,90,0
BRDA:59,0,91,0
BRDA:59,0,92,0
BRDA:59,0,93,0
BRDA:59,0,94,0
BRDA:59,0,95,0
BRDA:59,0,96,0
BRDA:59,0,97,0
BRDA:59,0,98,0
BRDA:59,0,99,0
BRDA:59,0,100,0
BRDA:59,0,101,0
BRDA:59,0,102,0
BRDA:59,0,103,0
BRDA:59,0,104,0
BRDA:59,0,105,0
BRDA:59,0,106,0
BRDA:59,0,107,0
BRDA:59,0,108,0
BRDA:59,0,109,0
BRDA:59,0,110,0
BRDA:59,0,111,0
BRDA:59,0,112,0
BRDA:59,0,113,0
BRDA:59,0,114,0
BRDA:59,0,115,0
BRDA:59,0,116,0
BRDA:59,0,117,0
BRDA:59,0,118,0
BRDA:59,0,119,0
BRDA:59,0,120,0
BRDA:59,0,121,0
BRDA:59,0,122,0
BRDA:59,0,123,0
BRDA:59,0,124,0
BRDA:59,0,125,0
BRDA:59,0,126,0
BRDA:59,0,127,0
BRDA:59,0,128,0
BRDA:59,0,129,0
BRDA:59,0,130,0
BRDA:59,0,131,0
BRDA:59,0,132,0
BRDA:59,0,133,0
BRDA:59,0,134,0
BRDA:59,0,135,0
BRDA:59,0,136,0
BRDA:59,0,137,0
BRDA:59,0,138,0
BRDA:59,0,139,0
BRDA:59,0,140,0
BRDA:59,0,141,0
BRDA:59,0,142,0
BRDA:59,0,143,0
BRDA:59,0,144,0
BRDA:59,0,145,0
BRDA:59,0,146,0
BRDA:59,0,147,0
BRDA:59,0,148,0
BRDA:59,0,149,0
BRDA:59,0,150,0
BRDA:59,0,151,0
BRDA:59,0,152,0
BRDA:59,0,153,0
BRDA:59,0,154,0
BRDA:59,0,155,0
BRDA:59,0,156,0
BRDA:59,0,157,0
BRDA:59,0,158,0
BRDA:59,0,159,0
BRDA:59,0,160,0
BRDA:59,0,161,0
BRDA:59,0,162,0
BRDA:59,0,163,0
BRDA:59,0,164,0
BRDA:59,0,165,0
BRDA:59,0,166,0
BRDA:59,0,167,0
BRDA:59,0,168,0
BRDA:59,0,169,0
BRDA:59,0,170,0
BRDA:59,0,171,0
BRDA:59,0,172,0
BRDA:59,0,173,0
BRDA:59,0,174,0
BRDA:59,0,175,0
BRDA:59,0,176,0
BRDA:59,0,177,0
BRDA:59,0,178,0
BRDA:59,0,179,0
BRDA:59,0,180,0
BRDA:59,0,181,0
BRDA:59,0,182,0
BRDA:59,0,183,0
BRDA:59,0,184,0
BRDA:59,0,185,0
BRDA:59,0,186,0
BRDA:59,0,187,0
BRDA:59,0,188,0
BRDA:59,0,189,0
BRDA:59,0,190,0
BRDA:59,0,191,0
BRDA:59,0,192,0
BRDA:59,0,193,0
BRDA:59,0,194,0
BRDA:59,0,195,0
BRDA:59,0,196,0
BRDA:59,0,197,0
BRDA:59,0,198,0
BRDA:59,0,199,0
BRDA:59,0,200,0
BRDA:59,0,201,0
BRDA:59,0,202,0
BRDA:59,0,203,0
BRDA:59,0,204,0
BRDA:59,0,205,0
BRDA:59,0,206,0
BRDA:59,0,207,0
BRDA:59,0,208,0
BRDA:59,0,209,0
BRDA:59,0,210,0
BRDA:59,0,211,0
BRDA:59,0,212,0
BRDA:59,0,213,0
BRDA:59,0,214,0
BRDA:59,0,215,0
BRDA:59,0,216,0
BRDA:59,0,217,0
BRDA:59,0,218,0
BRDA:59,0,219,0
BRDA:59,0,220,0
BRDA:59,0,221,0
BRDA:59,0,222,0
BRDA:59,0,223,0
BRDA:59,0,224,0
BRDA:59,0,225,0
BRDA:59,0,226,0
BRDA:59,0,227,0
BRDA:59,0,228,0
BRDA:59,0,229,0
BRDA:59,0,230,0
BRDA:59,0,231,0
BRDA:59,0,232,0
BRDA:59,0,233,0
BRDA:59,0,234,0
BRDA:59,0,235,0
BRDA:59,0,236,0
BRDA:59,0,237,0
BRDA:59,0,238,0
BRDA:59,0,239,0
BRDA:59,0,240,0
BRDA:59,0,241,0
BRDA:59,0,242,0
BRDA:59,0,243,0
BRDA:59,0,244,0
BRDA:59,0,245,0
BRDA:59,0,246,0
BRDA:59,0,247,0
BRDA:59,0,248,0
BRDA:59,0,249,0
BRDA:59,0,250,0
BRDA:59,0,251,0
BRDA:59,0,252,0
BRDA:59,0,253,0
BRDA:59,0,254,0
BRDA:59,0,255,0
DA:63,0
DA:65,0
DA:66,0
DA:67,0
DA:68,0
DA:69,0
BRDA:69,0,0,0
BRDA:69,0,1,0
DA:70,0
DA:75,0
DA:77,0
DA:78,0
DA:79,0
DA:80,0
DA:81,0
BRDA:81,0,0,0
BRDA:81,0,1,0
DA:82,0
DA:84,0
DA:88,0
DA:89,0
BRDA:89,0,0,0
BRDA:89,0,1,0
DA:90,0
DA:91,0
DA:92,0
DA:93,0
DA:94,0
DA:95,0
DA:96,0
DA:97,0
DA:98,0
DA:99,0
DA:100,0
DA:101,0
DA:103,0
DA:104,0
DA:105,0
BRDA:105,0,0,0
BRDA:105,0,1,0
DA:108,0
DA:109,0
DA:110,0
DA:111,0
DA:112,0
DA:116,0
DA:117,0
DA:120,0
DA:121,0
BRDA:121,0,0,0
BRDA:121,0,1,0
DA:122,0
DA:123,0
DA:124,0
DA:128,0
DA:130,0
BRDA:130,0,0,0
BRDA:130,0,1,0
DA:131,0
DA:132,0
DA:133,0
DA:134,0
DA:135,0
DA:139,0
DA:140,0
DA:141,0
DA:144,0
DA:145,0
DA:146,0
DA:147,0
DA:150,0
DA:151,0
BRDA:151,0,0,0
BRDA:151,0,1,0
DA:152,0
DA:156,0
DA:157,0
DA:158,0
DA:161,0
DA:163,0
BRDA:163,0,0,0
BRDA:163,0,1,0
DA:164,0
DA:165,0
DA:166,0
DA:167,0
DA:171,0
DA:175,0
DA:176,0
DA:177,0
DA:178,0
DA:179,0
DA:182,0
BRF:3052
BRH:0
end_of_record
SF:Env/verilator/tb_coverage.sv
DA:12,1
BRDA:12,0,0,1
BRDA:12,0,1,0
BRDA:12,0,2,0
DA:13,1
BRDA:13,0,0,1
BRDA:13,0,1,0
BRDA:13,0,2,0
DA:16,0
BRDA:16,0,0,0
BRDA:16,0,1,0
BRDA:16,0,2,0
BRDA:16,0,3,0
BRDA:16,0,4,0
BRDA:16,0,5,0
BRDA:16,0,6,0
BRDA:16,0,7,0
BRDA:16,0,8,0
BRDA:16,0,9,0
BRDA:16,0,10,0
BRDA:16,0,11,0
BRDA:16,0,12,0
BRDA:16,0,13,0
BRDA:16,0,14,0
BRDA:16,0,15,0
BRDA:16,0,16,0
BRDA:16,0,17,0
BRDA:16,0,18,0
BRDA:16,0,19,0
BRDA:16,0,20,0
BRDA:16,0,21,0
BRDA:16,0,22,0
BRDA:16,0,23,0
DA:17,0
BRDA:17,0,0,0
BRDA:17,0,1,0
DA:18,0
BRDA:18,0,0,0
BRDA:18,0,1,0
BRDA:18,0,2,0
BRDA:18,0,3,0
BRDA:18,0,4,0
BRDA:18,0,5,0
BRDA:18,0,6,0
BRDA:18,0,7,0
BRDA:18,0,8,0
BRDA:18,0,9,0
BRDA:18,0,10,0
BRDA:18,0,11,0
BRDA:18,0,12,0
BRDA:18,0,13,0
BRDA:18,0,14,0
BRDA:18,0,15,0
BRDA:18,0,16,0
BRDA:18,0,17,0
BRDA:18,0,18,0
BRDA:18,0,19,0
BRDA:18,0,20,0
BRDA:18,0,21,0
BRDA:18,0,22,0
BRDA:18,0,23,0
BRDA:18,0,24,0
BRDA:18,0,25,0
BRDA:18,0,26,0
BRDA:18,0,27,0
BRDA:18,0,28,0
BRDA:18,0,29,0
BRDA:18,0,30,0
BRDA:18,0,31,0
BRDA:18,0,32,0
BRDA:18,0,33,0
BRDA:18,0,34,0
BRDA:18,0,35,0
BRDA:18,0,36,0
BRDA:18,0,37,0
BRDA:18,0,38,0
BRDA:18,0,39,0
BRDA:18,0,40,0
BRDA:18,0,41,0
BRDA:18,0,42,0
BRDA:18,0,43,0
BRDA:18,0,44,0
BRDA:18,0,45,0
BRDA:18,0,46,0
BRDA:18,0,47,0
BRDA:18,0,48,0
BRDA:18,0,49,0
BRDA:18,0,50,0
BRDA:18,0,51,0
BRDA:18,0,52,0
BRDA:18,0,53,0
BRDA:18,0,54,0
BRDA:18,0,55,0
BRDA:18,0,56,0
BRDA:18,0,57,0
BRDA:18,0,58,0
BRDA:18,0,59,0
BRDA:18,0,60,0
BRDA:18,0,61,0
BRDA:18,0,62,0
BRDA:18,0,63,0
DA:19,0
BRDA:19,0,0,0
BRDA:19,0,1,0
BRDA:19,0,2,0
BRDA:19,0,3,0
BRDA:19,0,4,0
BRDA:19,0,5,0
BRDA:19,0,6,0
BRDA:19,0,7,0
BRDA:19,0,8,0
BRDA:19,0,9,0
BRDA:19,0,10,0
BRDA:19,0,11,0
BRDA:19,0,12,0
BRDA:19,0,13,0
BRDA:19,0,14,0
BRDA:19,0,15,0
BRDA:19,0,16,0
BRDA:19,0,17,0
BRDA:19,0,18,0
BRDA:19,0,19,0
BRDA:19,0,20,0
BRDA:19,0,21,0
BRDA:19,0,22,0
BRDA:19,0,23,0
BRDA:19,0,24,0
BRDA:19,0,25,0
BRDA:19,0,26,0
BRDA:19,0,27,0
BRDA:19,0,28,0
BRDA:19,0,29,0
BRDA:19,0,30,0
BRDA:19,0,31,0
BRDA:19,0,32,0
BRDA:19,0,33,0
BRDA:19,0,34,0
BRDA:19,0,35,0
BRDA:19,0,36,0
BRDA:19,0,37,0
BRDA:19,0,38,0
BRDA:19,0,39,0
BRDA:19,0,40,0
BRDA:19,0,41,0
BRDA:19,0,42,0
BRDA:19,0,43,0
BRDA:19,0,44,0
BRDA:19,0,45,0
BRDA:19,0,46,0
BRDA:19,0,47,0
BRDA:19,0,48,0
BRDA:19,0,49,0
BRDA:19,0,50,0
BRDA:19,0,51,0
BRDA:19,0,52,0
BRDA:19,0,53,0
BRDA:19,0,54,0
BRDA:19,0,55,0
BRDA:19,0,56,0
BRDA:19,0,57,0
BRDA:19,0,58,0
BRDA:19,0,59,0
BRDA:19,0,60,0
BRDA:19,0,61,0
BRDA:19,0,62,0
BRDA:19,0,63,0
DA:20,0
BRDA:20,0,0,0
BRDA:20,0,1,0
DA:21,0
BRDA:21,0,0,0
BRDA:21,0,1,0
DA:22,0
BRDA:22,0,0,0
BRDA:22,0,1,0
DA:23,0
BRDA:23,0,0,0
BRDA:23,0,1,0
DA:26,0
BRDA:26,0,0,0
BRDA:26,0,1,0
BRDA:26,0,2,0
BRDA:26,0,3,0
BRDA:26,0,4,0
BRDA:26,0,5,0
BRDA:26,0,6,0
BRDA:26,0,7,0
BRDA:26,0,8,0
BRDA:26,0,9,0
BRDA:26,0,10,0
BRDA:26,0,11,0
BRDA:26,0,12,0
BRDA:26,0,13,0
BRDA:26,0,14,0
BRDA:26,0,15,0
BRDA:26,0,16,0
BRDA:26,0,17,0
BRDA:26,0,18,0
BRDA:26,0,19,0
BRDA:26,0,20,0
BRDA:26,0,21,0
BRDA:26,0,22,0
BRDA:26,0,23,0
BRDA:26,0,24,0
BRDA:26,0,25,0
BRDA:26,0,26,0
BRDA:26,0,27,0
BRDA:26,0,28,0
BRDA:26,0,29,0
BRDA:26,0,30,0
BRDA:26,0,31,0
BRDA:26,0,32,0
BRDA:26,0,33,0
BRDA:26,0,34,0
BRDA:26,0,35,0
BRDA:26,0,36,0
BRDA:26,0,37,0
BRDA:26,0,38,0
BRDA:26,0,39,0
BRDA:26,0,40,0
BRDA:26,0,41,0
BRDA:26,0,42,0
BRDA:26,0,43,0
BRDA:26,0,44,0
BRDA:26,0,45,0
BRDA:26,0,46,0
BRDA:26,0,47,0
BRDA:26,0,48,0
BRDA:26,0,49,0
BRDA:26,0,50,0
BRDA:26,0,51,0
BRDA:26,0,52,0
BRDA:26,0,53,0
BRDA:26,0,54,0
BRDA:26,0,55,0
BRDA:26,0,56,0
BRDA:26,0,57,0
BRDA:26,0,58,0
BRDA:26,0,59,0
BRDA:26,0,60,0
BRDA:26,0,61,0
BRDA:26,0,62,0
BRDA:26,0,63,0
BRDA:26,0,64,0
BRDA:26,0,65,0
BRDA:26,0,66,0
BRDA:26,0,67,0
BRDA:26,0,68,0
BRDA:26,0,69,0
BRDA:26,0,70,0
BRDA:26,0,71,0
BRDA:26,0,72,0
BRDA:26,0,73,0
BRDA:26,0,74,0
BRDA:26,0,75,0
BRDA:26,0,76,0
BRDA:26,0,77,0
BRDA:26,0,78,0
BRDA:26,0,79,0
BRDA:26,0,80,0
BRDA:26,0,81,0
BRDA:26,0,82,0
BRDA:26,0,83,0
BRDA:26,0,84,0
BRDA:26,0,85,0
BRDA:26,0,86,0
BRDA:26,0,87,0
BRDA:26,0,88,0
BRDA:26,0,89,0
BRDA:26,0,90,0
BRDA:26,0,91,0
BRDA:26,0,92,0
BRDA:26,0,93,0
BRDA:26,0,94,0
BRDA:26,0,95,0
BRDA:26,0,96,0
BRDA:26,0,97,0
BRDA:26,0,98,0
BRDA:26,0,99,0
BRDA:26,0,100,0
BRDA:26,0,101,0
BRDA:26,0,102,0
BRDA:26,0,103,0
BRDA:26,0,104,0
BRDA:26,0,105,0
BRDA:26,0,106,0
BRDA:26,0,107,0
BRDA:26,0,108,0
BRDA:26,0,109,0
BRDA:26,0,110,0
BRDA:26,0,111,0
BRDA:26,0,112,0
BRDA:26,0,113,0
BRDA:26,0,114,0
BRDA:26,0,115,0
BRDA:26,0,116,0
BRDA:26,0,117,0
BRDA:26,0,118,0
BRDA:26,0,119,0
BRDA:26,0,120,0
BRDA:26,0,121,0
BRDA:26,0,122,0
BRDA:26,0,123,0
BRDA:26,0,124,0
BRDA:26,0,125,0
BRDA:26,0,126,0
BRDA:26,0,127,0
BRDA:26,0,128,0
BRDA:26,0,129,0
BRDA:26,0,130,0
BRDA:26,0,131,0
BRDA:26,0,132,0
BRDA:26,0,133,0
BRDA:26,0,134,0
BRDA:26,0,135,0
BRDA:26,0,136,0
BRDA:26,0,137,0
BRDA:26,0,138,0
BRDA:26,0,139,0
BRDA:26,0,140,0
BRDA:26,0,141,0
BRDA:26,0,142,0
BRDA:26,0,143,0
BRDA:26,0,144,0
BRDA:26,0,145,0
BRDA:26,0,146,0
BRDA:26,0,147,0
BRDA:26,0,148,0
BRDA:26,0,149,0
BRDA:26,0,150,0
BRDA:26,0,151,0
BRDA:26,0,152,0
BRDA:26,0,153,0
BRDA:26,0,154,0
BRDA:26,0,155,0
BRDA:26,0,156,0
BRDA:26,0,157,0
BRDA:26,0,158,0
BRDA:26,0,159,0
BRDA:26,0,160,0
BRDA:26,0,161,0
BRDA:26,0,162,0
BRDA:26,0,163,0
BRDA:26,0,164,0
BRDA:26,0,165,0
BRDA:26,0,166,0
BRDA:26,0,167,0
BRDA:26,0,168,0
BRDA:26,0,169,0
BRDA:26,0,170,0
BRDA:26,0,171,0
BRDA:26,0,172,0
BRDA:26,0,173,0
BRDA:26,0,174,0
BRDA:26,0,175,0
BRDA:26,0,176,0
BRDA:26,0,177,0
BRDA:26,0,178,0
BRDA:26,0,179,0
BRDA:26,0,180,0
BRDA:26,0,181,0
BRDA:26,0,182,0
BRDA:26,0,183,0
BRDA:26,0,184,0
BRDA:26,0,185,0
BRDA:26,0,186,0
BRDA:26,0,187,0
BRDA:26,0,188,0
BRDA:26,0,189,0
BRDA:26,0,190,0
BRDA:26,0,191,0
BRDA:26,0,192,0
BRDA:26,0,193,0
BRDA:26,0,194,0
BRDA:26,0,195,0
BRDA:26,0,196,0
BRDA:26,0,197,0
BRDA:26,0,198,0
BRDA:26,0,199,0
BRDA:26,0,200,0
BRDA:26,0,201,0
BRDA:26,0,202,0
BRDA:26,0,203,0
BRDA:26,0,204,0
BRDA:26,0,205,0
BRDA:26,0,206,0
BRDA:26,0,207,0
BRDA:26,0,208,0
BRDA:26,0,209,0
BRDA:26,0,210,0
BRDA:26,0,211,0
BRDA:26,0,212,0
BRDA:26,0,213,0
BRDA:26,0,214,0
BRDA:26,0,215,0
BRDA:26,0,216,0
BRDA:26,0,217,0
BRDA:26,0,218,0
BRDA:26,0,219,0
BRDA:26,0,220,0
BRDA:26,0,221,0
BRDA:26,0,222,0
BRDA:26,0,223,0
BRDA:26,0,224,0
BRDA:26,0,225,0
BRDA:26,0,226,0
BRDA:26,0,227,0
BRDA:26,0,228,0
BRDA:26,0,229,0
BRDA:26,0,230,0
BRDA:26,0,231,0
BRDA:26,0,232,0
BRDA:26,0,233,0
BRDA:26,0,234,0
BRDA:26,0,235,0
BRDA:26,0,236,0
BRDA:26,0,237,0
BRDA:26,0,238,0
BRDA:26,0,239,0
BRDA:26,0,240,0
BRDA:26,0,241,0
BRDA:26,0,242,0
BRDA:26,0,243,0
BRDA:26,0,244,0
BRDA:26,0,245,0
BRDA:26,0,246,0
BRDA:26,0,247,0
BRDA:26,0,248,0
BRDA:26,0,249,0
BRDA:26,0,250,0
BRDA:26,0,251,0
BRDA:26,0,252,0
BRDA:26,0,253,0
BRDA:26,0,254,0
BRDA:26,0,255,0
DA:27,0
BRDA:27,0,0,0
BRDA:27,0,1,0
DA:28,1
BRDA:28,0,0,1
BRDA:28,0,1,0
DA:29,0
BRDA:29,0,0,0
BRDA:29,0,1,0
DA:32,0
BRDA:32,0,0,0
BRDA:32,0,1,0
BRDA:32,0,2,0
BRDA:32,0,3,0
BRDA:32,0,4,0
BRDA:32,0,5,0
BRDA:32,0,6,0
BRDA:32,0,7,0
BRDA:32,0,8,0
BRDA:32,0,9,0
BRDA:32,0,10,0
BRDA:32,0,11,0
BRDA:32,0,12,0
BRDA:32,0,13,0
BRDA:32,0,14,0
BRDA:32,0,15,0
BRDA:32,0,16,0
BRDA:32,0,17,0
BRDA:32,0,18,0
BRDA:32,0,19,0
BRDA:32,0,20,0
BRDA:32,0,21,0
BRDA:32,0,22,0
BRDA:32,0,23,0
BRDA:32,0,24,0
BRDA:32,0,25,0
BRDA:32,0,26,0
BRDA:32,0,27,0
BRDA:32,0,28,0
BRDA:32,0,29,0
BRDA:32,0,30,0
BRDA:32,0,31,0
BRDA:32,0,32,0
BRDA:32,0,33,0
BRDA:32,0,34,0
BRDA:32,0,35,0
BRDA:32,0,36,0
BRDA:32,0,37,0
BRDA:32,0,38,0
BRDA:32,0,39,0
BRDA:32,0,40,0
BRDA:32,0,41,0
BRDA:32,0,42,0
BRDA:32,0,43,0
BRDA:32,0,44,0
BRDA:32,0,45,0
BRDA:32,0,46,0
BRDA:32,0,47,0
BRDA:32,0,48,0
BRDA:32,0,49,0
BRDA:32,0,50,0
BRDA:32,0,51,0
BRDA:32,0,52,0
BRDA:32,0,53,0
BRDA:32,0,54,0
BRDA:32,0,55,0
BRDA:32,0,56,0
BRDA:32,0,57,0
BRDA:32,0,58,0
BRDA:32,0,59,0
BRDA:32,0,60,0
BRDA:32,0,61,0
BRDA:32,0,62,0
BRDA:32,0,63,0
BRDA:32,0,64,0
BRDA:32,0,65,0
BRDA:32,0,66,0
BRDA:32,0,67,0
BRDA:32,0,68,0
BRDA:32,0,69,0
BRDA:32,0,70,0
BRDA:32,0,71,0
BRDA:32,0,72,0
BRDA:32,0,73,0
BRDA:32,0,74,0
BRDA:32,0,75,0
BRDA:32,0,76,0
BRDA:32,0,77,0
BRDA:32,0,78,0
BRDA:32,0,79,0
BRDA:32,0,80,0
BRDA:32,0,81,0
BRDA:32,0,82,0
BRDA:32,0,83,0
BRDA:32,0,84,0
BRDA:32,0,85,0
BRDA:32,0,86,0
BRDA:32,0,87,0
BRDA:32,0,88,0
BRDA:32,0,89,0
BRDA:32,0,90,0
BRDA:32,0,91,0
BRDA:32,0,92,0
BRDA:32,0,93,0
BRDA:32,0,94,0
BRDA:32,0,95,0
BRDA:32,0,96,0
BRDA:32,0,97,0
BRDA:32,0,98,0
BRDA:32,0,99,0
BRDA:32,0,100,0
BRDA:32,0,101,0
BRDA:32,0,102,0
BRDA:32,0,103,0
BRDA:32,0,104,0
BRDA:32,0,105,0
BRDA:32,0,106,0
BRDA:32,0,107,0
BRDA:32,0,108,0
BRDA:32,0,109,0
BRDA:32,0,110,0
BRDA:32,0,111,0
BRDA:32,0,112,0
BRDA:32,0,113,0
BRDA:32,0,114,0
BRDA:32,0,115,0
BRDA:32,0,116,0
BRDA:32,0,117,0
BRDA:32,0,118,0
BRDA:32,0,119,0
BRDA:32,0,120,0
BRDA:32,0,121,0
BRDA:32,0,122,0
BRDA:32,0,123,0
BRDA:32,0,124,0
BRDA:32,0,125,0
BRDA:32,0,126,0
BRDA:32,0,127,0
BRDA:32,0,128,0
BRDA:32,0,129,0
BRDA:32,0,130,0
BRDA:32,0,131,0
BRDA:32,0,132,0
BRDA:32,0,133,0
BRDA:32,0,134,0
BRDA:32,0,135,0
BRDA:32,0,136,0
BRDA:32,0,137,0
BRDA:32,0,138,0
BRDA:32,0,139,0
BRDA:32,0,140,0
BRDA:32,0,141,0
BRDA:32,0,142,0
BRDA:32,0,143,0
BRDA:32,0,144,0
BRDA:32,0,145,0
BRDA:32,0,146,0
BRDA:32,0,147,0
BRDA:32,0,148,0
BRDA:32,0,149,0
BRDA:32,0,150,0
BRDA:32,0,151,0
BRDA:32,0,152,0
BRDA:32,0,153,0
BRDA:32,0,154,0
BRDA:32,0,155,0
BRDA:32,0,156,0
BRDA:32,0,157,0
BRDA:32,0,158,0
BRDA:32,0,159,0
BRDA:32,0,160,0
BRDA:32,0,161,0
BRDA:32,0,162,0
BRDA:32,0,163,0
BRDA:32,0,164,0
BRDA:32,0,165,0
BRDA:32,0,166,0
BRDA:32,0,167,0
BRDA:32,0,168,0
BRDA:32,0,169,0
BRDA:32,0,170,0
BRDA:32,0,171,0
BRDA:32,0,172,0
BRDA:32,0,173,0
BRDA:32,0,174,0
BRDA:32,0,175,0
BRDA:32,0,176,0
BRDA:32,0,177,0
BRDA:32,0,178,0
BRDA:32,0,179,0
BRDA:32,0,180,0
BRDA:32,0,181,0
BRDA:32,0,182,0
BRDA:32,0,183,0
BRDA:32,0,184,0
BRDA:32,0,185,0
BRDA:32,0,186,0
BRDA:32,0,187,0
BRDA:32,0,188,0
BRDA:32,0,189,0
BRDA:32,0,190,0
BRDA:32,0,191,0
BRDA:32,0,192,0
BRDA:32,0,193,0
BRDA:32,0,194,0
BRDA:32,0,195,0
BRDA:32,0,196,0
BRDA:32,0,197,0
BRDA:32,0,198,0
BRDA:32,0,199,0
BRDA:32,0,200,0
BRDA:32,0,201,0
BRDA:32,0,202,0
BRDA:32,0,203,0
BRDA:32,0,204,0
BRDA:32,0,205,0
BRDA:32,0,206,0
BRDA:32,0,207,0
BRDA:32,0,208,0
BRDA:32,0,209,0
BRDA:32,0,210,0
BRDA:32,0,211,0
BRDA:32,0,212,0
BRDA:32,0,213,0
BRDA:32,0,214,0
BRDA:32,0,215,0
BRDA:32,0,216,0
BRDA:32,0,217,0
BRDA:32,0,218,0
BRDA:32,0,219,0
BRDA:32,0,220,0
BRDA:32,0,221,0
BRDA:32,0,222,0
BRDA:32,0,223,0
BRDA:32,0,224,0
BRDA:32,0,225,0
BRDA:32,0,226,0
BRDA:32,0,227,0
BRDA:32,0,228,0
BRDA:32,0,229,0
BRDA:32,0,230,0
BRDA:32,0,231,0
BRDA:32,0,232,0
BRDA:32,0,233,0
BRDA:32,0,234,0
BRDA:32,0,235,0
BRDA:32,0,236,0
BRDA:32,0,237,0
BRDA:32,0,238,0
BRDA:32,0,239,0
BRDA:32,0,240,0
BRDA:32,0,241,0
BRDA:32,0,242,0
BRDA:32,0,243,0
BRDA:32,0,244,0
BRDA:32,0,245,0
BRDA:32,0,246,0
BRDA:32,0,247,0
BRDA:32,0,248,0
BRDA:32,0,249,0
BRDA:32,0,250,0
BRDA:32,0,251,0
BRDA:32,0,252,0
BRDA:32,0,253,0
BRDA:32,0,254,0
BRDA:32,0,255,0
DA:33,0
BRDA:33,0,0,0
BRDA:33,0,1,0
DA:34,0
BRDA:34,0,0,0
BRDA:34,0,1,0
DA:35,0
BRDA:35,0,0,0
BRDA:35,0,1,0
DA:38,0
BRDA:38,0,0,0
BRDA:38,0,1,0
DA:39,0
BRDA:39,0,0,0
BRDA:39,0,1,0
DA:40,0
BRDA:40,0,0,0
BRDA:40,0,1,0
DA:70,0
DA:73,1
DA:74,1
DA:75,1
DA:78,0
DA:79,0
DA:80,0
DA:81,0
DA:82,0
DA:83,0
DA:84,0
DA:85,0
DA:86,0
DA:87,0
DA:88,0
DA:89,0
DA:90,0
DA:91,0
DA:92,0
DA:97,0
DA:98,0
DA:99,0
DA:100,0
DA:101,0
DA:102,0
DA:103,0
DA:104,0
DA:105,0
DA:106,0
DA:107,0
DA:108,0
DA:109,0
DA:110,0
DA:115,0
DA:116,0
DA:117,0
DA:118,0
DA:119,0
DA:120,0
DA:121,0
DA:122,0
DA:123,0
DA:128,0
DA:129,0
DA:130,0
DA:131,0
DA:132,0
DA:133,0
DA:134,0
DA:139,0
DA:146,0
DA:148,0
DA:149,0
DA:150,0
DA:153,0
DA:156,0
DA:157,0
DA:158,0
DA:159,0
DA:160,0
DA:161,0
DA:162,0
DA:163,0
DA:166,0
BRDA:166,0,0,0
BRDA:166,0,1,0
DA:167,0
DA:168,0
DA:169,0
DA:170,0
DA:174,0
DA:177,0
DA:180,0
DA:183,0
DA:184,0
DA:185,0
DA:186,0
DA:187,0
DA:191,0
BRDA:191,0,0,0
BRDA:191,0,1,0
DA:194,0
DA:199,0
DA:200,0
DA:201,0
DA:202,0
DA:203,0
DA:204,0
DA:206,0
DA:207,0
DA:208,0
DA:211,0
DA:212,0
DA:213,0
DA:214,0
DA:215,0
DA:216,0
DA:217,0
DA:218,0
DA:219,0
DA:222,0
DA:223,0
DA:224,0
DA:227,0
DA:228,0
BRDA:228,0,0,0
BRDA:228,0,1,0
DA:229,0
DA:230,0
DA:231,0
DA:232,0
DA:233,0
DA:234,0
DA:238,0
DA:239,0
BRDA:239,0,0,0
BRDA:239,0,1,0
DA:240,0
DA:241,0
DA:242,0
DA:243,0
DA:244,0
DA:245,0
DA:249,0
DA:250,0
BRDA:250,0,0,0
BRDA:250,0,1,0
DA:251,0
DA:252,0
DA:253,0
DA:256,0
DA:257,0
DA:260,0
DA:261,0
DA:263,0
DA:267,0
DA:268,0
BRDA:268,0,0,0
BRDA:268,0,1,0
DA:269,0
DA:270,0
DA:271,0
DA:272,0
DA:273,0
DA:275,0
DA:278,0
DA:280,0
BRDA:280,0,0,0
BRDA:280,0,1,0
DA:281,0
DA:283,0
BRDA:283,0,0,0
BRDA:283,0,1,0
DA:284,0
DA:286,0
DA:289,0
DA:290,0
DA:291,0
DA:292,0
DA:293,0
DA:296,0
DA:297,0
DA:298,0
DA:299,0
DA:300,0
DA:302,0
DA:303,0
BRF:714
BRH:0
end_of_record
